[2023-03-10 16:01:53.461] [info] Loaded model subject17_scaled from file ..\data\HamnerDelp2013\subject17\rra\run5\cycle1\subject17_run5_cycle1_rraAdjusted.osim
[2023-03-10 16:01:53.519] [warning] ExternalLoads 'externalloads' has subcomponents with duplicate name 'externalforce'. The duplicate is being renamed to 'externalforce_0'.
[2023-03-10 16:01:53.563] [info] ExternalForce::externalforce Data source being set to Run_500 01_newCOP3_v24.mot
[2023-03-10 16:01:53.563] [info] ExternalForce::externalforce_0 Data source being set to Run_500 01_newCOP3_v24.mot
[2023-03-10 16:01:53.619] [info] ExternalForce::externalforce Data source being set to Run_500 01_newCOP3_v24.mot
[2023-03-10 16:01:53.619] [info] ExternalForce::externalforce_0 Data source being set to Run_500 01_newCOP3_v24.mot
[2023-03-10 16:01:53.662] [info] ExternalForce::externalforce Data source being set to Run_500 01_newCOP3_v24.mot
[2023-03-10 16:01:53.662] [info] ExternalForce::externalforce_0 Data source being set to Run_500 01_newCOP3_v24.mot
[2023-03-10 16:01:53.712] [info] ExternalForce::externalforce Data source being set to Run_500 01_newCOP3_v24.mot
[2023-03-10 16:01:53.712] [info] ExternalForce::externalforce_0 Data source being set to Run_500 01_newCOP3_v24.mot
[2023-03-10 16:04:48.996] [info] Loaded model subject17_scaled from file ..\data\HamnerDelp2013\subject17\rra\run5\cycle1\subject17_run5_cycle1_rraAdjusted.osim
[2023-03-10 16:04:49.051] [warning] ExternalLoads 'externalloads' has subcomponents with duplicate name 'externalforce'. The duplicate is being renamed to 'externalforce_0'.
[2023-03-10 16:04:49.100] [info] ExternalForce::externalforce Data source being set to Run_500 01_newCOP3_v24.mot
[2023-03-10 16:04:49.100] [info] ExternalForce::externalforce_0 Data source being set to Run_500 01_newCOP3_v24.mot
[2023-03-10 16:04:49.156] [info] ExternalForce::externalforce Data source being set to Run_500 01_newCOP3_v24.mot
[2023-03-10 16:04:49.156] [info] ExternalForce::externalforce_0 Data source being set to Run_500 01_newCOP3_v24.mot
[2023-03-10 16:04:49.199] [info] ExternalForce::externalforce Data source being set to Run_500 01_newCOP3_v24.mot
[2023-03-10 16:04:49.199] [info] ExternalForce::externalforce_0 Data source being set to Run_500 01_newCOP3_v24.mot
[2023-03-10 16:04:49.250] [info] ExternalForce::externalforce Data source being set to Run_500 01_newCOP3_v24.mot
[2023-03-10 16:04:49.250] [info] ExternalForce::externalforce_0 Data source being set to Run_500 01_newCOP3_v24.mot
[2023-03-10 16:05:59.052] [info] Loaded model subject17_scaled from file ..\data\HamnerDelp2013\subject17\rra\run5\cycle1\subject17_run5_cycle1_rraAdjusted.osim
[2023-03-10 16:05:59.106] [warning] ExternalLoads 'externalloads' has subcomponents with duplicate name 'externalforce'. The duplicate is being renamed to 'externalforce_0'.
[2023-03-10 16:05:59.151] [info] ExternalForce::externalforce Data source being set to Run_500 01_newCOP3_v24.mot
[2023-03-10 16:05:59.151] [info] ExternalForce::externalforce_0 Data source being set to Run_500 01_newCOP3_v24.mot
[2023-03-10 16:05:59.207] [info] ExternalForce::externalforce Data source being set to Run_500 01_newCOP3_v24.mot
[2023-03-10 16:05:59.207] [info] ExternalForce::externalforce_0 Data source being set to Run_500 01_newCOP3_v24.mot
[2023-03-10 16:05:59.251] [info] ExternalForce::externalforce Data source being set to Run_500 01_newCOP3_v24.mot
[2023-03-10 16:05:59.251] [info] ExternalForce::externalforce_0 Data source being set to Run_500 01_newCOP3_v24.mot
[2023-03-10 16:05:59.300] [info] ExternalForce::externalforce Data source being set to Run_500 01_newCOP3_v24.mot
[2023-03-10 16:05:59.300] [info] ExternalForce::externalforce_0 Data source being set to Run_500 01_newCOP3_v24.mot
[2023-03-10 16:06:24.922] [info] ExternalForce::externalforce Data source being set to Run_500 01_newCOP3_v24.mot
[2023-03-10 16:06:24.922] [info] ExternalForce::externalforce_0 Data source being set to Run_500 01_newCOP3_v24.mot
[2023-03-10 16:06:25.001] [info] ExternalForce::externalforce Data source being set to Run_500 01_newCOP3_v24.mot
[2023-03-10 16:06:25.001] [info] ExternalForce::externalforce_0 Data source being set to Run_500 01_newCOP3_v24.mot
[2023-03-10 16:06:25.005] [warning] Coordinate.setValue:  coordinate subtalar_angle_r is locked. Unable to change its value.
[2023-03-10 16:06:25.005] [warning] Coordinate.setValue:  coordinate mtp_angle_r is locked. Unable to change its value.
[2023-03-10 16:06:25.005] [warning] Coordinate.setValue:  coordinate subtalar_angle_l is locked. Unable to change its value.
[2023-03-10 16:06:25.005] [warning] Coordinate.setValue:  coordinate mtp_angle_l is locked. Unable to change its value.
[2023-03-10 16:06:25.005] [warning] Coordinate.setValue:  coordinate wrist_flex_r is locked. Unable to change its value.
[2023-03-10 16:06:25.005] [warning] Coordinate.setValue:  coordinate wrist_dev_r is locked. Unable to change its value.
[2023-03-10 16:06:25.005] [warning] Coordinate.setValue:  coordinate wrist_flex_l is locked. Unable to change its value.
[2023-03-10 16:06:25.005] [warning] Coordinate.setValue:  coordinate wrist_dev_l is locked. Unable to change its value.
[2023-03-10 16:06:25.461] [info] ExternalForce::externalforce Data source being set to Run_500 01_newCOP3_v24.mot
[2023-03-10 16:06:25.461] [info] ExternalForce::externalforce_0 Data source being set to Run_500 01_newCOP3_v24.mot
[2023-03-10 16:08:00.181] [info] Loaded model subject17_scaled from file ..\data\HamnerDelp2013\subject17\rra\run5\cycle1\subject17_run5_cycle1_rraAdjusted.osim
[2023-03-10 16:08:00.239] [warning] ExternalLoads 'externalloads' has subcomponents with duplicate name 'externalforce'. The duplicate is being renamed to 'externalforce_0'.
[2023-03-10 16:08:00.291] [info] ExternalForce::externalforce Data source being set to Run_500 01_newCOP3_v24.mot
[2023-03-10 16:08:00.291] [info] ExternalForce::externalforce_0 Data source being set to Run_500 01_newCOP3_v24.mot
[2023-03-10 16:08:00.345] [info] ExternalForce::externalforce Data source being set to Run_500 01_newCOP3_v24.mot
[2023-03-10 16:08:00.345] [info] ExternalForce::externalforce_0 Data source being set to Run_500 01_newCOP3_v24.mot
[2023-03-10 16:08:00.386] [info] ExternalForce::externalforce Data source being set to Run_500 01_newCOP3_v24.mot
[2023-03-10 16:08:00.386] [info] ExternalForce::externalforce_0 Data source being set to Run_500 01_newCOP3_v24.mot
[2023-03-10 16:08:00.434] [info] ExternalForce::externalforce Data source being set to Run_500 01_newCOP3_v24.mot
[2023-03-10 16:08:00.434] [info] ExternalForce::externalforce_0 Data source being set to Run_500 01_newCOP3_v24.mot
[2023-03-10 16:08:44.386] [info] ExternalForce::externalforce Data source being set to Run_500 01_newCOP3_v24.mot
[2023-03-10 16:08:44.386] [info] ExternalForce::externalforce_0 Data source being set to Run_500 01_newCOP3_v24.mot
[2023-03-10 16:08:44.465] [info] ExternalForce::externalforce Data source being set to Run_500 01_newCOP3_v24.mot
[2023-03-10 16:08:44.465] [info] ExternalForce::externalforce_0 Data source being set to Run_500 01_newCOP3_v24.mot
[2023-03-10 16:08:44.468] [warning] Coordinate.setValue:  coordinate subtalar_angle_r is locked. Unable to change its value.
[2023-03-10 16:08:44.468] [warning] Coordinate.setValue:  coordinate mtp_angle_r is locked. Unable to change its value.
[2023-03-10 16:08:44.468] [warning] Coordinate.setValue:  coordinate subtalar_angle_l is locked. Unable to change its value.
[2023-03-10 16:08:44.468] [warning] Coordinate.setValue:  coordinate mtp_angle_l is locked. Unable to change its value.
[2023-03-10 16:08:44.468] [warning] Coordinate.setValue:  coordinate wrist_flex_r is locked. Unable to change its value.
[2023-03-10 16:08:44.468] [warning] Coordinate.setValue:  coordinate wrist_dev_r is locked. Unable to change its value.
[2023-03-10 16:08:44.468] [warning] Coordinate.setValue:  coordinate wrist_flex_l is locked. Unable to change its value.
[2023-03-10 16:08:44.468] [warning] Coordinate.setValue:  coordinate wrist_dev_l is locked. Unable to change its value.
[2023-03-10 16:08:44.888] [info] ExternalForce::externalforce Data source being set to Run_500 01_newCOP3_v24.mot
[2023-03-10 16:08:44.889] [info] ExternalForce::externalforce_0 Data source being set to Run_500 01_newCOP3_v24.mot
[2023-03-16 15:20:29.558] [info] Loaded model subject01_scaled from file ..\data\HamnerDelp2013\subject01\rra\run5\cycle1\subject01_run5_cycle1_rraAdjusted.osim
[2023-03-16 15:21:18.229] [info] Loaded model subject01_scaled from file ..\data\HamnerDelp2013\subject01\rra\run5\cycle1\subject01_run5_cycle1_rraAdjusted.osim
[2023-03-16 15:21:18.918] [info] Loaded model subject01_scaled from file ..\data\HamnerDelp2013\subject01\model\subject01_adjusted_scaled.osim
[2023-03-16 15:24:57.611] [info] Loaded model subject01_scaled from file ..\data\HamnerDelp2013\subject01\rra\run5\cycle1\subject01_run5_cycle1_rraAdjusted.osim
[2023-03-16 15:24:57.665] [info] Loaded model subject01_scaled from file ..\data\HamnerDelp2013\subject01\model\subject01_adjusted_scaled.osim
[2023-03-16 15:24:57.719] [info] Loaded model subject01_scaled from file ..\data\HamnerDelp2013\subject01\rra\run5\cycle1\subject01_run5_cycle1_rraAdjusted.osim
[2023-03-16 15:24:57.769] [info] Loaded model subject01_scaled from file ..\data\HamnerDelp2013\subject01\model\subject01_adjusted_scaled.osim
[2023-03-16 15:24:57.819] [info] Loaded model subject01_scaled from file ..\data\HamnerDelp2013\subject01\rra\run5\cycle1\subject01_run5_cycle1_rraAdjusted.osim
[2023-03-16 15:24:57.867] [info] Loaded model subject01_scaled from file ..\data\HamnerDelp2013\subject01\model\subject01_adjusted_scaled.osim
[2023-03-16 15:24:57.915] [info] Loaded model subject01_scaled from file ..\data\HamnerDelp2013\subject01\rra\run5\cycle1\subject01_run5_cycle1_rraAdjusted.osim
[2023-03-16 15:24:57.965] [info] Loaded model subject01_scaled from file ..\data\HamnerDelp2013\subject01\model\subject01_adjusted_scaled.osim
[2023-03-16 15:24:58.017] [info] Loaded model subject01_scaled from file ..\data\HamnerDelp2013\subject01\rra\run5\cycle1\subject01_run5_cycle1_rraAdjusted.osim
[2023-03-16 15:24:58.069] [info] Loaded model subject01_scaled from file ..\data\HamnerDelp2013\subject01\model\subject01_adjusted_scaled.osim
[2023-03-16 15:24:58.121] [info] Loaded model subject01_scaled from file ..\data\HamnerDelp2013\subject01\rra\run5\cycle1\subject01_run5_cycle1_rraAdjusted.osim
[2023-03-16 15:24:58.172] [info] Loaded model subject01_scaled from file ..\data\HamnerDelp2013\subject01\model\subject01_adjusted_scaled.osim
[2023-03-16 15:24:58.282] [info] Loaded model subject01_scaled from file ..\data\HamnerDelp2013\subject01\rra\run5\cycle2\subject01_run5_cycle2_rraAdjusted.osim
[2023-03-16 15:24:58.335] [info] Loaded model subject01_scaled from file ..\data\HamnerDelp2013\subject01\model\subject01_adjusted_scaled.osim
[2023-03-16 15:24:58.386] [info] Loaded model subject01_scaled from file ..\data\HamnerDelp2013\subject01\rra\run5\cycle2\subject01_run5_cycle2_rraAdjusted.osim
[2023-03-16 15:24:58.438] [info] Loaded model subject01_scaled from file ..\data\HamnerDelp2013\subject01\model\subject01_adjusted_scaled.osim
[2023-03-16 15:24:58.490] [info] Loaded model subject01_scaled from file ..\data\HamnerDelp2013\subject01\rra\run5\cycle2\subject01_run5_cycle2_rraAdjusted.osim
[2023-03-16 15:24:58.548] [info] Loaded model subject01_scaled from file ..\data\HamnerDelp2013\subject01\model\subject01_adjusted_scaled.osim
[2023-03-16 15:24:58.603] [info] Loaded model subject01_scaled from file ..\data\HamnerDelp2013\subject01\rra\run5\cycle2\subject01_run5_cycle2_rraAdjusted.osim
[2023-03-16 15:24:58.655] [info] Loaded model subject01_scaled from file ..\data\HamnerDelp2013\subject01\model\subject01_adjusted_scaled.osim
[2023-03-16 15:24:58.708] [info] Loaded model subject01_scaled from file ..\data\HamnerDelp2013\subject01\rra\run5\cycle2\subject01_run5_cycle2_rraAdjusted.osim
[2023-03-16 15:24:58.761] [info] Loaded model subject01_scaled from file ..\data\HamnerDelp2013\subject01\model\subject01_adjusted_scaled.osim
[2023-03-16 15:24:58.814] [info] Loaded model subject01_scaled from file ..\data\HamnerDelp2013\subject01\rra\run5\cycle2\subject01_run5_cycle2_rraAdjusted.osim
[2023-03-16 15:24:58.881] [info] Loaded model subject01_scaled from file ..\data\HamnerDelp2013\subject01\model\subject01_adjusted_scaled.osim
[2023-03-16 15:24:58.975] [info] Loaded model subject01_scaled from file ..\data\HamnerDelp2013\subject01\rra\run5\cycle3\subject01_run5_cycle3_rraAdjusted.osim
[2023-03-16 15:24:59.024] [info] Loaded model subject01_scaled from file ..\data\HamnerDelp2013\subject01\model\subject01_adjusted_scaled.osim
[2023-03-16 15:24:59.073] [info] Loaded model subject01_scaled from file ..\data\HamnerDelp2013\subject01\rra\run5\cycle3\subject01_run5_cycle3_rraAdjusted.osim
[2023-03-16 15:24:59.123] [info] Loaded model subject01_scaled from file ..\data\HamnerDelp2013\subject01\model\subject01_adjusted_scaled.osim
[2023-03-16 15:24:59.176] [info] Loaded model subject01_scaled from file ..\data\HamnerDelp2013\subject01\rra\run5\cycle3\subject01_run5_cycle3_rraAdjusted.osim
[2023-03-16 15:24:59.229] [info] Loaded model subject01_scaled from file ..\data\HamnerDelp2013\subject01\model\subject01_adjusted_scaled.osim
[2023-03-16 15:24:59.284] [info] Loaded model subject01_scaled from file ..\data\HamnerDelp2013\subject01\rra\run5\cycle3\subject01_run5_cycle3_rraAdjusted.osim
[2023-03-16 15:24:59.338] [info] Loaded model subject01_scaled from file ..\data\HamnerDelp2013\subject01\model\subject01_adjusted_scaled.osim
[2023-03-16 15:24:59.397] [info] Loaded model subject01_scaled from file ..\data\HamnerDelp2013\subject01\rra\run5\cycle3\subject01_run5_cycle3_rraAdjusted.osim
[2023-03-16 15:24:59.468] [info] Loaded model subject01_scaled from file ..\data\HamnerDelp2013\subject01\model\subject01_adjusted_scaled.osim
[2023-03-16 15:24:59.526] [info] Loaded model subject01_scaled from file ..\data\HamnerDelp2013\subject01\rra\run5\cycle3\subject01_run5_cycle3_rraAdjusted.osim
[2023-03-16 15:24:59.584] [info] Loaded model subject01_scaled from file ..\data\HamnerDelp2013\subject01\model\subject01_adjusted_scaled.osim
[2023-03-17 10:34:59.084] [info] Loaded model subject01_scaled from file ..\data\HamnerDelp2013\subject01\rra\run5\cycle1\subject01_run5_cycle1_rraAdjusted.osim
[2023-03-17 10:34:59.863] [info] Loaded model subject01_scaled from file ..\data\HamnerDelp2013\subject01\model\subject01_adjusted_scaled.osim
[2023-03-17 10:34:59.914] [info] Loaded model subject01_scaled from file ..\data\HamnerDelp2013\subject01\rra\run5\cycle1\subject01_run5_cycle1_rraAdjusted.osim
[2023-03-17 10:34:59.967] [info] Loaded model subject01_scaled from file ..\data\HamnerDelp2013\subject01\model\subject01_adjusted_scaled.osim
[2023-03-17 10:35:00.026] [info] Loaded model subject01_scaled from file ..\data\HamnerDelp2013\subject01\rra\run5\cycle1\subject01_run5_cycle1_rraAdjusted.osim
[2023-03-17 10:35:00.081] [info] Loaded model subject01_scaled from file ..\data\HamnerDelp2013\subject01\model\subject01_adjusted_scaled.osim
[2023-03-17 10:35:00.138] [info] Loaded model subject01_scaled from file ..\data\HamnerDelp2013\subject01\rra\run5\cycle1\subject01_run5_cycle1_rraAdjusted.osim
[2023-03-17 10:35:00.210] [info] Loaded model subject01_scaled from file ..\data\HamnerDelp2013\subject01\model\subject01_adjusted_scaled.osim
[2023-03-17 10:35:00.269] [info] Loaded model subject01_scaled from file ..\data\HamnerDelp2013\subject01\rra\run5\cycle1\subject01_run5_cycle1_rraAdjusted.osim
[2023-03-17 10:35:00.320] [info] Loaded model subject01_scaled from file ..\data\HamnerDelp2013\subject01\model\subject01_adjusted_scaled.osim
[2023-03-17 10:35:00.379] [info] Loaded model subject01_scaled from file ..\data\HamnerDelp2013\subject01\rra\run5\cycle1\subject01_run5_cycle1_rraAdjusted.osim
[2023-03-17 10:35:00.435] [info] Loaded model subject01_scaled from file ..\data\HamnerDelp2013\subject01\model\subject01_adjusted_scaled.osim
[2023-03-17 10:35:00.537] [info] Loaded model subject01_scaled from file ..\data\HamnerDelp2013\subject01\rra\run5\cycle2\subject01_run5_cycle2_rraAdjusted.osim
[2023-03-17 10:35:00.593] [info] Loaded model subject01_scaled from file ..\data\HamnerDelp2013\subject01\model\subject01_adjusted_scaled.osim
[2023-03-17 10:35:00.652] [info] Loaded model subject01_scaled from file ..\data\HamnerDelp2013\subject01\rra\run5\cycle2\subject01_run5_cycle2_rraAdjusted.osim
[2023-03-17 10:35:00.707] [info] Loaded model subject01_scaled from file ..\data\HamnerDelp2013\subject01\model\subject01_adjusted_scaled.osim
[2023-03-17 10:35:00.766] [info] Loaded model subject01_scaled from file ..\data\HamnerDelp2013\subject01\rra\run5\cycle2\subject01_run5_cycle2_rraAdjusted.osim
[2023-03-17 10:35:00.833] [info] Loaded model subject01_scaled from file ..\data\HamnerDelp2013\subject01\model\subject01_adjusted_scaled.osim
[2023-03-17 10:35:00.889] [info] Loaded model subject01_scaled from file ..\data\HamnerDelp2013\subject01\rra\run5\cycle2\subject01_run5_cycle2_rraAdjusted.osim
[2023-03-17 10:35:00.941] [info] Loaded model subject01_scaled from file ..\data\HamnerDelp2013\subject01\model\subject01_adjusted_scaled.osim
[2023-03-17 10:35:00.999] [info] Loaded model subject01_scaled from file ..\data\HamnerDelp2013\subject01\rra\run5\cycle2\subject01_run5_cycle2_rraAdjusted.osim
[2023-03-17 10:35:01.056] [info] Loaded model subject01_scaled from file ..\data\HamnerDelp2013\subject01\model\subject01_adjusted_scaled.osim
[2023-03-17 10:35:01.111] [info] Loaded model subject01_scaled from file ..\data\HamnerDelp2013\subject01\rra\run5\cycle2\subject01_run5_cycle2_rraAdjusted.osim
[2023-03-17 10:35:01.164] [info] Loaded model subject01_scaled from file ..\data\HamnerDelp2013\subject01\model\subject01_adjusted_scaled.osim
[2023-03-17 10:35:01.271] [info] Loaded model subject01_scaled from file ..\data\HamnerDelp2013\subject01\rra\run5\cycle3\subject01_run5_cycle3_rraAdjusted.osim
[2023-03-17 10:35:01.334] [info] Loaded model subject01_scaled from file ..\data\HamnerDelp2013\subject01\model\subject01_adjusted_scaled.osim
[2023-03-17 10:35:01.401] [info] Loaded model subject01_scaled from file ..\data\HamnerDelp2013\subject01\rra\run5\cycle3\subject01_run5_cycle3_rraAdjusted.osim
[2023-03-17 10:35:01.459] [info] Loaded model subject01_scaled from file ..\data\HamnerDelp2013\subject01\model\subject01_adjusted_scaled.osim
[2023-03-17 10:35:01.512] [info] Loaded model subject01_scaled from file ..\data\HamnerDelp2013\subject01\rra\run5\cycle3\subject01_run5_cycle3_rraAdjusted.osim
[2023-03-17 10:35:01.565] [info] Loaded model subject01_scaled from file ..\data\HamnerDelp2013\subject01\model\subject01_adjusted_scaled.osim
[2023-03-17 10:35:01.627] [info] Loaded model subject01_scaled from file ..\data\HamnerDelp2013\subject01\rra\run5\cycle3\subject01_run5_cycle3_rraAdjusted.osim
[2023-03-17 10:35:01.681] [info] Loaded model subject01_scaled from file ..\data\HamnerDelp2013\subject01\model\subject01_adjusted_scaled.osim
[2023-03-17 10:35:01.736] [info] Loaded model subject01_scaled from file ..\data\HamnerDelp2013\subject01\rra\run5\cycle3\subject01_run5_cycle3_rraAdjusted.osim
[2023-03-17 10:35:01.796] [info] Loaded model subject01_scaled from file ..\data\HamnerDelp2013\subject01\model\subject01_adjusted_scaled.osim
[2023-03-17 10:35:01.854] [info] Loaded model subject01_scaled from file ..\data\HamnerDelp2013\subject01\rra\run5\cycle3\subject01_run5_cycle3_rraAdjusted.osim
[2023-03-17 10:35:01.914] [info] Loaded model subject01_scaled from file ..\data\HamnerDelp2013\subject01\model\subject01_adjusted_scaled.osim
[2023-03-17 10:35:04.247] [info] Loaded model subject02_scaled from file ..\data\HamnerDelp2013\subject02\rra\run5\cycle1\subject02_run5_cycle1_rraAdjusted.osim
[2023-03-17 10:35:04.322] [info] Loaded model subject02_scaled from file ..\data\HamnerDelp2013\subject02\model\subject02_adjusted_scaled.osim
[2023-03-17 10:35:04.396] [info] Loaded model subject02_scaled from file ..\data\HamnerDelp2013\subject02\rra\run5\cycle1\subject02_run5_cycle1_rraAdjusted.osim
[2023-03-17 10:35:04.453] [info] Loaded model subject02_scaled from file ..\data\HamnerDelp2013\subject02\model\subject02_adjusted_scaled.osim
[2023-03-17 10:35:04.523] [info] Loaded model subject02_scaled from file ..\data\HamnerDelp2013\subject02\rra\run5\cycle1\subject02_run5_cycle1_rraAdjusted.osim
[2023-03-17 10:35:04.588] [info] Loaded model subject02_scaled from file ..\data\HamnerDelp2013\subject02\model\subject02_adjusted_scaled.osim
[2023-03-17 10:35:04.651] [info] Loaded model subject02_scaled from file ..\data\HamnerDelp2013\subject02\rra\run5\cycle1\subject02_run5_cycle1_rraAdjusted.osim
[2023-03-17 10:35:04.717] [info] Loaded model subject02_scaled from file ..\data\HamnerDelp2013\subject02\model\subject02_adjusted_scaled.osim
[2023-03-17 10:35:04.784] [info] Loaded model subject02_scaled from file ..\data\HamnerDelp2013\subject02\rra\run5\cycle1\subject02_run5_cycle1_rraAdjusted.osim
[2023-03-17 10:35:04.857] [info] Loaded model subject02_scaled from file ..\data\HamnerDelp2013\subject02\model\subject02_adjusted_scaled.osim
[2023-03-17 10:35:04.930] [info] Loaded model subject02_scaled from file ..\data\HamnerDelp2013\subject02\rra\run5\cycle1\subject02_run5_cycle1_rraAdjusted.osim
[2023-03-17 10:35:04.998] [info] Loaded model subject02_scaled from file ..\data\HamnerDelp2013\subject02\model\subject02_adjusted_scaled.osim
[2023-03-17 10:35:05.107] [info] Loaded model subject02_scaled from file ..\data\HamnerDelp2013\subject02\rra\run5\cycle2\subject02_run5_cycle2_rraAdjusted.osim
[2023-03-17 10:35:05.173] [info] Loaded model subject02_scaled from file ..\data\HamnerDelp2013\subject02\model\subject02_adjusted_scaled.osim
[2023-03-17 10:35:05.241] [info] Loaded model subject02_scaled from file ..\data\HamnerDelp2013\subject02\rra\run5\cycle2\subject02_run5_cycle2_rraAdjusted.osim
[2023-03-17 10:35:05.306] [info] Loaded model subject02_scaled from file ..\data\HamnerDelp2013\subject02\model\subject02_adjusted_scaled.osim
[2023-03-17 10:35:05.368] [info] Loaded model subject02_scaled from file ..\data\HamnerDelp2013\subject02\rra\run5\cycle2\subject02_run5_cycle2_rraAdjusted.osim
[2023-03-17 10:35:05.426] [info] Loaded model subject02_scaled from file ..\data\HamnerDelp2013\subject02\model\subject02_adjusted_scaled.osim
[2023-03-17 10:35:05.484] [info] Loaded model subject02_scaled from file ..\data\HamnerDelp2013\subject02\rra\run5\cycle2\subject02_run5_cycle2_rraAdjusted.osim
[2023-03-17 10:35:05.547] [info] Loaded model subject02_scaled from file ..\data\HamnerDelp2013\subject02\model\subject02_adjusted_scaled.osim
[2023-03-17 10:35:05.607] [info] Loaded model subject02_scaled from file ..\data\HamnerDelp2013\subject02\rra\run5\cycle2\subject02_run5_cycle2_rraAdjusted.osim
[2023-03-17 10:35:05.663] [info] Loaded model subject02_scaled from file ..\data\HamnerDelp2013\subject02\model\subject02_adjusted_scaled.osim
[2023-03-17 10:35:05.724] [info] Loaded model subject02_scaled from file ..\data\HamnerDelp2013\subject02\rra\run5\cycle2\subject02_run5_cycle2_rraAdjusted.osim
[2023-03-17 10:35:05.789] [info] Loaded model subject02_scaled from file ..\data\HamnerDelp2013\subject02\model\subject02_adjusted_scaled.osim
[2023-03-17 10:35:05.905] [info] Loaded model subject02_scaled from file ..\data\HamnerDelp2013\subject02\rra\run5\cycle3\subject02_run5_cycle3_rraAdjusted.osim
[2023-03-17 10:35:05.967] [info] Loaded model subject02_scaled from file ..\data\HamnerDelp2013\subject02\model\subject02_adjusted_scaled.osim
[2023-03-17 10:35:06.035] [info] Loaded model subject02_scaled from file ..\data\HamnerDelp2013\subject02\rra\run5\cycle3\subject02_run5_cycle3_rraAdjusted.osim
[2023-03-17 10:35:06.097] [info] Loaded model subject02_scaled from file ..\data\HamnerDelp2013\subject02\model\subject02_adjusted_scaled.osim
[2023-03-17 10:35:06.164] [info] Loaded model subject02_scaled from file ..\data\HamnerDelp2013\subject02\rra\run5\cycle3\subject02_run5_cycle3_rraAdjusted.osim
[2023-03-17 10:35:06.225] [info] Loaded model subject02_scaled from file ..\data\HamnerDelp2013\subject02\model\subject02_adjusted_scaled.osim
[2023-03-17 10:35:06.288] [info] Loaded model subject02_scaled from file ..\data\HamnerDelp2013\subject02\rra\run5\cycle3\subject02_run5_cycle3_rraAdjusted.osim
[2023-03-17 10:35:06.353] [info] Loaded model subject02_scaled from file ..\data\HamnerDelp2013\subject02\model\subject02_adjusted_scaled.osim
[2023-03-17 10:35:06.415] [info] Loaded model subject02_scaled from file ..\data\HamnerDelp2013\subject02\rra\run5\cycle3\subject02_run5_cycle3_rraAdjusted.osim
[2023-03-17 10:35:06.494] [info] Loaded model subject02_scaled from file ..\data\HamnerDelp2013\subject02\model\subject02_adjusted_scaled.osim
[2023-03-17 10:35:06.597] [info] Loaded model subject02_scaled from file ..\data\HamnerDelp2013\subject02\rra\run5\cycle3\subject02_run5_cycle3_rraAdjusted.osim
[2023-03-17 10:35:06.674] [info] Loaded model subject02_scaled from file ..\data\HamnerDelp2013\subject02\model\subject02_adjusted_scaled.osim
[2023-03-17 10:35:09.173] [info] Loaded model subject03_scaled from file ..\data\HamnerDelp2013\subject03\rra\run5\cycle1\subject03_run5_cycle1_rraAdjusted.osim
[2023-03-17 10:35:09.261] [info] Loaded model subject03_scaled from file ..\data\HamnerDelp2013\subject03\model\subject03_adjusted_scaled.osim
[2023-03-17 10:35:09.322] [info] Loaded model subject03_scaled from file ..\data\HamnerDelp2013\subject03\rra\run5\cycle1\subject03_run5_cycle1_rraAdjusted.osim
[2023-03-17 10:35:09.383] [info] Loaded model subject03_scaled from file ..\data\HamnerDelp2013\subject03\model\subject03_adjusted_scaled.osim
[2023-03-17 10:35:09.440] [info] Loaded model subject03_scaled from file ..\data\HamnerDelp2013\subject03\rra\run5\cycle1\subject03_run5_cycle1_rraAdjusted.osim
[2023-03-17 10:35:09.497] [info] Loaded model subject03_scaled from file ..\data\HamnerDelp2013\subject03\model\subject03_adjusted_scaled.osim
[2023-03-17 10:35:09.560] [info] Loaded model subject03_scaled from file ..\data\HamnerDelp2013\subject03\rra\run5\cycle1\subject03_run5_cycle1_rraAdjusted.osim
[2023-03-17 10:35:09.626] [info] Loaded model subject03_scaled from file ..\data\HamnerDelp2013\subject03\model\subject03_adjusted_scaled.osim
[2023-03-17 10:35:09.693] [info] Loaded model subject03_scaled from file ..\data\HamnerDelp2013\subject03\rra\run5\cycle1\subject03_run5_cycle1_rraAdjusted.osim
[2023-03-17 10:35:09.781] [info] Loaded model subject03_scaled from file ..\data\HamnerDelp2013\subject03\model\subject03_adjusted_scaled.osim
[2023-03-17 10:35:09.870] [info] Loaded model subject03_scaled from file ..\data\HamnerDelp2013\subject03\rra\run5\cycle1\subject03_run5_cycle1_rraAdjusted.osim
[2023-03-17 10:35:09.953] [info] Loaded model subject03_scaled from file ..\data\HamnerDelp2013\subject03\model\subject03_adjusted_scaled.osim
[2023-03-17 10:35:10.080] [info] Loaded model subject03_scaled from file ..\data\HamnerDelp2013\subject03\rra\run5\cycle2\subject03_run5_cycle2_rraAdjusted.osim
[2023-03-17 10:35:10.161] [info] Loaded model subject03_scaled from file ..\data\HamnerDelp2013\subject03\model\subject03_adjusted_scaled.osim
[2023-03-17 10:35:10.273] [info] Loaded model subject03_scaled from file ..\data\HamnerDelp2013\subject03\rra\run5\cycle2\subject03_run5_cycle2_rraAdjusted.osim
[2023-03-17 10:35:10.385] [info] Loaded model subject03_scaled from file ..\data\HamnerDelp2013\subject03\model\subject03_adjusted_scaled.osim
[2023-03-17 10:35:10.497] [info] Loaded model subject03_scaled from file ..\data\HamnerDelp2013\subject03\rra\run5\cycle2\subject03_run5_cycle2_rraAdjusted.osim
[2023-03-17 10:35:10.597] [info] Loaded model subject03_scaled from file ..\data\HamnerDelp2013\subject03\model\subject03_adjusted_scaled.osim
[2023-03-17 10:35:10.664] [info] Loaded model subject03_scaled from file ..\data\HamnerDelp2013\subject03\rra\run5\cycle2\subject03_run5_cycle2_rraAdjusted.osim
[2023-03-17 10:35:10.751] [info] Loaded model subject03_scaled from file ..\data\HamnerDelp2013\subject03\model\subject03_adjusted_scaled.osim
[2023-03-17 10:35:10.839] [info] Loaded model subject03_scaled from file ..\data\HamnerDelp2013\subject03\rra\run5\cycle2\subject03_run5_cycle2_rraAdjusted.osim
[2023-03-17 10:35:10.940] [info] Loaded model subject03_scaled from file ..\data\HamnerDelp2013\subject03\model\subject03_adjusted_scaled.osim
[2023-03-17 10:35:11.022] [info] Loaded model subject03_scaled from file ..\data\HamnerDelp2013\subject03\rra\run5\cycle2\subject03_run5_cycle2_rraAdjusted.osim
[2023-03-17 10:35:11.093] [info] Loaded model subject03_scaled from file ..\data\HamnerDelp2013\subject03\model\subject03_adjusted_scaled.osim
[2023-03-17 10:35:11.230] [info] Loaded model subject03_scaled from file ..\data\HamnerDelp2013\subject03\rra\run5\cycle3\subject03_run5_cycle3_rraAdjusted.osim
[2023-03-17 10:35:11.306] [info] Loaded model subject03_scaled from file ..\data\HamnerDelp2013\subject03\model\subject03_adjusted_scaled.osim
[2023-03-17 10:35:11.389] [info] Loaded model subject03_scaled from file ..\data\HamnerDelp2013\subject03\rra\run5\cycle3\subject03_run5_cycle3_rraAdjusted.osim
[2023-03-17 10:35:11.485] [info] Loaded model subject03_scaled from file ..\data\HamnerDelp2013\subject03\model\subject03_adjusted_scaled.osim
[2023-03-17 10:35:11.567] [info] Loaded model subject03_scaled from file ..\data\HamnerDelp2013\subject03\rra\run5\cycle3\subject03_run5_cycle3_rraAdjusted.osim
[2023-03-17 10:35:11.644] [info] Loaded model subject03_scaled from file ..\data\HamnerDelp2013\subject03\model\subject03_adjusted_scaled.osim
[2023-03-17 10:35:11.733] [info] Loaded model subject03_scaled from file ..\data\HamnerDelp2013\subject03\rra\run5\cycle3\subject03_run5_cycle3_rraAdjusted.osim
[2023-03-17 10:35:11.803] [info] Loaded model subject03_scaled from file ..\data\HamnerDelp2013\subject03\model\subject03_adjusted_scaled.osim
[2023-03-17 10:35:11.869] [info] Loaded model subject03_scaled from file ..\data\HamnerDelp2013\subject03\rra\run5\cycle3\subject03_run5_cycle3_rraAdjusted.osim
[2023-03-17 10:35:11.947] [info] Loaded model subject03_scaled from file ..\data\HamnerDelp2013\subject03\model\subject03_adjusted_scaled.osim
[2023-03-17 10:35:12.028] [info] Loaded model subject03_scaled from file ..\data\HamnerDelp2013\subject03\rra\run5\cycle3\subject03_run5_cycle3_rraAdjusted.osim
[2023-03-17 10:35:12.141] [info] Loaded model subject03_scaled from file ..\data\HamnerDelp2013\subject03\model\subject03_adjusted_scaled.osim
[2023-03-17 10:35:14.515] [info] Loaded model subject04_scaled from file ..\data\HamnerDelp2013\subject04\rra\run5\cycle1\subject04_run5_cycle1_rraAdjusted.osim
[2023-03-17 10:35:14.596] [info] Loaded model subject04_scaled from file ..\data\HamnerDelp2013\subject04\model\subject04_adjusted_scaled.osim
[2023-03-17 10:35:14.663] [info] Loaded model subject04_scaled from file ..\data\HamnerDelp2013\subject04\rra\run5\cycle1\subject04_run5_cycle1_rraAdjusted.osim
[2023-03-17 10:35:14.752] [info] Loaded model subject04_scaled from file ..\data\HamnerDelp2013\subject04\model\subject04_adjusted_scaled.osim
[2023-03-17 10:35:14.813] [info] Loaded model subject04_scaled from file ..\data\HamnerDelp2013\subject04\rra\run5\cycle1\subject04_run5_cycle1_rraAdjusted.osim
[2023-03-17 10:35:14.872] [info] Loaded model subject04_scaled from file ..\data\HamnerDelp2013\subject04\model\subject04_adjusted_scaled.osim
[2023-03-17 10:35:14.932] [info] Loaded model subject04_scaled from file ..\data\HamnerDelp2013\subject04\rra\run5\cycle1\subject04_run5_cycle1_rraAdjusted.osim
[2023-03-17 10:35:14.995] [info] Loaded model subject04_scaled from file ..\data\HamnerDelp2013\subject04\model\subject04_adjusted_scaled.osim
[2023-03-17 10:35:15.070] [info] Loaded model subject04_scaled from file ..\data\HamnerDelp2013\subject04\rra\run5\cycle1\subject04_run5_cycle1_rraAdjusted.osim
[2023-03-17 10:35:15.128] [info] Loaded model subject04_scaled from file ..\data\HamnerDelp2013\subject04\model\subject04_adjusted_scaled.osim
[2023-03-17 10:35:15.184] [info] Loaded model subject04_scaled from file ..\data\HamnerDelp2013\subject04\rra\run5\cycle1\subject04_run5_cycle1_rraAdjusted.osim
[2023-03-17 10:35:15.241] [info] Loaded model subject04_scaled from file ..\data\HamnerDelp2013\subject04\model\subject04_adjusted_scaled.osim
[2023-03-17 10:35:15.362] [info] Loaded model subject04_scaled from file ..\data\HamnerDelp2013\subject04\rra\run5\cycle2\subject04_run5_cycle2_rraAdjusted.osim
[2023-03-17 10:35:15.425] [info] Loaded model subject04_scaled from file ..\data\HamnerDelp2013\subject04\model\subject04_adjusted_scaled.osim
[2023-03-17 10:35:15.489] [info] Loaded model subject04_scaled from file ..\data\HamnerDelp2013\subject04\rra\run5\cycle2\subject04_run5_cycle2_rraAdjusted.osim
[2023-03-17 10:35:15.550] [info] Loaded model subject04_scaled from file ..\data\HamnerDelp2013\subject04\model\subject04_adjusted_scaled.osim
[2023-03-17 10:35:15.610] [info] Loaded model subject04_scaled from file ..\data\HamnerDelp2013\subject04\rra\run5\cycle2\subject04_run5_cycle2_rraAdjusted.osim
[2023-03-17 10:35:15.680] [info] Loaded model subject04_scaled from file ..\data\HamnerDelp2013\subject04\model\subject04_adjusted_scaled.osim
[2023-03-17 10:35:15.743] [info] Loaded model subject04_scaled from file ..\data\HamnerDelp2013\subject04\rra\run5\cycle2\subject04_run5_cycle2_rraAdjusted.osim
[2023-03-17 10:35:15.839] [info] Loaded model subject04_scaled from file ..\data\HamnerDelp2013\subject04\model\subject04_adjusted_scaled.osim
[2023-03-17 10:35:15.923] [info] Loaded model subject04_scaled from file ..\data\HamnerDelp2013\subject04\rra\run5\cycle2\subject04_run5_cycle2_rraAdjusted.osim
[2023-03-17 10:35:16.015] [info] Loaded model subject04_scaled from file ..\data\HamnerDelp2013\subject04\model\subject04_adjusted_scaled.osim
[2023-03-17 10:35:16.111] [info] Loaded model subject04_scaled from file ..\data\HamnerDelp2013\subject04\rra\run5\cycle2\subject04_run5_cycle2_rraAdjusted.osim
[2023-03-17 10:35:16.187] [info] Loaded model subject04_scaled from file ..\data\HamnerDelp2013\subject04\model\subject04_adjusted_scaled.osim
[2023-03-17 10:35:16.328] [info] Loaded model subject04_scaled from file ..\data\HamnerDelp2013\subject04\rra\run5\cycle3\subject04_run5_cycle3_rraAdjusted.osim
[2023-03-17 10:35:16.394] [info] Loaded model subject04_scaled from file ..\data\HamnerDelp2013\subject04\model\subject04_adjusted_scaled.osim
[2023-03-17 10:35:16.453] [info] Loaded model subject04_scaled from file ..\data\HamnerDelp2013\subject04\rra\run5\cycle3\subject04_run5_cycle3_rraAdjusted.osim
[2023-03-17 10:35:16.523] [info] Loaded model subject04_scaled from file ..\data\HamnerDelp2013\subject04\model\subject04_adjusted_scaled.osim
[2023-03-17 10:35:16.587] [info] Loaded model subject04_scaled from file ..\data\HamnerDelp2013\subject04\rra\run5\cycle3\subject04_run5_cycle3_rraAdjusted.osim
[2023-03-17 10:35:16.673] [info] Loaded model subject04_scaled from file ..\data\HamnerDelp2013\subject04\model\subject04_adjusted_scaled.osim
[2023-03-17 10:35:16.750] [info] Loaded model subject04_scaled from file ..\data\HamnerDelp2013\subject04\rra\run5\cycle3\subject04_run5_cycle3_rraAdjusted.osim
[2023-03-17 10:35:16.825] [info] Loaded model subject04_scaled from file ..\data\HamnerDelp2013\subject04\model\subject04_adjusted_scaled.osim
[2023-03-17 10:35:16.904] [info] Loaded model subject04_scaled from file ..\data\HamnerDelp2013\subject04\rra\run5\cycle3\subject04_run5_cycle3_rraAdjusted.osim
[2023-03-17 10:35:16.972] [info] Loaded model subject04_scaled from file ..\data\HamnerDelp2013\subject04\model\subject04_adjusted_scaled.osim
[2023-03-17 10:35:17.030] [info] Loaded model subject04_scaled from file ..\data\HamnerDelp2013\subject04\rra\run5\cycle3\subject04_run5_cycle3_rraAdjusted.osim
[2023-03-17 10:35:17.094] [info] Loaded model subject04_scaled from file ..\data\HamnerDelp2013\subject04\model\subject04_adjusted_scaled.osim
[2023-03-17 10:35:19.547] [info] Loaded model subject08_scaled from file ..\data\HamnerDelp2013\subject08\rra\run5\cycle1\subject08_run5_cycle1_rraAdjusted.osim
[2023-03-17 10:35:19.624] [info] Loaded model subject08_scaled from file ..\data\HamnerDelp2013\subject08\model\subject08_adjusted_scaled.osim
[2023-03-17 10:35:19.690] [info] Loaded model subject08_scaled from file ..\data\HamnerDelp2013\subject08\rra\run5\cycle1\subject08_run5_cycle1_rraAdjusted.osim
[2023-03-17 10:35:19.757] [info] Loaded model subject08_scaled from file ..\data\HamnerDelp2013\subject08\model\subject08_adjusted_scaled.osim
[2023-03-17 10:35:19.827] [info] Loaded model subject08_scaled from file ..\data\HamnerDelp2013\subject08\rra\run5\cycle1\subject08_run5_cycle1_rraAdjusted.osim
[2023-03-17 10:35:19.891] [info] Loaded model subject08_scaled from file ..\data\HamnerDelp2013\subject08\model\subject08_adjusted_scaled.osim
[2023-03-17 10:35:19.954] [info] Loaded model subject08_scaled from file ..\data\HamnerDelp2013\subject08\rra\run5\cycle1\subject08_run5_cycle1_rraAdjusted.osim
[2023-03-17 10:35:20.017] [info] Loaded model subject08_scaled from file ..\data\HamnerDelp2013\subject08\model\subject08_adjusted_scaled.osim
[2023-03-17 10:35:20.074] [info] Loaded model subject08_scaled from file ..\data\HamnerDelp2013\subject08\rra\run5\cycle1\subject08_run5_cycle1_rraAdjusted.osim
[2023-03-17 10:35:20.131] [info] Loaded model subject08_scaled from file ..\data\HamnerDelp2013\subject08\model\subject08_adjusted_scaled.osim
[2023-03-17 10:35:20.212] [info] Loaded model subject08_scaled from file ..\data\HamnerDelp2013\subject08\rra\run5\cycle1\subject08_run5_cycle1_rraAdjusted.osim
[2023-03-17 10:35:20.275] [info] Loaded model subject08_scaled from file ..\data\HamnerDelp2013\subject08\model\subject08_adjusted_scaled.osim
[2023-03-17 10:35:20.438] [info] Loaded model subject08_scaled from file ..\data\HamnerDelp2013\subject08\rra\run5\cycle2\subject08_run5_cycle2_rraAdjusted.osim
[2023-03-17 10:35:20.545] [info] Loaded model subject08_scaled from file ..\data\HamnerDelp2013\subject08\model\subject08_adjusted_scaled.osim
[2023-03-17 10:35:20.631] [info] Loaded model subject08_scaled from file ..\data\HamnerDelp2013\subject08\rra\run5\cycle2\subject08_run5_cycle2_rraAdjusted.osim
[2023-03-17 10:35:20.711] [info] Loaded model subject08_scaled from file ..\data\HamnerDelp2013\subject08\model\subject08_adjusted_scaled.osim
[2023-03-17 10:35:20.799] [info] Loaded model subject08_scaled from file ..\data\HamnerDelp2013\subject08\rra\run5\cycle2\subject08_run5_cycle2_rraAdjusted.osim
[2023-03-17 10:35:20.870] [info] Loaded model subject08_scaled from file ..\data\HamnerDelp2013\subject08\model\subject08_adjusted_scaled.osim
[2023-03-17 10:35:20.963] [info] Loaded model subject08_scaled from file ..\data\HamnerDelp2013\subject08\rra\run5\cycle2\subject08_run5_cycle2_rraAdjusted.osim
[2023-03-17 10:35:21.053] [info] Loaded model subject08_scaled from file ..\data\HamnerDelp2013\subject08\model\subject08_adjusted_scaled.osim
[2023-03-17 10:35:21.134] [info] Loaded model subject08_scaled from file ..\data\HamnerDelp2013\subject08\rra\run5\cycle2\subject08_run5_cycle2_rraAdjusted.osim
[2023-03-17 10:35:21.212] [info] Loaded model subject08_scaled from file ..\data\HamnerDelp2013\subject08\model\subject08_adjusted_scaled.osim
[2023-03-17 10:35:21.284] [info] Loaded model subject08_scaled from file ..\data\HamnerDelp2013\subject08\rra\run5\cycle2\subject08_run5_cycle2_rraAdjusted.osim
[2023-03-17 10:35:21.352] [info] Loaded model subject08_scaled from file ..\data\HamnerDelp2013\subject08\model\subject08_adjusted_scaled.osim
[2023-03-17 10:35:21.482] [info] Loaded model subject08_scaled from file ..\data\HamnerDelp2013\subject08\rra\run5\cycle3\subject08_run5_cycle3_rraAdjusted.osim
[2023-03-17 10:35:21.556] [info] Loaded model subject08_scaled from file ..\data\HamnerDelp2013\subject08\model\subject08_adjusted_scaled.osim
[2023-03-17 10:35:21.653] [info] Loaded model subject08_scaled from file ..\data\HamnerDelp2013\subject08\rra\run5\cycle3\subject08_run5_cycle3_rraAdjusted.osim
[2023-03-17 10:35:21.724] [info] Loaded model subject08_scaled from file ..\data\HamnerDelp2013\subject08\model\subject08_adjusted_scaled.osim
[2023-03-17 10:35:21.793] [info] Loaded model subject08_scaled from file ..\data\HamnerDelp2013\subject08\rra\run5\cycle3\subject08_run5_cycle3_rraAdjusted.osim
[2023-03-17 10:35:21.870] [info] Loaded model subject08_scaled from file ..\data\HamnerDelp2013\subject08\model\subject08_adjusted_scaled.osim
[2023-03-17 10:35:21.956] [info] Loaded model subject08_scaled from file ..\data\HamnerDelp2013\subject08\rra\run5\cycle3\subject08_run5_cycle3_rraAdjusted.osim
[2023-03-17 10:35:22.057] [info] Loaded model subject08_scaled from file ..\data\HamnerDelp2013\subject08\model\subject08_adjusted_scaled.osim
[2023-03-17 10:35:22.123] [info] Loaded model subject08_scaled from file ..\data\HamnerDelp2013\subject08\rra\run5\cycle3\subject08_run5_cycle3_rraAdjusted.osim
[2023-03-17 10:35:22.222] [info] Loaded model subject08_scaled from file ..\data\HamnerDelp2013\subject08\model\subject08_adjusted_scaled.osim
[2023-03-17 10:35:22.305] [info] Loaded model subject08_scaled from file ..\data\HamnerDelp2013\subject08\rra\run5\cycle3\subject08_run5_cycle3_rraAdjusted.osim
[2023-03-17 10:35:22.380] [info] Loaded model subject08_scaled from file ..\data\HamnerDelp2013\subject08\model\subject08_adjusted_scaled.osim
[2023-03-17 10:35:24.725] [info] Loaded model subject10_scaled from file ..\data\HamnerDelp2013\subject10\rra\run5\cycle1\subject10_run5_cycle1_rraAdjusted.osim
[2023-03-17 10:35:24.805] [info] Loaded model subject10_scaled from file ..\data\HamnerDelp2013\subject10\model\subject10_adjusted_scaled.osim
[2023-03-17 10:35:24.869] [info] Loaded model subject10_scaled from file ..\data\HamnerDelp2013\subject10\rra\run5\cycle1\subject10_run5_cycle1_rraAdjusted.osim
[2023-03-17 10:35:24.929] [info] Loaded model subject10_scaled from file ..\data\HamnerDelp2013\subject10\model\subject10_adjusted_scaled.osim
[2023-03-17 10:35:24.989] [info] Loaded model subject10_scaled from file ..\data\HamnerDelp2013\subject10\rra\run5\cycle1\subject10_run5_cycle1_rraAdjusted.osim
[2023-03-17 10:35:25.049] [info] Loaded model subject10_scaled from file ..\data\HamnerDelp2013\subject10\model\subject10_adjusted_scaled.osim
[2023-03-17 10:35:25.104] [info] Loaded model subject10_scaled from file ..\data\HamnerDelp2013\subject10\rra\run5\cycle1\subject10_run5_cycle1_rraAdjusted.osim
[2023-03-17 10:35:25.164] [info] Loaded model subject10_scaled from file ..\data\HamnerDelp2013\subject10\model\subject10_adjusted_scaled.osim
[2023-03-17 10:35:25.229] [info] Loaded model subject10_scaled from file ..\data\HamnerDelp2013\subject10\rra\run5\cycle1\subject10_run5_cycle1_rraAdjusted.osim
[2023-03-17 10:35:25.284] [info] Loaded model subject10_scaled from file ..\data\HamnerDelp2013\subject10\model\subject10_adjusted_scaled.osim
[2023-03-17 10:35:25.336] [info] Loaded model subject10_scaled from file ..\data\HamnerDelp2013\subject10\rra\run5\cycle1\subject10_run5_cycle1_rraAdjusted.osim
[2023-03-17 10:35:25.399] [info] Loaded model subject10_scaled from file ..\data\HamnerDelp2013\subject10\model\subject10_adjusted_scaled.osim
[2023-03-17 10:35:25.526] [info] Loaded model subject10_scaled from file ..\data\HamnerDelp2013\subject10\rra\run5\cycle2\subject10_run5_cycle2_rraAdjusted.osim
[2023-03-17 10:35:25.607] [info] Loaded model subject10_scaled from file ..\data\HamnerDelp2013\subject10\model\subject10_adjusted_scaled.osim
[2023-03-17 10:35:25.691] [info] Loaded model subject10_scaled from file ..\data\HamnerDelp2013\subject10\rra\run5\cycle2\subject10_run5_cycle2_rraAdjusted.osim
[2023-03-17 10:35:25.767] [info] Loaded model subject10_scaled from file ..\data\HamnerDelp2013\subject10\model\subject10_adjusted_scaled.osim
[2023-03-17 10:35:25.840] [info] Loaded model subject10_scaled from file ..\data\HamnerDelp2013\subject10\rra\run5\cycle2\subject10_run5_cycle2_rraAdjusted.osim
[2023-03-17 10:35:25.903] [info] Loaded model subject10_scaled from file ..\data\HamnerDelp2013\subject10\model\subject10_adjusted_scaled.osim
[2023-03-17 10:35:25.974] [info] Loaded model subject10_scaled from file ..\data\HamnerDelp2013\subject10\rra\run5\cycle2\subject10_run5_cycle2_rraAdjusted.osim
[2023-03-17 10:35:26.043] [info] Loaded model subject10_scaled from file ..\data\HamnerDelp2013\subject10\model\subject10_adjusted_scaled.osim
[2023-03-17 10:35:26.137] [info] Loaded model subject10_scaled from file ..\data\HamnerDelp2013\subject10\rra\run5\cycle2\subject10_run5_cycle2_rraAdjusted.osim
[2023-03-17 10:35:26.241] [info] Loaded model subject10_scaled from file ..\data\HamnerDelp2013\subject10\model\subject10_adjusted_scaled.osim
[2023-03-17 10:35:26.339] [info] Loaded model subject10_scaled from file ..\data\HamnerDelp2013\subject10\rra\run5\cycle2\subject10_run5_cycle2_rraAdjusted.osim
[2023-03-17 10:35:26.440] [info] Loaded model subject10_scaled from file ..\data\HamnerDelp2013\subject10\model\subject10_adjusted_scaled.osim
[2023-03-17 10:35:26.622] [info] Loaded model subject10_scaled from file ..\data\HamnerDelp2013\subject10\rra\run5\cycle3\subject10_run5_cycle3_rraAdjusted.osim
[2023-03-17 10:35:26.730] [info] Loaded model subject10_scaled from file ..\data\HamnerDelp2013\subject10\model\subject10_adjusted_scaled.osim
[2023-03-17 10:35:26.807] [info] Loaded model subject10_scaled from file ..\data\HamnerDelp2013\subject10\rra\run5\cycle3\subject10_run5_cycle3_rraAdjusted.osim
[2023-03-17 10:35:26.905] [info] Loaded model subject10_scaled from file ..\data\HamnerDelp2013\subject10\model\subject10_adjusted_scaled.osim
[2023-03-17 10:35:27.008] [info] Loaded model subject10_scaled from file ..\data\HamnerDelp2013\subject10\rra\run5\cycle3\subject10_run5_cycle3_rraAdjusted.osim
[2023-03-17 10:35:27.081] [info] Loaded model subject10_scaled from file ..\data\HamnerDelp2013\subject10\model\subject10_adjusted_scaled.osim
[2023-03-17 10:35:27.163] [info] Loaded model subject10_scaled from file ..\data\HamnerDelp2013\subject10\rra\run5\cycle3\subject10_run5_cycle3_rraAdjusted.osim
[2023-03-17 10:35:27.228] [info] Loaded model subject10_scaled from file ..\data\HamnerDelp2013\subject10\model\subject10_adjusted_scaled.osim
[2023-03-17 10:35:27.290] [info] Loaded model subject10_scaled from file ..\data\HamnerDelp2013\subject10\rra\run5\cycle3\subject10_run5_cycle3_rraAdjusted.osim
[2023-03-17 10:35:27.355] [info] Loaded model subject10_scaled from file ..\data\HamnerDelp2013\subject10\model\subject10_adjusted_scaled.osim
[2023-03-17 10:35:27.425] [info] Loaded model subject10_scaled from file ..\data\HamnerDelp2013\subject10\rra\run5\cycle3\subject10_run5_cycle3_rraAdjusted.osim
[2023-03-17 10:35:27.514] [info] Loaded model subject10_scaled from file ..\data\HamnerDelp2013\subject10\model\subject10_adjusted_scaled.osim
[2023-03-17 10:35:30.208] [info] Loaded model subject11_scaled from file ..\data\HamnerDelp2013\subject11\rra\run5\cycle1\subject11_run5_cycle1_rraAdjusted.osim
[2023-03-17 10:35:30.304] [info] Loaded model subject11_scaled from file ..\data\HamnerDelp2013\subject11\model\subject11_adjusted_scaled.osim
[2023-03-17 10:35:30.370] [info] Loaded model subject11_scaled from file ..\data\HamnerDelp2013\subject11\rra\run5\cycle1\subject11_run5_cycle1_rraAdjusted.osim
[2023-03-17 10:35:30.437] [info] Loaded model subject11_scaled from file ..\data\HamnerDelp2013\subject11\model\subject11_adjusted_scaled.osim
[2023-03-17 10:35:30.525] [info] Loaded model subject11_scaled from file ..\data\HamnerDelp2013\subject11\rra\run5\cycle1\subject11_run5_cycle1_rraAdjusted.osim
[2023-03-17 10:35:30.598] [info] Loaded model subject11_scaled from file ..\data\HamnerDelp2013\subject11\model\subject11_adjusted_scaled.osim
[2023-03-17 10:35:30.723] [info] Loaded model subject11_scaled from file ..\data\HamnerDelp2013\subject11\rra\run5\cycle1\subject11_run5_cycle1_rraAdjusted.osim
[2023-03-17 10:35:30.816] [info] Loaded model subject11_scaled from file ..\data\HamnerDelp2013\subject11\model\subject11_adjusted_scaled.osim
[2023-03-17 10:35:30.893] [info] Loaded model subject11_scaled from file ..\data\HamnerDelp2013\subject11\rra\run5\cycle1\subject11_run5_cycle1_rraAdjusted.osim
[2023-03-17 10:35:30.988] [info] Loaded model subject11_scaled from file ..\data\HamnerDelp2013\subject11\model\subject11_adjusted_scaled.osim
[2023-03-17 10:35:31.143] [info] Loaded model subject11_scaled from file ..\data\HamnerDelp2013\subject11\rra\run5\cycle1\subject11_run5_cycle1_rraAdjusted.osim
[2023-03-17 10:35:31.239] [info] Loaded model subject11_scaled from file ..\data\HamnerDelp2013\subject11\model\subject11_adjusted_scaled.osim
[2023-03-17 10:35:31.366] [info] Loaded model subject11_scaled from file ..\data\HamnerDelp2013\subject11\rra\run5\cycle2\subject11_run5_cycle2_rraAdjusted.osim
[2023-03-17 10:35:31.462] [info] Loaded model subject11_scaled from file ..\data\HamnerDelp2013\subject11\model\subject11_adjusted_scaled.osim
[2023-03-17 10:35:31.552] [info] Loaded model subject11_scaled from file ..\data\HamnerDelp2013\subject11\rra\run5\cycle2\subject11_run5_cycle2_rraAdjusted.osim
[2023-03-17 10:35:31.650] [info] Loaded model subject11_scaled from file ..\data\HamnerDelp2013\subject11\model\subject11_adjusted_scaled.osim
[2023-03-17 10:35:31.734] [info] Loaded model subject11_scaled from file ..\data\HamnerDelp2013\subject11\rra\run5\cycle2\subject11_run5_cycle2_rraAdjusted.osim
[2023-03-17 10:35:31.841] [info] Loaded model subject11_scaled from file ..\data\HamnerDelp2013\subject11\model\subject11_adjusted_scaled.osim
[2023-03-17 10:35:31.925] [info] Loaded model subject11_scaled from file ..\data\HamnerDelp2013\subject11\rra\run5\cycle2\subject11_run5_cycle2_rraAdjusted.osim
[2023-03-17 10:35:32.006] [info] Loaded model subject11_scaled from file ..\data\HamnerDelp2013\subject11\model\subject11_adjusted_scaled.osim
[2023-03-17 10:35:32.104] [info] Loaded model subject11_scaled from file ..\data\HamnerDelp2013\subject11\rra\run5\cycle2\subject11_run5_cycle2_rraAdjusted.osim
[2023-03-17 10:35:32.191] [info] Loaded model subject11_scaled from file ..\data\HamnerDelp2013\subject11\model\subject11_adjusted_scaled.osim
[2023-03-17 10:35:32.312] [info] Loaded model subject11_scaled from file ..\data\HamnerDelp2013\subject11\rra\run5\cycle2\subject11_run5_cycle2_rraAdjusted.osim
[2023-03-17 10:35:32.386] [info] Loaded model subject11_scaled from file ..\data\HamnerDelp2013\subject11\model\subject11_adjusted_scaled.osim
[2023-03-17 10:35:32.511] [info] Loaded model subject11_scaled from file ..\data\HamnerDelp2013\subject11\rra\run5\cycle3\subject11_run5_cycle3_rraAdjusted.osim
[2023-03-17 10:35:32.593] [info] Loaded model subject11_scaled from file ..\data\HamnerDelp2013\subject11\model\subject11_adjusted_scaled.osim
[2023-03-17 10:35:32.672] [info] Loaded model subject11_scaled from file ..\data\HamnerDelp2013\subject11\rra\run5\cycle3\subject11_run5_cycle3_rraAdjusted.osim
[2023-03-17 10:35:32.747] [info] Loaded model subject11_scaled from file ..\data\HamnerDelp2013\subject11\model\subject11_adjusted_scaled.osim
[2023-03-17 10:35:32.835] [info] Loaded model subject11_scaled from file ..\data\HamnerDelp2013\subject11\rra\run5\cycle3\subject11_run5_cycle3_rraAdjusted.osim
[2023-03-17 10:35:32.951] [info] Loaded model subject11_scaled from file ..\data\HamnerDelp2013\subject11\model\subject11_adjusted_scaled.osim
[2023-03-17 10:35:33.032] [info] Loaded model subject11_scaled from file ..\data\HamnerDelp2013\subject11\rra\run5\cycle3\subject11_run5_cycle3_rraAdjusted.osim
[2023-03-17 10:35:33.137] [info] Loaded model subject11_scaled from file ..\data\HamnerDelp2013\subject11\model\subject11_adjusted_scaled.osim
[2023-03-17 10:35:33.283] [info] Loaded model subject11_scaled from file ..\data\HamnerDelp2013\subject11\rra\run5\cycle3\subject11_run5_cycle3_rraAdjusted.osim
[2023-03-17 10:35:33.370] [info] Loaded model subject11_scaled from file ..\data\HamnerDelp2013\subject11\model\subject11_adjusted_scaled.osim
[2023-03-17 10:35:33.457] [info] Loaded model subject11_scaled from file ..\data\HamnerDelp2013\subject11\rra\run5\cycle3\subject11_run5_cycle3_rraAdjusted.osim
[2023-03-17 10:35:33.535] [info] Loaded model subject11_scaled from file ..\data\HamnerDelp2013\subject11\model\subject11_adjusted_scaled.osim
[2023-03-17 10:35:35.844] [info] Loaded model subject17_scaled from file ..\data\HamnerDelp2013\subject17\rra\run5\cycle1\subject17_run5_cycle1_rraAdjusted.osim
[2023-03-17 10:35:35.925] [info] Loaded model subject17_scaled from file ..\data\HamnerDelp2013\subject17\model\subject17_adjusted_scaled.osim
[2023-03-17 10:35:35.985] [info] Loaded model subject17_scaled from file ..\data\HamnerDelp2013\subject17\rra\run5\cycle1\subject17_run5_cycle1_rraAdjusted.osim
[2023-03-17 10:35:36.047] [info] Loaded model subject17_scaled from file ..\data\HamnerDelp2013\subject17\model\subject17_adjusted_scaled.osim
[2023-03-17 10:35:36.115] [info] Loaded model subject17_scaled from file ..\data\HamnerDelp2013\subject17\rra\run5\cycle1\subject17_run5_cycle1_rraAdjusted.osim
[2023-03-17 10:35:36.177] [info] Loaded model subject17_scaled from file ..\data\HamnerDelp2013\subject17\model\subject17_adjusted_scaled.osim
[2023-03-17 10:35:36.243] [info] Loaded model subject17_scaled from file ..\data\HamnerDelp2013\subject17\rra\run5\cycle1\subject17_run5_cycle1_rraAdjusted.osim
[2023-03-17 10:35:36.307] [info] Loaded model subject17_scaled from file ..\data\HamnerDelp2013\subject17\model\subject17_adjusted_scaled.osim
[2023-03-17 10:35:36.361] [info] Loaded model subject17_scaled from file ..\data\HamnerDelp2013\subject17\rra\run5\cycle1\subject17_run5_cycle1_rraAdjusted.osim
[2023-03-17 10:35:36.424] [info] Loaded model subject17_scaled from file ..\data\HamnerDelp2013\subject17\model\subject17_adjusted_scaled.osim
[2023-03-17 10:35:36.489] [info] Loaded model subject17_scaled from file ..\data\HamnerDelp2013\subject17\rra\run5\cycle1\subject17_run5_cycle1_rraAdjusted.osim
[2023-03-17 10:35:36.546] [info] Loaded model subject17_scaled from file ..\data\HamnerDelp2013\subject17\model\subject17_adjusted_scaled.osim
[2023-03-17 10:35:36.662] [info] Loaded model subject17_scaled from file ..\data\HamnerDelp2013\subject17\rra\run5\cycle2\subject17_run5_cycle2_rraAdjusted.osim
[2023-03-17 10:35:36.733] [info] Loaded model subject17_scaled from file ..\data\HamnerDelp2013\subject17\model\subject17_adjusted_scaled.osim
[2023-03-17 10:35:36.805] [info] Loaded model subject17_scaled from file ..\data\HamnerDelp2013\subject17\rra\run5\cycle2\subject17_run5_cycle2_rraAdjusted.osim
[2023-03-17 10:35:36.874] [info] Loaded model subject17_scaled from file ..\data\HamnerDelp2013\subject17\model\subject17_adjusted_scaled.osim
[2023-03-17 10:35:36.958] [info] Loaded model subject17_scaled from file ..\data\HamnerDelp2013\subject17\rra\run5\cycle2\subject17_run5_cycle2_rraAdjusted.osim
[2023-03-17 10:35:37.063] [info] Loaded model subject17_scaled from file ..\data\HamnerDelp2013\subject17\model\subject17_adjusted_scaled.osim
[2023-03-17 10:35:37.145] [info] Loaded model subject17_scaled from file ..\data\HamnerDelp2013\subject17\rra\run5\cycle2\subject17_run5_cycle2_rraAdjusted.osim
[2023-03-17 10:35:37.246] [info] Loaded model subject17_scaled from file ..\data\HamnerDelp2013\subject17\model\subject17_adjusted_scaled.osim
[2023-03-17 10:35:37.326] [info] Loaded model subject17_scaled from file ..\data\HamnerDelp2013\subject17\rra\run5\cycle2\subject17_run5_cycle2_rraAdjusted.osim
[2023-03-17 10:35:37.403] [info] Loaded model subject17_scaled from file ..\data\HamnerDelp2013\subject17\model\subject17_adjusted_scaled.osim
[2023-03-17 10:35:37.480] [info] Loaded model subject17_scaled from file ..\data\HamnerDelp2013\subject17\rra\run5\cycle2\subject17_run5_cycle2_rraAdjusted.osim
[2023-03-17 10:35:37.557] [info] Loaded model subject17_scaled from file ..\data\HamnerDelp2013\subject17\model\subject17_adjusted_scaled.osim
[2023-03-17 10:35:37.701] [info] Loaded model subject17_scaled from file ..\data\HamnerDelp2013\subject17\rra\run5\cycle3\subject17_run5_cycle3_rraAdjusted.osim
[2023-03-17 10:35:37.775] [info] Loaded model subject17_scaled from file ..\data\HamnerDelp2013\subject17\model\subject17_adjusted_scaled.osim
[2023-03-17 10:35:37.854] [info] Loaded model subject17_scaled from file ..\data\HamnerDelp2013\subject17\rra\run5\cycle3\subject17_run5_cycle3_rraAdjusted.osim
[2023-03-17 10:35:37.931] [info] Loaded model subject17_scaled from file ..\data\HamnerDelp2013\subject17\model\subject17_adjusted_scaled.osim
[2023-03-17 10:35:38.044] [info] Loaded model subject17_scaled from file ..\data\HamnerDelp2013\subject17\rra\run5\cycle3\subject17_run5_cycle3_rraAdjusted.osim
[2023-03-17 10:35:38.140] [info] Loaded model subject17_scaled from file ..\data\HamnerDelp2013\subject17\model\subject17_adjusted_scaled.osim
[2023-03-17 10:35:38.272] [info] Loaded model subject17_scaled from file ..\data\HamnerDelp2013\subject17\rra\run5\cycle3\subject17_run5_cycle3_rraAdjusted.osim
[2023-03-17 10:35:38.347] [info] Loaded model subject17_scaled from file ..\data\HamnerDelp2013\subject17\model\subject17_adjusted_scaled.osim
[2023-03-17 10:35:38.430] [info] Loaded model subject17_scaled from file ..\data\HamnerDelp2013\subject17\rra\run5\cycle3\subject17_run5_cycle3_rraAdjusted.osim
[2023-03-17 10:35:38.504] [info] Loaded model subject17_scaled from file ..\data\HamnerDelp2013\subject17\model\subject17_adjusted_scaled.osim
[2023-03-17 10:35:38.582] [info] Loaded model subject17_scaled from file ..\data\HamnerDelp2013\subject17\rra\run5\cycle3\subject17_run5_cycle3_rraAdjusted.osim
[2023-03-17 10:35:38.653] [info] Loaded model subject17_scaled from file ..\data\HamnerDelp2013\subject17\model\subject17_adjusted_scaled.osim
[2023-03-17 10:35:41.047] [info] Loaded model subject19_scaled from file ..\data\HamnerDelp2013\subject19\rra\run5\cycle1\subject19_run5_cycle1_rraAdjusted.osim
[2023-03-17 10:35:41.127] [info] Loaded model subject19_scaled from file ..\data\HamnerDelp2013\subject19\model\subject19_adjusted_scaled.osim
[2023-03-17 10:35:41.196] [info] Loaded model subject19_scaled from file ..\data\HamnerDelp2013\subject19\rra\run5\cycle1\subject19_run5_cycle1_rraAdjusted.osim
[2023-03-17 10:35:41.253] [info] Loaded model subject19_scaled from file ..\data\HamnerDelp2013\subject19\model\subject19_adjusted_scaled.osim
[2023-03-17 10:35:41.309] [info] Loaded model subject19_scaled from file ..\data\HamnerDelp2013\subject19\rra\run5\cycle1\subject19_run5_cycle1_rraAdjusted.osim
[2023-03-17 10:35:41.370] [info] Loaded model subject19_scaled from file ..\data\HamnerDelp2013\subject19\model\subject19_adjusted_scaled.osim
[2023-03-17 10:35:41.433] [info] Loaded model subject19_scaled from file ..\data\HamnerDelp2013\subject19\rra\run5\cycle1\subject19_run5_cycle1_rraAdjusted.osim
[2023-03-17 10:35:41.489] [info] Loaded model subject19_scaled from file ..\data\HamnerDelp2013\subject19\model\subject19_adjusted_scaled.osim
[2023-03-17 10:35:41.549] [info] Loaded model subject19_scaled from file ..\data\HamnerDelp2013\subject19\rra\run5\cycle1\subject19_run5_cycle1_rraAdjusted.osim
[2023-03-17 10:35:41.606] [info] Loaded model subject19_scaled from file ..\data\HamnerDelp2013\subject19\model\subject19_adjusted_scaled.osim
[2023-03-17 10:35:41.663] [info] Loaded model subject19_scaled from file ..\data\HamnerDelp2013\subject19\rra\run5\cycle1\subject19_run5_cycle1_rraAdjusted.osim
[2023-03-17 10:35:41.730] [info] Loaded model subject19_scaled from file ..\data\HamnerDelp2013\subject19\model\subject19_adjusted_scaled.osim
[2023-03-17 10:35:41.890] [info] Loaded model subject19_scaled from file ..\data\HamnerDelp2013\subject19\rra\run5\cycle2\subject19_run5_cycle2_rraAdjusted.osim
[2023-03-17 10:35:41.954] [info] Loaded model subject19_scaled from file ..\data\HamnerDelp2013\subject19\model\subject19_adjusted_scaled.osim
[2023-03-17 10:35:42.049] [info] Loaded model subject19_scaled from file ..\data\HamnerDelp2013\subject19\rra\run5\cycle2\subject19_run5_cycle2_rraAdjusted.osim
[2023-03-17 10:35:42.123] [info] Loaded model subject19_scaled from file ..\data\HamnerDelp2013\subject19\model\subject19_adjusted_scaled.osim
[2023-03-17 10:35:42.217] [info] Loaded model subject19_scaled from file ..\data\HamnerDelp2013\subject19\rra\run5\cycle2\subject19_run5_cycle2_rraAdjusted.osim
[2023-03-17 10:35:42.302] [info] Loaded model subject19_scaled from file ..\data\HamnerDelp2013\subject19\model\subject19_adjusted_scaled.osim
[2023-03-17 10:35:42.408] [info] Loaded model subject19_scaled from file ..\data\HamnerDelp2013\subject19\rra\run5\cycle2\subject19_run5_cycle2_rraAdjusted.osim
[2023-03-17 10:35:42.484] [info] Loaded model subject19_scaled from file ..\data\HamnerDelp2013\subject19\model\subject19_adjusted_scaled.osim
[2023-03-17 10:35:42.586] [info] Loaded model subject19_scaled from file ..\data\HamnerDelp2013\subject19\rra\run5\cycle2\subject19_run5_cycle2_rraAdjusted.osim
[2023-03-17 10:35:42.682] [info] Loaded model subject19_scaled from file ..\data\HamnerDelp2013\subject19\model\subject19_adjusted_scaled.osim
[2023-03-17 10:35:42.787] [info] Loaded model subject19_scaled from file ..\data\HamnerDelp2013\subject19\rra\run5\cycle2\subject19_run5_cycle2_rraAdjusted.osim
[2023-03-17 10:35:42.881] [info] Loaded model subject19_scaled from file ..\data\HamnerDelp2013\subject19\model\subject19_adjusted_scaled.osim
[2023-03-17 10:35:43.013] [info] Loaded model subject19_scaled from file ..\data\HamnerDelp2013\subject19\rra\run5\cycle3\subject19_run5_cycle3_rraAdjusted.osim
[2023-03-17 10:35:43.075] [info] Loaded model subject19_scaled from file ..\data\HamnerDelp2013\subject19\model\subject19_adjusted_scaled.osim
[2023-03-17 10:35:43.146] [info] Loaded model subject19_scaled from file ..\data\HamnerDelp2013\subject19\rra\run5\cycle3\subject19_run5_cycle3_rraAdjusted.osim
[2023-03-17 10:35:43.213] [info] Loaded model subject19_scaled from file ..\data\HamnerDelp2013\subject19\model\subject19_adjusted_scaled.osim
[2023-03-17 10:35:43.306] [info] Loaded model subject19_scaled from file ..\data\HamnerDelp2013\subject19\rra\run5\cycle3\subject19_run5_cycle3_rraAdjusted.osim
[2023-03-17 10:35:43.391] [info] Loaded model subject19_scaled from file ..\data\HamnerDelp2013\subject19\model\subject19_adjusted_scaled.osim
[2023-03-17 10:35:43.468] [info] Loaded model subject19_scaled from file ..\data\HamnerDelp2013\subject19\rra\run5\cycle3\subject19_run5_cycle3_rraAdjusted.osim
[2023-03-17 10:35:43.561] [info] Loaded model subject19_scaled from file ..\data\HamnerDelp2013\subject19\model\subject19_adjusted_scaled.osim
[2023-03-17 10:35:43.660] [info] Loaded model subject19_scaled from file ..\data\HamnerDelp2013\subject19\rra\run5\cycle3\subject19_run5_cycle3_rraAdjusted.osim
[2023-03-17 10:35:43.744] [info] Loaded model subject19_scaled from file ..\data\HamnerDelp2013\subject19\model\subject19_adjusted_scaled.osim
[2023-03-17 10:35:43.830] [info] Loaded model subject19_scaled from file ..\data\HamnerDelp2013\subject19\rra\run5\cycle3\subject19_run5_cycle3_rraAdjusted.osim
[2023-03-17 10:35:43.917] [info] Loaded model subject19_scaled from file ..\data\HamnerDelp2013\subject19\model\subject19_adjusted_scaled.osim
[2023-03-17 10:35:46.288] [info] Loaded model subject20_scaled from file ..\data\HamnerDelp2013\subject20\rra\run5\cycle1\subject20_run5_cycle1_rraAdjusted.osim
[2023-03-17 10:35:46.364] [info] Loaded model subject20_scaled from file ..\data\HamnerDelp2013\subject20\model\subject20_adjusted_scaled.osim
[2023-03-17 10:35:46.422] [info] Loaded model subject20_scaled from file ..\data\HamnerDelp2013\subject20\rra\run5\cycle1\subject20_run5_cycle1_rraAdjusted.osim
[2023-03-17 10:35:46.485] [info] Loaded model subject20_scaled from file ..\data\HamnerDelp2013\subject20\model\subject20_adjusted_scaled.osim
[2023-03-17 10:35:46.550] [info] Loaded model subject20_scaled from file ..\data\HamnerDelp2013\subject20\rra\run5\cycle1\subject20_run5_cycle1_rraAdjusted.osim
[2023-03-17 10:35:46.610] [info] Loaded model subject20_scaled from file ..\data\HamnerDelp2013\subject20\model\subject20_adjusted_scaled.osim
[2023-03-17 10:35:46.664] [info] Loaded model subject20_scaled from file ..\data\HamnerDelp2013\subject20\rra\run5\cycle1\subject20_run5_cycle1_rraAdjusted.osim
[2023-03-17 10:35:46.724] [info] Loaded model subject20_scaled from file ..\data\HamnerDelp2013\subject20\model\subject20_adjusted_scaled.osim
[2023-03-17 10:35:46.781] [info] Loaded model subject20_scaled from file ..\data\HamnerDelp2013\subject20\rra\run5\cycle1\subject20_run5_cycle1_rraAdjusted.osim
[2023-03-17 10:35:46.846] [info] Loaded model subject20_scaled from file ..\data\HamnerDelp2013\subject20\model\subject20_adjusted_scaled.osim
[2023-03-17 10:35:46.910] [info] Loaded model subject20_scaled from file ..\data\HamnerDelp2013\subject20\rra\run5\cycle1\subject20_run5_cycle1_rraAdjusted.osim
[2023-03-17 10:35:46.974] [info] Loaded model subject20_scaled from file ..\data\HamnerDelp2013\subject20\model\subject20_adjusted_scaled.osim
[2023-03-17 10:35:47.118] [info] Loaded model subject20_scaled from file ..\data\HamnerDelp2013\subject20\rra\run5\cycle2\subject20_run5_cycle2_rraAdjusted.osim
[2023-03-17 10:35:47.206] [info] Loaded model subject20_scaled from file ..\data\HamnerDelp2013\subject20\model\subject20_adjusted_scaled.osim
[2023-03-17 10:35:47.296] [info] Loaded model subject20_scaled from file ..\data\HamnerDelp2013\subject20\rra\run5\cycle2\subject20_run5_cycle2_rraAdjusted.osim
[2023-03-17 10:35:47.378] [info] Loaded model subject20_scaled from file ..\data\HamnerDelp2013\subject20\model\subject20_adjusted_scaled.osim
[2023-03-17 10:35:47.467] [info] Loaded model subject20_scaled from file ..\data\HamnerDelp2013\subject20\rra\run5\cycle2\subject20_run5_cycle2_rraAdjusted.osim
[2023-03-17 10:35:47.539] [info] Loaded model subject20_scaled from file ..\data\HamnerDelp2013\subject20\model\subject20_adjusted_scaled.osim
[2023-03-17 10:35:47.627] [info] Loaded model subject20_scaled from file ..\data\HamnerDelp2013\subject20\rra\run5\cycle2\subject20_run5_cycle2_rraAdjusted.osim
[2023-03-17 10:35:47.734] [info] Loaded model subject20_scaled from file ..\data\HamnerDelp2013\subject20\model\subject20_adjusted_scaled.osim
[2023-03-17 10:35:47.805] [info] Loaded model subject20_scaled from file ..\data\HamnerDelp2013\subject20\rra\run5\cycle2\subject20_run5_cycle2_rraAdjusted.osim
[2023-03-17 10:35:47.879] [info] Loaded model subject20_scaled from file ..\data\HamnerDelp2013\subject20\model\subject20_adjusted_scaled.osim
[2023-03-17 10:35:47.957] [info] Loaded model subject20_scaled from file ..\data\HamnerDelp2013\subject20\rra\run5\cycle2\subject20_run5_cycle2_rraAdjusted.osim
[2023-03-17 10:35:48.040] [info] Loaded model subject20_scaled from file ..\data\HamnerDelp2013\subject20\model\subject20_adjusted_scaled.osim
[2023-03-17 10:35:48.185] [info] Loaded model subject20_scaled from file ..\data\HamnerDelp2013\subject20\rra\run5\cycle3\subject20_run5_cycle3_rraAdjusted.osim
[2023-03-17 10:35:48.299] [info] Loaded model subject20_scaled from file ..\data\HamnerDelp2013\subject20\model\subject20_adjusted_scaled.osim
[2023-03-17 10:35:48.391] [info] Loaded model subject20_scaled from file ..\data\HamnerDelp2013\subject20\rra\run5\cycle3\subject20_run5_cycle3_rraAdjusted.osim
[2023-03-17 10:35:48.455] [info] Loaded model subject20_scaled from file ..\data\HamnerDelp2013\subject20\model\subject20_adjusted_scaled.osim
[2023-03-17 10:35:48.531] [info] Loaded model subject20_scaled from file ..\data\HamnerDelp2013\subject20\rra\run5\cycle3\subject20_run5_cycle3_rraAdjusted.osim
[2023-03-17 10:35:48.611] [info] Loaded model subject20_scaled from file ..\data\HamnerDelp2013\subject20\model\subject20_adjusted_scaled.osim
[2023-03-17 10:35:48.689] [info] Loaded model subject20_scaled from file ..\data\HamnerDelp2013\subject20\rra\run5\cycle3\subject20_run5_cycle3_rraAdjusted.osim
[2023-03-17 10:35:48.782] [info] Loaded model subject20_scaled from file ..\data\HamnerDelp2013\subject20\model\subject20_adjusted_scaled.osim
[2023-03-17 10:35:48.853] [info] Loaded model subject20_scaled from file ..\data\HamnerDelp2013\subject20\rra\run5\cycle3\subject20_run5_cycle3_rraAdjusted.osim
[2023-03-17 10:35:48.946] [info] Loaded model subject20_scaled from file ..\data\HamnerDelp2013\subject20\model\subject20_adjusted_scaled.osim
[2023-03-17 10:35:49.043] [info] Loaded model subject20_scaled from file ..\data\HamnerDelp2013\subject20\rra\run5\cycle3\subject20_run5_cycle3_rraAdjusted.osim
[2023-03-17 10:35:49.121] [info] Loaded model subject20_scaled from file ..\data\HamnerDelp2013\subject20\model\subject20_adjusted_scaled.osim
[2023-07-21 15:31:43.650] [info] Loaded model subject01_scaled from file ..\data\HamnerDelp2013\subject01\model\subject01_adjusted_scaled.osim
[2023-07-21 15:33:50.380] [info] Loaded model subject01_scaled from file ..\data\HamnerDelp2013\subject01\model\subject01_adjusted_scaled.osim
[2023-07-21 15:33:51.302] [info] Loaded model subject01_scaled from file ..\data\HamnerDelp2013\subject01\model\subject01_adjusted_scaled.osim
[2023-07-21 15:33:51.353] [info] Loaded model subject01_scaled from file ..\data\HamnerDelp2013\subject01\model\subject01_adjusted_scaled.osim
[2023-07-21 15:51:27.700] [info] Loaded model subject01_scaled from file ..\data\HamnerDelp2013\subject01\model\subject01_adjusted_scaled.osim
[2023-07-21 15:51:28.448] [info] Loaded model subject01_scaled from file ..\data\HamnerDelp2013\subject01\model\subject01_adjusted_scaled.osim
[2023-07-21 15:51:28.496] [info] Loaded model subject01_scaled from file ..\data\HamnerDelp2013\subject01\model\subject01_adjusted_scaled.osim
[2023-07-21 15:54:14.592] [info] Loaded model subject01_scaled from file ..\data\HamnerDelp2013\subject01\model\subject01_adjusted_scaled.osim
[2023-07-21 15:54:14.637] [info] Loaded model subject01_scaled from file ..\data\HamnerDelp2013\subject01\model\subject01_adjusted_scaled.osim
[2023-07-21 15:54:14.688] [info] Loaded model subject01_scaled from file ..\data\HamnerDelp2013\subject01\model\subject01_adjusted_scaled.osim
[2023-07-21 15:58:04.743] [info] Loaded model subject01_scaled from file ..\data\HamnerDelp2013\subject01\model\subject01_adjusted_scaled.osim
[2023-07-21 15:58:04.798] [info] Loaded model subject01_scaled from file ..\data\HamnerDelp2013\subject01\model\subject01_adjusted_scaled.osim
[2023-07-21 15:58:04.849] [info] Loaded model subject01_scaled from file ..\data\HamnerDelp2013\subject01\model\subject01_adjusted_scaled.osim
[2023-07-21 16:00:36.470] [info] Loaded model subject01_scaled from file ..\data\HamnerDelp2013\subject01\model\subject01_adjusted_scaled.osim
[2023-07-21 16:00:36.517] [info] Loaded model subject01_scaled from file ..\data\HamnerDelp2013\subject01\model\subject01_adjusted_scaled.osim
[2023-07-21 16:00:36.562] [info] Loaded model subject01_scaled from file ..\data\HamnerDelp2013\subject01\model\subject01_adjusted_scaled.osim
[2023-07-21 16:05:25.670] [info] Loaded model subject01_scaled from file ..\data\HamnerDelp2013\subject01\model\subject01_adjusted_scaled.osim
[2023-07-21 16:05:26.417] [info] Loaded model subject01_scaled from file ..\data\HamnerDelp2013\subject01\model\subject01_adjusted_scaled.osim
[2023-07-21 16:05:26.463] [info] Loaded model subject01_scaled from file ..\data\HamnerDelp2013\subject01\model\subject01_adjusted_scaled.osim
[2023-07-21 16:09:05.195] [info] Loaded model subject01_scaled from file ..\data\HamnerDelp2013\subject01\model\subject01_adjusted_scaled.osim
[2023-07-21 16:09:05.259] [info] Loaded model subject01_scaled from file ..\data\HamnerDelp2013\subject01\model\subject01_adjusted_scaled.osim
[2023-07-21 16:09:05.322] [info] Loaded model subject01_scaled from file ..\data\HamnerDelp2013\subject01\model\subject01_adjusted_scaled.osim
[2023-07-21 16:12:59.344] [info] Loaded model subject01_scaled from file ..\data\HamnerDelp2013\subject01\model\subject01_adjusted_scaled.osim
[2023-07-21 16:12:59.389] [info] Loaded model subject01_scaled from file ..\data\HamnerDelp2013\subject01\model\subject01_adjusted_scaled.osim
[2023-07-21 16:12:59.445] [info] Loaded model subject01_scaled from file ..\data\HamnerDelp2013\subject01\model\subject01_adjusted_scaled.osim
[2023-07-21 16:12:59.698] [info] Loaded model subject02_scaled from file ..\data\HamnerDelp2013\subject02\model\subject02_adjusted_scaled.osim
[2023-07-21 16:12:59.777] [info] Loaded model subject02_scaled from file ..\data\HamnerDelp2013\subject02\model\subject02_adjusted_scaled.osim
[2023-07-21 16:12:59.846] [info] Loaded model subject02_scaled from file ..\data\HamnerDelp2013\subject02\model\subject02_adjusted_scaled.osim
[2023-07-21 16:13:00.105] [info] Loaded model subject03_scaled from file ..\data\HamnerDelp2013\subject03\model\subject03_adjusted_scaled.osim
[2023-07-21 16:13:00.158] [info] Loaded model subject03_scaled from file ..\data\HamnerDelp2013\subject03\model\subject03_adjusted_scaled.osim
[2023-07-21 16:13:00.214] [info] Loaded model subject03_scaled from file ..\data\HamnerDelp2013\subject03\model\subject03_adjusted_scaled.osim
[2023-07-21 16:13:00.418] [info] Loaded model subject04_scaled from file ..\data\HamnerDelp2013\subject04\model\subject04_adjusted_scaled.osim
[2023-07-21 16:13:00.465] [info] Loaded model subject04_scaled from file ..\data\HamnerDelp2013\subject04\model\subject04_adjusted_scaled.osim
[2023-07-21 16:13:00.514] [info] Loaded model subject04_scaled from file ..\data\HamnerDelp2013\subject04\model\subject04_adjusted_scaled.osim
[2023-07-21 16:13:00.719] [info] Loaded model subject08_scaled from file ..\data\HamnerDelp2013\subject08\model\subject08_adjusted_scaled.osim
[2023-07-21 16:13:00.766] [info] Loaded model subject08_scaled from file ..\data\HamnerDelp2013\subject08\model\subject08_adjusted_scaled.osim
[2023-07-21 16:13:00.815] [info] Loaded model subject08_scaled from file ..\data\HamnerDelp2013\subject08\model\subject08_adjusted_scaled.osim
[2023-07-21 16:13:01.011] [info] Loaded model subject10_scaled from file ..\data\HamnerDelp2013\subject10\model\subject10_adjusted_scaled.osim
[2023-07-21 16:13:01.058] [info] Loaded model subject10_scaled from file ..\data\HamnerDelp2013\subject10\model\subject10_adjusted_scaled.osim
[2023-07-21 16:13:01.105] [info] Loaded model subject10_scaled from file ..\data\HamnerDelp2013\subject10\model\subject10_adjusted_scaled.osim
[2023-07-21 16:13:01.311] [info] Loaded model subject11_scaled from file ..\data\HamnerDelp2013\subject11\model\subject11_adjusted_scaled.osim
[2023-07-21 16:13:01.357] [info] Loaded model subject11_scaled from file ..\data\HamnerDelp2013\subject11\model\subject11_adjusted_scaled.osim
[2023-07-21 16:13:01.404] [info] Loaded model subject11_scaled from file ..\data\HamnerDelp2013\subject11\model\subject11_adjusted_scaled.osim
[2023-07-21 16:13:01.619] [info] Loaded model subject17_scaled from file ..\data\HamnerDelp2013\subject17\model\subject17_adjusted_scaled.osim
[2023-07-21 16:13:01.666] [info] Loaded model subject17_scaled from file ..\data\HamnerDelp2013\subject17\model\subject17_adjusted_scaled.osim
[2023-07-21 16:13:01.713] [info] Loaded model subject17_scaled from file ..\data\HamnerDelp2013\subject17\model\subject17_adjusted_scaled.osim
[2023-07-21 16:13:01.922] [info] Loaded model subject19_scaled from file ..\data\HamnerDelp2013\subject19\model\subject19_adjusted_scaled.osim
[2023-07-21 16:13:01.967] [info] Loaded model subject19_scaled from file ..\data\HamnerDelp2013\subject19\model\subject19_adjusted_scaled.osim
[2023-07-21 16:13:02.013] [info] Loaded model subject19_scaled from file ..\data\HamnerDelp2013\subject19\model\subject19_adjusted_scaled.osim
[2023-07-21 16:13:02.216] [info] Loaded model subject20_scaled from file ..\data\HamnerDelp2013\subject20\model\subject20_adjusted_scaled.osim
[2023-07-21 16:13:02.263] [info] Loaded model subject20_scaled from file ..\data\HamnerDelp2013\subject20\model\subject20_adjusted_scaled.osim
[2023-07-21 16:13:02.312] [info] Loaded model subject20_scaled from file ..\data\HamnerDelp2013\subject20\model\subject20_adjusted_scaled.osim
[2023-07-21 19:32:52.030] [info] Updating Model file from 20001 to latest format...
[2023-07-21 19:32:52.031] [warning] Model name '3D Gait Model with Simple Arms' contains whitespace.
[2023-07-21 19:32:52.031] [warning] It was renamed to '3DGaitModelwithSimpleArms'.
[2023-07-21 19:32:52.082] [info] Loaded model 3DGaitModelwithSimpleArms from file ..\data\HamnerDelp2013\subject01\model\genericModel.osim
[2023-07-21 19:33:07.049] [info] Updating Model file from 20001 to latest format...
[2023-07-21 19:33:07.049] [warning] Model name '3D Gait Model with Simple Arms' contains whitespace.
[2023-07-21 19:33:07.049] [warning] It was renamed to '3DGaitModelwithSimpleArms'.
[2023-07-21 19:33:07.107] [info] Loaded model 3DGaitModelwithSimpleArms from file ..\data\HamnerDelp2013\subject01\model\genericModel.osim
[2023-07-21 19:33:07.136] [info] Updating Model file from 20001 to latest format...
[2023-07-21 19:33:07.137] [warning] Model name '3D Gait Model with Simple Arms' contains whitespace.
[2023-07-21 19:33:07.137] [warning] It was renamed to '3DGaitModelwithSimpleArms'.
[2023-07-21 19:33:07.184] [info] Loaded model 3DGaitModelwithSimpleArms from file ..\data\HamnerDelp2013\subject01\model\genericModel.osim
[2023-07-21 19:34:09.413] [info] Updating Model file from 20001 to latest format...
[2023-07-21 19:34:09.413] [warning] Model name '3D Gait Model with Simple Arms' contains whitespace.
[2023-07-21 19:34:09.413] [warning] It was renamed to '3DGaitModelwithSimpleArms'.
[2023-07-21 19:34:09.463] [info] Loaded model 3DGaitModelwithSimpleArms from file ..\data\HamnerDelp2013\subject01\model\genericModel.osim
[2023-07-21 19:34:10.182] [info] Updating Model file from 20001 to latest format...
[2023-07-21 19:34:10.183] [warning] Model name '3D Gait Model with Simple Arms' contains whitespace.
[2023-07-21 19:34:10.183] [warning] It was renamed to '3DGaitModelwithSimpleArms'.
[2023-07-21 19:34:10.232] [info] Loaded model 3DGaitModelwithSimpleArms from file ..\data\HamnerDelp2013\subject01\model\genericModel.osim
[2023-07-21 19:34:10.264] [info] Updating Model file from 20001 to latest format...
[2023-07-21 19:34:10.265] [warning] Model name '3D Gait Model with Simple Arms' contains whitespace.
[2023-07-21 19:34:10.265] [warning] It was renamed to '3DGaitModelwithSimpleArms'.
[2023-07-21 19:34:10.316] [info] Loaded model 3DGaitModelwithSimpleArms from file ..\data\HamnerDelp2013\subject01\model\genericModel.osim
[2023-07-21 19:42:33.122] [info] Updating Model file from 20001 to latest format...
[2023-07-21 19:42:33.122] [warning] Model name '3D Gait Model with Simple Arms' contains whitespace.
[2023-07-21 19:42:33.122] [warning] It was renamed to '3DGaitModelwithSimpleArms'.
[2023-07-21 19:42:33.173] [info] Loaded model 3DGaitModelwithSimpleArms from file ..\data\HamnerDelp2013\subject01\model\genericModel.osim
[2023-07-21 19:42:33.204] [info] Updating Model file from 20001 to latest format...
[2023-07-21 19:42:33.205] [warning] Model name '3D Gait Model with Simple Arms' contains whitespace.
[2023-07-21 19:42:33.205] [warning] It was renamed to '3DGaitModelwithSimpleArms'.
[2023-07-21 19:42:33.257] [info] Loaded model 3DGaitModelwithSimpleArms from file ..\data\HamnerDelp2013\subject01\model\genericModel.osim
[2023-07-21 19:42:33.289] [info] Updating Model file from 20001 to latest format...
[2023-07-21 19:42:33.289] [warning] Model name '3D Gait Model with Simple Arms' contains whitespace.
[2023-07-21 19:42:33.289] [warning] It was renamed to '3DGaitModelwithSimpleArms'.
[2023-07-21 19:42:33.339] [info] Loaded model 3DGaitModelwithSimpleArms from file ..\data\HamnerDelp2013\subject01\model\genericModel.osim
