[2023-02-28 16:24:34.055] [info] ExternalForce::externalforce Data source being set to Run_500 02_newCOP3_v24.mot
[2023-02-28 16:24:34.055] [info] ExternalForce::externalforce_0 Data source being set to Run_500 02_newCOP3_v24.mot
[2023-02-28 16:24:34.186] [info] ExternalForce::externalforce Data source being set to Run_500 02_newCOP3_v24.mot
[2023-02-28 16:24:34.186] [info] ExternalForce::externalforce_0 Data source being set to Run_500 02_newCOP3_v24.mot
[2023-02-28 16:24:34.270] [info] ExternalForce::externalforce Data source being set to Run_500 02_newCOP3_v24.mot
[2023-02-28 16:24:34.270] [info] ExternalForce::externalforce_0 Data source being set to Run_500 02_newCOP3_v24.mot
[2023-02-28 16:24:34.335] [info] ExternalForce::externalforce Data source being set to Run_500 02_newCOP3_v24.mot
[2023-02-28 16:24:34.335] [info] ExternalForce::externalforce_0 Data source being set to Run_500 02_newCOP3_v24.mot
[2023-02-28 16:24:34.397] [info] ExternalForce::externalforce Data source being set to Run_500 02_newCOP3_v24.mot
[2023-02-28 16:24:34.397] [info] ExternalForce::externalforce_0 Data source being set to Run_500 02_newCOP3_v24.mot
[2023-02-28 16:24:34.460] [info] ExternalForce::externalforce Data source being set to Run_500 02_newCOP3_v24.mot
[2023-02-28 16:24:34.460] [info] ExternalForce::externalforce_0 Data source being set to Run_500 02_newCOP3_v24.mot
[2023-02-28 16:24:34.532] [info] ExternalForce::externalforce Data source being set to Run_500 02_newCOP3_v24.mot
[2023-02-28 16:24:34.532] [info] ExternalForce::externalforce_0 Data source being set to Run_500 02_newCOP3_v24.mot
[2023-02-28 16:24:34.598] [info] ExternalForce::externalforce Data source being set to Run_500 02_newCOP3_v24.mot
[2023-02-28 16:24:34.598] [info] ExternalForce::externalforce_0 Data source being set to Run_500 02_newCOP3_v24.mot
[2023-02-28 16:24:34.685] [info] ExternalForce::externalforce Data source being set to Run_500 02_newCOP3_v24.mot
[2023-02-28 16:24:34.685] [info] ExternalForce::externalforce_0 Data source being set to Run_500 02_newCOP3_v24.mot
[2023-02-28 16:24:34.762] [info] ExternalForce::externalforce Data source being set to Run_500 02_newCOP3_v24.mot
[2023-02-28 16:24:34.762] [info] ExternalForce::externalforce_0 Data source being set to Run_500 02_newCOP3_v24.mot
[2023-02-28 16:24:34.841] [info] ExternalForce::externalforce Data source being set to Run_500 02_newCOP3_v24.mot
[2023-02-28 16:24:34.841] [info] ExternalForce::externalforce_0 Data source being set to Run_500 02_newCOP3_v24.mot
[2023-02-28 16:24:34.913] [info] ExternalForce::externalforce Data source being set to Run_500 02_newCOP3_v24.mot
[2023-02-28 16:24:34.914] [info] ExternalForce::externalforce_0 Data source being set to Run_500 02_newCOP3_v24.mot
[2023-02-28 16:24:34.982] [info] ExternalForce::externalforce Data source being set to Run_500 02_newCOP3_v24.mot
[2023-02-28 16:24:34.982] [info] ExternalForce::externalforce_0 Data source being set to Run_500 02_newCOP3_v24.mot
[2023-02-28 16:24:35.047] [info] ExternalForce::externalforce Data source being set to Run_500 02_newCOP3_v24.mot
[2023-02-28 16:24:35.047] [info] ExternalForce::externalforce_0 Data source being set to Run_500 02_newCOP3_v24.mot
[2023-02-28 16:24:35.121] [info] ExternalForce::externalforce Data source being set to Run_500 02_newCOP3_v24.mot
[2023-02-28 16:24:35.121] [info] ExternalForce::externalforce_0 Data source being set to Run_500 02_newCOP3_v24.mot
[2023-02-28 16:24:35.192] [info] ExternalForce::externalforce Data source being set to Run_500 02_newCOP3_v24.mot
[2023-02-28 16:24:35.192] [info] ExternalForce::externalforce_0 Data source being set to Run_500 02_newCOP3_v24.mot
[2023-02-28 16:24:35.258] [info] ExternalForce::externalforce Data source being set to Run_500 02_newCOP3_v24.mot
[2023-02-28 16:24:35.258] [info] ExternalForce::externalforce_0 Data source being set to Run_500 02_newCOP3_v24.mot
[2023-02-28 16:24:35.323] [info] ExternalForce::externalforce Data source being set to Run_500 02_newCOP3_v24.mot
[2023-02-28 16:24:35.323] [info] ExternalForce::externalforce_0 Data source being set to Run_500 02_newCOP3_v24.mot
[2023-02-28 16:24:35.386] [info] ExternalForce::externalforce Data source being set to Run_500 02_newCOP3_v24.mot
[2023-02-28 16:24:35.386] [info] ExternalForce::externalforce_0 Data source being set to Run_500 02_newCOP3_v24.mot
[2023-02-28 16:24:35.448] [info] ExternalForce::externalforce Data source being set to Run_500 02_newCOP3_v24.mot
[2023-02-28 16:24:35.448] [info] ExternalForce::externalforce_0 Data source being set to Run_500 02_newCOP3_v24.mot
[2023-02-28 16:24:35.511] [info] ExternalForce::externalforce Data source being set to Run_500 02_newCOP3_v24.mot
[2023-02-28 16:24:35.511] [info] ExternalForce::externalforce_0 Data source being set to Run_500 02_newCOP3_v24.mot
[2023-02-28 16:24:35.577] [info] ExternalForce::externalforce Data source being set to Run_500 02_newCOP3_v24.mot
[2023-02-28 16:24:35.577] [info] ExternalForce::externalforce_0 Data source being set to Run_500 02_newCOP3_v24.mot
[2023-02-28 16:34:26.696] [info] ExternalForce::externalforce Data source being set to Run_500 02_newCOP3_v24.mot
[2023-02-28 16:34:26.696] [info] ExternalForce::externalforce_0 Data source being set to Run_500 02_newCOP3_v24.mot
[2023-02-28 16:34:26.835] [info] ExternalForce::externalforce Data source being set to Run_500 02_newCOP3_v24.mot
[2023-02-28 16:34:26.835] [info] ExternalForce::externalforce_0 Data source being set to Run_500 02_newCOP3_v24.mot
[2023-02-28 16:34:26.917] [info] ExternalForce::externalforce Data source being set to Run_500 02_newCOP3_v24.mot
[2023-02-28 16:34:26.917] [info] ExternalForce::externalforce_0 Data source being set to Run_500 02_newCOP3_v24.mot
[2023-02-28 16:34:26.980] [info] ExternalForce::externalforce Data source being set to Run_500 02_newCOP3_v24.mot
[2023-02-28 16:34:26.980] [info] ExternalForce::externalforce_0 Data source being set to Run_500 02_newCOP3_v24.mot
[2023-02-28 16:34:27.046] [info] ExternalForce::externalforce Data source being set to Run_500 02_newCOP3_v24.mot
[2023-02-28 16:34:27.047] [info] ExternalForce::externalforce_0 Data source being set to Run_500 02_newCOP3_v24.mot
[2023-02-28 16:34:27.113] [info] ExternalForce::externalforce Data source being set to Run_500 02_newCOP3_v24.mot
[2023-02-28 16:34:27.113] [info] ExternalForce::externalforce_0 Data source being set to Run_500 02_newCOP3_v24.mot
[2023-02-28 16:34:27.180] [info] ExternalForce::externalforce Data source being set to Run_500 02_newCOP3_v24.mot
[2023-02-28 16:34:27.180] [info] ExternalForce::externalforce_0 Data source being set to Run_500 02_newCOP3_v24.mot
[2023-02-28 16:34:27.249] [info] ExternalForce::externalforce Data source being set to Run_500 02_newCOP3_v24.mot
[2023-02-28 16:34:27.249] [info] ExternalForce::externalforce_0 Data source being set to Run_500 02_newCOP3_v24.mot
[2023-02-28 16:34:27.313] [info] ExternalForce::externalforce Data source being set to Run_500 02_newCOP3_v24.mot
[2023-02-28 16:34:27.313] [info] ExternalForce::externalforce_0 Data source being set to Run_500 02_newCOP3_v24.mot
[2023-02-28 16:34:27.378] [info] ExternalForce::externalforce Data source being set to Run_500 02_newCOP3_v24.mot
[2023-02-28 16:34:27.378] [info] ExternalForce::externalforce_0 Data source being set to Run_500 02_newCOP3_v24.mot
[2023-02-28 16:34:27.441] [info] ExternalForce::externalforce Data source being set to Run_500 02_newCOP3_v24.mot
[2023-02-28 16:34:27.441] [info] ExternalForce::externalforce_0 Data source being set to Run_500 02_newCOP3_v24.mot
[2023-02-28 16:34:27.504] [info] ExternalForce::externalforce Data source being set to Run_500 02_newCOP3_v24.mot
[2023-02-28 16:34:27.504] [info] ExternalForce::externalforce_0 Data source being set to Run_500 02_newCOP3_v24.mot
[2023-02-28 16:34:27.567] [info] ExternalForce::externalforce Data source being set to Run_500 02_newCOP3_v24.mot
[2023-02-28 16:34:27.567] [info] ExternalForce::externalforce_0 Data source being set to Run_500 02_newCOP3_v24.mot
[2023-02-28 16:34:27.630] [info] ExternalForce::externalforce Data source being set to Run_500 02_newCOP3_v24.mot
[2023-02-28 16:34:27.630] [info] ExternalForce::externalforce_0 Data source being set to Run_500 02_newCOP3_v24.mot
[2023-02-28 16:34:27.696] [info] ExternalForce::externalforce Data source being set to Run_500 02_newCOP3_v24.mot
[2023-02-28 16:34:27.696] [info] ExternalForce::externalforce_0 Data source being set to Run_500 02_newCOP3_v24.mot
[2023-02-28 16:34:27.759] [info] ExternalForce::externalforce Data source being set to Run_500 02_newCOP3_v24.mot
[2023-02-28 16:34:27.759] [info] ExternalForce::externalforce_0 Data source being set to Run_500 02_newCOP3_v24.mot
[2023-02-28 16:34:27.829] [info] ExternalForce::externalforce Data source being set to Run_500 02_newCOP3_v24.mot
[2023-02-28 16:34:27.829] [info] ExternalForce::externalforce_0 Data source being set to Run_500 02_newCOP3_v24.mot
[2023-02-28 16:34:27.895] [info] ExternalForce::externalforce Data source being set to Run_500 02_newCOP3_v24.mot
[2023-02-28 16:34:27.895] [info] ExternalForce::externalforce_0 Data source being set to Run_500 02_newCOP3_v24.mot
[2023-02-28 16:34:27.966] [info] ExternalForce::externalforce Data source being set to Run_500 02_newCOP3_v24.mot
[2023-02-28 16:34:27.966] [info] ExternalForce::externalforce_0 Data source being set to Run_500 02_newCOP3_v24.mot
[2023-02-28 16:34:28.030] [info] ExternalForce::externalforce Data source being set to Run_500 02_newCOP3_v24.mot
[2023-02-28 16:34:28.030] [info] ExternalForce::externalforce_0 Data source being set to Run_500 02_newCOP3_v24.mot
[2023-02-28 16:34:28.101] [info] ExternalForce::externalforce Data source being set to Run_500 02_newCOP3_v24.mot
[2023-02-28 16:34:28.101] [info] ExternalForce::externalforce_0 Data source being set to Run_500 02_newCOP3_v24.mot
[2023-02-28 16:34:28.166] [info] ExternalForce::externalforce Data source being set to Run_500 02_newCOP3_v24.mot
[2023-02-28 16:34:28.166] [info] ExternalForce::externalforce_0 Data source being set to Run_500 02_newCOP3_v24.mot
[2023-02-28 16:36:10.353] [info] ExternalForce::externalforce Data source being set to Run_500 02_newCOP3_v24.mot
[2023-02-28 16:36:10.353] [info] ExternalForce::externalforce_0 Data source being set to Run_500 02_newCOP3_v24.mot
[2023-02-28 16:36:10.415] [info] ExternalForce::externalforce Data source being set to Run_500 02_newCOP3_v24.mot
[2023-02-28 16:36:10.415] [info] ExternalForce::externalforce_0 Data source being set to Run_500 02_newCOP3_v24.mot
[2023-02-28 16:36:10.477] [info] ExternalForce::externalforce Data source being set to Run_500 02_newCOP3_v24.mot
[2023-02-28 16:36:10.477] [info] ExternalForce::externalforce_0 Data source being set to Run_500 02_newCOP3_v24.mot
[2023-02-28 16:36:10.541] [info] ExternalForce::externalforce Data source being set to Run_500 02_newCOP3_v24.mot
[2023-02-28 16:36:10.541] [info] ExternalForce::externalforce_0 Data source being set to Run_500 02_newCOP3_v24.mot
[2023-02-28 16:36:21.968] [info] ExternalForce::externalforce Data source being set to Run_500 02_newCOP3_v24.mot
[2023-02-28 16:36:21.968] [info] ExternalForce::externalforce_0 Data source being set to Run_500 02_newCOP3_v24.mot
[2023-02-28 16:36:22.031] [info] ExternalForce::externalforce Data source being set to Run_500 02_newCOP3_v24.mot
[2023-02-28 16:36:22.031] [info] ExternalForce::externalforce_0 Data source being set to Run_500 02_newCOP3_v24.mot
[2023-02-28 16:36:22.096] [info] ExternalForce::externalforce Data source being set to Run_500 02_newCOP3_v24.mot
[2023-02-28 16:36:22.096] [info] ExternalForce::externalforce_0 Data source being set to Run_500 02_newCOP3_v24.mot
[2023-02-28 16:36:22.160] [info] ExternalForce::externalforce Data source being set to Run_500 02_newCOP3_v24.mot
[2023-02-28 16:36:22.160] [info] ExternalForce::externalforce_0 Data source being set to Run_500 02_newCOP3_v24.mot
[2023-02-28 16:36:22.173] [info] ========================================================================
[2023-02-28 16:36:22.173] [info] MocoCasADiSolver starting.
[2023-02-28 16:36:22.173] [info] Tue Feb 28 16:36:22 2023
[2023-02-28 16:36:22.173] [info] ------------------------------------------------------------------------
[2023-02-28 16:36:22.173] [cout] [info] Costs: (total: 2)
[2023-02-28 16:36:22.173] [cout] [info]   state_tracking. MocoStateTrackingGoal, enabled: true, mode: cost, weight: 1.0
[2023-02-28 16:36:22.173] [cout] [info]         state: /jointset/ground_pelvis/pelvis_tilt/value, weight: 750.0
[2023-02-28 16:36:22.173] [cout] [info]         state: /jointset/ground_pelvis/pelvis_list/value, weight: 250.0
[2023-02-28 16:36:22.173] [cout] [info]         state: /jointset/ground_pelvis/pelvis_rotation/value, weight: 50.0
[2023-02-28 16:36:22.173] [cout] [info]         state: /jointset/ground_pelvis/pelvis_tx/value, weight: 25.0
[2023-02-28 16:36:22.173] [cout] [info]         state: /jointset/ground_pelvis/pelvis_ty/value, weight: 100.0
[2023-02-28 16:36:22.173] [cout] [info]         state: /jointset/ground_pelvis/pelvis_tz/value, weight: 25.0
[2023-02-28 16:36:22.173] [cout] [info]         state: /jointset/hip_r/hip_flexion_r/value, weight: 75.0
[2023-02-28 16:36:22.173] [cout] [info]         state: /jointset/hip_r/hip_adduction_r/value, weight: 50.0
[2023-02-28 16:36:22.173] [cout] [info]         state: /jointset/hip_r/hip_rotation_r/value, weight: 10.0
[2023-02-28 16:36:22.173] [cout] [info]         state: /jointset/knee_r/knee_angle_r/value, weight: 10.0
[2023-02-28 16:36:22.173] [cout] [info]         state: /jointset/ankle_r/ankle_angle_r/value, weight: 10.0
[2023-02-28 16:36:22.173] [cout] [info]         state: /jointset/hip_l/hip_flexion_l/value, weight: 75.0
[2023-02-28 16:36:22.173] [cout] [info]         state: /jointset/hip_l/hip_adduction_l/value, weight: 50.0
[2023-02-28 16:36:22.173] [cout] [info]         state: /jointset/hip_l/hip_rotation_l/value, weight: 10.0
[2023-02-28 16:36:22.173] [cout] [info]         state: /jointset/knee_l/knee_angle_l/value, weight: 10.0
[2023-02-28 16:36:22.173] [cout] [info]         state: /jointset/ankle_l/ankle_angle_l/value, weight: 10.0
[2023-02-28 16:36:22.173] [cout] [info]         state: /jointset/back/lumbar_extension/value, weight: 75.0
[2023-02-28 16:36:22.173] [cout] [info]         state: /jointset/back/lumbar_bending/value, weight: 50.0
[2023-02-28 16:36:22.173] [cout] [info]         state: /jointset/back/lumbar_rotation/value, weight: 25.0
[2023-02-28 16:36:22.173] [cout] [info]         state: /jointset/acromial_r/arm_flex_r/value, weight: 1.0
[2023-02-28 16:36:22.173] [cout] [info]         state: /jointset/acromial_r/arm_add_r/value, weight: 1.0
[2023-02-28 16:36:22.173] [cout] [info]         state: /jointset/acromial_r/arm_rot_r/value, weight: 1.0
[2023-02-28 16:36:22.173] [cout] [info]         state: /jointset/elbow_r/elbow_flex_r/value, weight: 1.0
[2023-02-28 16:36:22.174] [cout] [info]         state: /jointset/radioulnar_r/pro_sup_r/value, weight: 1.0
[2023-02-28 16:36:22.174] [cout] [info]         state: /jointset/acromial_l/arm_flex_l/value, weight: 1.0
[2023-02-28 16:36:22.174] [cout] [info]         state: /jointset/acromial_l/arm_add_l/value, weight: 1.0
[2023-02-28 16:36:22.174] [cout] [info]         state: /jointset/acromial_l/arm_rot_l/value, weight: 1.0
[2023-02-28 16:36:22.174] [cout] [info]         state: /jointset/elbow_l/elbow_flex_l/value, weight: 1.0
[2023-02-28 16:36:22.174] [cout] [info]         state: /jointset/radioulnar_l/pro_sup_l/value, weight: 1.0
[2023-02-28 16:36:22.174] [cout] [info]         state: /jointset/subtalar_r/subtalar_angle_r/value, weight: 0.0
[2023-02-28 16:36:22.174] [cout] [info]         state: /jointset/mtp_r/mtp_angle_r/value, weight: 0.0
[2023-02-28 16:36:22.174] [cout] [info]         state: /jointset/subtalar_l/subtalar_angle_l/value, weight: 0.0
[2023-02-28 16:36:22.174] [cout] [info]         state: /jointset/mtp_l/mtp_angle_l/value, weight: 0.0
[2023-02-28 16:36:22.174] [cout] [info]         state: /jointset/radius_hand_r/wrist_flex_r/value, weight: 0.0
[2023-02-28 16:36:22.174] [cout] [info]         state: /jointset/radius_hand_r/wrist_dev_r/value, weight: 0.0
[2023-02-28 16:36:22.174] [cout] [info]         state: /jointset/radius_hand_l/wrist_flex_l/value, weight: 0.0
[2023-02-28 16:36:22.174] [cout] [info]         state: /jointset/radius_hand_l/wrist_dev_l/value, weight: 0.0
[2023-02-28 16:36:22.174] [cout] [info]   control_effort. MocoControlGoal, enabled: true, mode: cost, weight: 0.00100000
[2023-02-28 16:36:22.174] [cout] [info]         control: /forceset/pelvis_tx_actuator, weight: 1.0
[2023-02-28 16:36:22.174] [cout] [info]         control: /forceset/pelvis_ty_actuator, weight: 1.0
[2023-02-28 16:36:22.174] [cout] [info]         control: /forceset/pelvis_tz_actuator, weight: 1.0
[2023-02-28 16:36:22.174] [cout] [info]         control: /forceset/pelvis_tilt_actuator, weight: 1.0
[2023-02-28 16:36:22.174] [cout] [info]         control: /forceset/pelvis_list_actuator, weight: 1.0
[2023-02-28 16:36:22.174] [cout] [info]         control: /forceset/pelvis_rotation_actuator, weight: 1.0
[2023-02-28 16:36:22.174] [cout] [info]         control: /forceset/hip_flexion_r_actuator, weight: 1.0
[2023-02-28 16:36:22.174] [cout] [info]         control: /forceset/hip_adduction_r_actuator, weight: 1.0
[2023-02-28 16:36:22.174] [cout] [info]         control: /forceset/hip_rotation_r_actuator, weight: 1.0
[2023-02-28 16:36:22.174] [cout] [info]         control: /forceset/knee_angle_r_actuator, weight: 1.0
[2023-02-28 16:36:22.174] [cout] [info]         control: /forceset/ankle_angle_r_actuator, weight: 1.0
[2023-02-28 16:36:22.174] [cout] [info]         control: /forceset/hip_flexion_l_actuator, weight: 1.0
[2023-02-28 16:36:22.174] [cout] [info]         control: /forceset/hip_adduction_l_actuator, weight: 1.0
[2023-02-28 16:36:22.174] [cout] [info]         control: /forceset/hip_rotation_l_actuator, weight: 1.0
[2023-02-28 16:36:22.174] [cout] [info]         control: /forceset/knee_angle_l_actuator, weight: 1.0
[2023-02-28 16:36:22.174] [cout] [info]         control: /forceset/ankle_angle_l_actuator, weight: 1.0
[2023-02-28 16:36:22.174] [cout] [info]         control: /forceset/lumbar_extension_actuator, weight: 1.0
[2023-02-28 16:36:22.174] [cout] [info]         control: /forceset/lumbar_bending_actuator, weight: 1.0
[2023-02-28 16:36:22.174] [cout] [info]         control: /forceset/lumbar_rotation_actuator, weight: 1.0
[2023-02-28 16:36:22.174] [cout] [info]         control: /forceset/arm_flex_r_actuator, weight: 1.0
[2023-02-28 16:36:22.174] [cout] [info]         control: /forceset/arm_add_r_actuator, weight: 1.0
[2023-02-28 16:36:22.174] [cout] [info]         control: /forceset/arm_rot_r_actuator, weight: 1.0
[2023-02-28 16:36:22.174] [cout] [info]         control: /forceset/elbow_flex_r_actuator, weight: 1.0
[2023-02-28 16:36:22.174] [cout] [info]         control: /forceset/pro_sup_r_actuator, weight: 1.0
[2023-02-28 16:36:22.174] [cout] [info]         control: /forceset/arm_flex_l_actuator, weight: 1.0
[2023-02-28 16:36:22.174] [cout] [info]         control: /forceset/arm_add_l_actuator, weight: 1.0
[2023-02-28 16:36:22.174] [cout] [info]         control: /forceset/arm_rot_l_actuator, weight: 1.0
[2023-02-28 16:36:22.175] [cout] [info]         control: /forceset/elbow_flex_l_actuator, weight: 1.0
[2023-02-28 16:36:22.175] [cout] [info]         control: /forceset/pro_sup_l_actuator, weight: 1.0
[2023-02-28 16:36:22.175] [cout] [info] Endpoint constraints: none
[2023-02-28 16:36:22.175] [cout] [info] Kinematic constraints: (total: 8)
[2023-02-28 16:36:22.175] [cout] [info]   kinematic_constraint_cid27. MocoConstraintInfo. number of scalar equations: 3. bounds: 0, 0, 0
[2023-02-28 16:36:22.175] [cout] [info]   kinematic_constraint_cid28. MocoConstraintInfo. number of scalar equations: 3. bounds: 0, 0, 0
[2023-02-28 16:36:22.175] [cout] [info]   kinematic_constraint_cid31. MocoConstraintInfo. number of scalar equations: 3. bounds: 0, 0, 0
[2023-02-28 16:36:22.175] [cout] [info]   kinematic_constraint_cid32. MocoConstraintInfo. number of scalar equations: 3. bounds: 0, 0, 0
[2023-02-28 16:36:22.175] [cout] [info]   kinematic_constraint_cid33. MocoConstraintInfo. number of scalar equations: 3. bounds: 0, 0, 0
[2023-02-28 16:36:22.175] [cout] [info]   kinematic_constraint_cid34. MocoConstraintInfo. number of scalar equations: 3. bounds: 0, 0, 0
[2023-02-28 16:36:22.175] [cout] [info]   kinematic_constraint_cid35. MocoConstraintInfo. number of scalar equations: 3. bounds: 0, 0, 0
[2023-02-28 16:36:22.175] [cout] [info]   kinematic_constraint_cid36. MocoConstraintInfo. number of scalar equations: 3. bounds: 0, 0, 0
[2023-02-28 16:36:22.175] [cout] [info] Path constraints: none
[2023-02-28 16:36:22.175] [cout] [info] States: (total: 74)
[2023-02-28 16:36:22.175] [cout] [info]   /jointset/ground_pelvis/pelvis_tilt/value. bounds: [-0.501012, 0.0138697]
[2023-02-28 16:36:22.175] [cout] [info]   /jointset/ground_pelvis/pelvis_list/value. bounds: [-0.295914, 0.320789]
[2023-02-28 16:36:22.175] [cout] [info]   /jointset/radioulnar_r/pro_sup_r/value. bounds: [1.35155, 2.36462]
[2023-02-28 16:36:22.175] [cout] [info]   /jointset/ground_pelvis/pelvis_rotation/value. bounds: [-0.450481, 0.313258]
[2023-02-28 16:36:22.175] [cout] [info]   /jointset/ground_pelvis/pelvis_tx/value. bounds: [0.747715, 1.25022]
[2023-02-28 16:36:22.175] [cout] [info]   /jointset/elbow_r/elbow_flex_r/value. bounds: [1.28347, 2.63867]
[2023-02-28 16:36:22.175] [cout] [info]   /jointset/ground_pelvis/pelvis_ty/value. bounds: [0.84003, 1.1457]
[2023-02-28 16:36:22.175] [cout] [info]   /jointset/radius_hand_l/wrist_flex_l/speed. bounds: [-50, 50]
[2023-02-28 16:36:22.175] [cout] [info]   /jointset/ground_pelvis/pelvis_tz/value. bounds: [-0.560349, -0.128783]
[2023-02-28 16:36:22.175] [cout] [info]   /jointset/hip_r/hip_adduction_r/speed. bounds: [-50, 50]
[2023-02-28 16:36:22.175] [cout] [info]   /jointset/ankle_r/ankle_angle_r/value. bounds: [-0.661338, 0.655463]
[2023-02-28 16:36:22.175] [cout] [info]   /jointset/hip_r/hip_flexion_r/value. bounds: [-0.390602, 1.27635]
[2023-02-28 16:36:22.175] [cout] [info]   /jointset/hip_r/hip_adduction_r/value. bounds: [-0.258626, 0.410449]
[2023-02-28 16:36:22.175] [cout] [info]   /jointset/back/lumbar_rotation/speed. bounds: [-50, 50]
[2023-02-28 16:36:22.175] [cout] [info]   /jointset/hip_r/hip_rotation_r/value. bounds: [-0.264972, 0.245551]
[2023-02-28 16:36:22.175] [cout] [info]   /jointset/mtp_l/mtp_angle_l/speed. bounds: [-50, 50]
[2023-02-28 16:36:22.175] [cout] [info]   /jointset/knee_r/knee_angle_r/value. bounds: [-2.44545, 0.0780049]
[2023-02-28 16:36:22.175] [cout] [info]   /jointset/subtalar_r/subtalar_angle_r/value. bounds: [-1.5708, 1.5708]
[2023-02-28 16:36:22.175] [cout] [info]   /jointset/hip_l/hip_flexion_l/value. bounds: [-0.440473, 1.30454]
[2023-02-28 16:36:22.175] [cout] [info]   /jointset/hip_l/hip_adduction_l/value. bounds: [-0.281036, 0.374457]
[2023-02-28 16:36:22.175] [cout] [info]   /jointset/hip_l/hip_rotation_l/value. bounds: [-0.302546, 0.379546]
[2023-02-28 16:36:22.175] [cout] [info]   /jointset/knee_l/knee_angle_l/value. bounds: [-2.42727, 0.238028]
[2023-02-28 16:36:22.176] [cout] [info]   /jointset/knee_r/knee_angle_r/speed. bounds: [-50, 50]
[2023-02-28 16:36:22.176] [cout] [info]   /jointset/ankle_l/ankle_angle_l/value. bounds: [-0.744813, 0.641334]
[2023-02-28 16:36:22.176] [cout] [info]   /jointset/back/lumbar_extension/value. bounds: [-0.223255, 0.344329]
[2023-02-28 16:36:22.176] [cout] [info]   /jointset/back/lumbar_bending/value. bounds: [-0.264593, 0.293521]
[2023-02-28 16:36:22.176] [cout] [info]   /jointset/back/lumbar_rotation/value. bounds: [-0.292553, 0.414046]
[2023-02-28 16:36:22.176] [cout] [info]   /jointset/acromial_r/arm_flex_r/value. bounds: [-1.1384, -0.119537]
[2023-02-28 16:36:22.176] [cout] [info]   /jointset/acromial_r/arm_add_r/value. bounds: [-0.58125, -0.215299]
[2023-02-28 16:36:22.176] [cout] [info]   /jointset/acromial_r/arm_rot_r/value. bounds: [-0.528995, 0.0585819]
[2023-02-28 16:36:22.176] [cout] [info]   /jointset/acromial_l/arm_flex_l/value. bounds: [-1.21414, -0.305028]
[2023-02-28 16:36:22.176] [cout] [info]   /jointset/acromial_l/arm_add_l/value. bounds: [-0.523085, -0.0483839]
[2023-02-28 16:36:22.176] [cout] [info]   /jointset/acromial_l/arm_rot_l/value. bounds: [-0.471923, 0.064457]
[2023-02-28 16:36:22.176] [cout] [info]   /jointset/elbow_l/elbow_flex_l/value. bounds: [1.50863, 2.71644]
[2023-02-28 16:36:22.176] [cout] [info]   /jointset/radioulnar_l/pro_sup_l/value. bounds: [1.56435, 2.20488]
[2023-02-28 16:36:22.176] [cout] [info]   /jointset/ground_pelvis/pelvis_tilt/speed. bounds: [-50, 50]
[2023-02-28 16:36:22.176] [cout] [info]   /jointset/ground_pelvis/pelvis_list/speed. bounds: [-50, 50]
[2023-02-28 16:36:22.176] [cout] [info]   /jointset/radioulnar_r/pro_sup_r/speed. bounds: [-50, 50]
[2023-02-28 16:36:22.176] [cout] [info]   /jointset/ground_pelvis/pelvis_rotation/speed. bounds: [-50, 50]
[2023-02-28 16:36:22.176] [cout] [info]   /jointset/ground_pelvis/pelvis_tx/speed. bounds: [-50, 50]
[2023-02-28 16:36:22.176] [cout] [info]   /jointset/elbow_r/elbow_flex_r/speed. bounds: [-50, 50]
[2023-02-28 16:36:22.176] [cout] [info]   /jointset/ground_pelvis/pelvis_ty/speed. bounds: [-50, 50]
[2023-02-28 16:36:22.176] [cout] [info]   /jointset/ground_pelvis/pelvis_tz/speed. bounds: [-50, 50]
[2023-02-28 16:36:22.176] [cout] [info]   /jointset/ankle_r/ankle_angle_r/speed. bounds: [-50, 50]
[2023-02-28 16:36:22.176] [cout] [info]   /jointset/hip_r/hip_flexion_r/speed. bounds: [-50, 50]
[2023-02-28 16:36:22.176] [cout] [info]   /jointset/hip_r/hip_rotation_r/speed. bounds: [-50, 50]
[2023-02-28 16:36:22.176] [cout] [info]   /jointset/hip_l/hip_flexion_l/speed. bounds: [-50, 50]
[2023-02-28 16:36:22.176] [cout] [info]   /jointset/subtalar_r/subtalar_angle_r/speed. bounds: [-50, 50]
[2023-02-28 16:36:22.176] [cout] [info]   /jointset/mtp_r/mtp_angle_r/value. bounds: [-1.5708, 1.5708]
[2023-02-28 16:36:22.176] [cout] [info]   /jointset/mtp_r/mtp_angle_r/speed. bounds: [-50, 50]
[2023-02-28 16:36:22.176] [cout] [info]   /jointset/hip_l/hip_adduction_l/speed. bounds: [-50, 50]
[2023-02-28 16:36:22.176] [cout] [info]   /jointset/hip_l/hip_rotation_l/speed. bounds: [-50, 50]
[2023-02-28 16:36:22.176] [cout] [info]   /jointset/knee_l/knee_angle_l/speed. bounds: [-50, 50]
[2023-02-28 16:36:22.176] [cout] [info]   /jointset/ankle_l/ankle_angle_l/speed. bounds: [-50, 50]
[2023-02-28 16:36:22.176] [cout] [info]   /jointset/subtalar_l/subtalar_angle_l/value. bounds: [-1.5708, 1.5708]
[2023-02-28 16:36:22.176] [cout] [info]   /jointset/subtalar_l/subtalar_angle_l/speed. bounds: [-50, 50]
[2023-02-28 16:36:22.176] [cout] [info]   /jointset/mtp_l/mtp_angle_l/value. bounds: [-1.0472, 1.0472]
[2023-02-28 16:36:22.176] [cout] [info]   /jointset/back/lumbar_extension/speed. bounds: [-50, 50]
[2023-02-28 16:36:22.177] [cout] [info]   /jointset/back/lumbar_bending/speed. bounds: [-50, 50]
[2023-02-28 16:36:22.177] [cout] [info]   /jointset/acromial_r/arm_flex_r/speed. bounds: [-50, 50]
[2023-02-28 16:36:22.177] [cout] [info]   /jointset/acromial_r/arm_add_r/speed. bounds: [-50, 50]
[2023-02-28 16:36:22.177] [cout] [info]   /jointset/acromial_r/arm_rot_r/speed. bounds: [-50, 50]
[2023-02-28 16:36:22.177] [cout] [info]   /jointset/radius_hand_r/wrist_flex_r/value. bounds: [-1.22173, 1.22173]
[2023-02-28 16:36:22.177] [cout] [info]   /jointset/radius_hand_r/wrist_flex_r/speed. bounds: [-50, 50]
[2023-02-28 16:36:22.177] [cout] [info]   /jointset/radius_hand_r/wrist_dev_r/value. bounds: [-0.436332, 0.610865]
[2023-02-28 16:36:22.177] [cout] [info]   /jointset/radius_hand_r/wrist_dev_r/speed. bounds: [-50, 50]
[2023-02-28 16:36:22.177] [cout] [info]   /jointset/acromial_l/arm_flex_l/speed. bounds: [-50, 50]
[2023-02-28 16:36:22.177] [cout] [info]   /jointset/acromial_l/arm_add_l/speed. bounds: [-50, 50]
[2023-02-28 16:36:22.177] [cout] [info]   /jointset/acromial_l/arm_rot_l/speed. bounds: [-50, 50]
[2023-02-28 16:36:22.177] [cout] [info]   /jointset/elbow_l/elbow_flex_l/speed. bounds: [-50, 50]
[2023-02-28 16:36:22.177] [cout] [info]   /jointset/radioulnar_l/pro_sup_l/speed. bounds: [-50, 50]
[2023-02-28 16:36:22.177] [cout] [info]   /jointset/radius_hand_l/wrist_flex_l/value. bounds: [-1.22173, 1.22173]
[2023-02-28 16:36:22.177] [cout] [info]   /jointset/radius_hand_l/wrist_dev_l/value. bounds: [-0.436332, 0.610865]
[2023-02-28 16:36:22.177] [cout] [info]   /jointset/radius_hand_l/wrist_dev_l/speed. bounds: [-50, 50]
[2023-02-28 16:36:22.177] [cout] [info] Controls: (total: 29)
[2023-02-28 16:36:22.177] [cout] [info]   /forceset/pelvis_tx_actuator. bounds: [-10000, 10000]
[2023-02-28 16:36:22.177] [cout] [info]   /forceset/pelvis_ty_actuator. bounds: [-10000, 10000]
[2023-02-28 16:36:22.177] [cout] [info]   /forceset/pelvis_tz_actuator. bounds: [-10000, 10000]
[2023-02-28 16:36:22.177] [cout] [info]   /forceset/arm_flex_r_actuator. bounds: [-1, 1]
[2023-02-28 16:36:22.177] [cout] [info]   /forceset/hip_rotation_r_actuator. bounds: [-1, 1]
[2023-02-28 16:36:22.177] [cout] [info]   /forceset/pelvis_tilt_actuator. bounds: [-10000, 10000]
[2023-02-28 16:36:22.177] [cout] [info]   /forceset/pelvis_list_actuator. bounds: [-10000, 10000]
[2023-02-28 16:36:22.177] [cout] [info]   /forceset/pelvis_rotation_actuator. bounds: [-10000, 10000]
[2023-02-28 16:36:22.177] [cout] [info]   /forceset/elbow_flex_l_actuator. bounds: [-1, 1]
[2023-02-28 16:36:22.177] [cout] [info]   /forceset/hip_adduction_l_actuator. bounds: [-1, 1]
[2023-02-28 16:36:22.177] [cout] [info]   /forceset/hip_flexion_r_actuator. bounds: [-1, 1]
[2023-02-28 16:36:22.177] [cout] [info]   /forceset/elbow_flex_r_actuator. bounds: [-1, 1]
[2023-02-28 16:36:22.177] [cout] [info]   /forceset/hip_flexion_l_actuator. bounds: [-1, 1]
[2023-02-28 16:36:22.177] [cout] [info]   /forceset/hip_adduction_r_actuator. bounds: [-1, 1]
[2023-02-28 16:36:22.177] [cout] [info]   /forceset/knee_angle_r_actuator. bounds: [-1, 1]
[2023-02-28 16:36:22.177] [cout] [info]   /forceset/lumbar_rotation_actuator. bounds: [-1, 1]
[2023-02-28 16:36:22.177] [cout] [info]   /forceset/ankle_angle_r_actuator. bounds: [-1, 1]
[2023-02-28 16:36:22.177] [cout] [info]   /forceset/arm_flex_l_actuator. bounds: [-1, 1]
[2023-02-28 16:36:22.177] [cout] [info]   /forceset/hip_rotation_l_actuator. bounds: [-1, 1]
[2023-02-28 16:36:22.178] [cout] [info]   /forceset/knee_angle_l_actuator. bounds: [-1, 1]
[2023-02-28 16:36:22.178] [cout] [info]   /forceset/ankle_angle_l_actuator. bounds: [-1, 1]
[2023-02-28 16:36:22.178] [cout] [info]   /forceset/lumbar_extension_actuator. bounds: [-1, 1]
[2023-02-28 16:36:22.178] [cout] [info]   /forceset/lumbar_bending_actuator. bounds: [-1, 1]
[2023-02-28 16:36:22.178] [cout] [info]   /forceset/arm_add_r_actuator. bounds: [-1, 1]
[2023-02-28 16:36:22.178] [cout] [info]   /forceset/arm_rot_r_actuator. bounds: [-1, 1]
[2023-02-28 16:36:22.178] [cout] [info]   /forceset/pro_sup_r_actuator. bounds: [-1, 1]
[2023-02-28 16:36:22.178] [cout] [info]   /forceset/arm_add_l_actuator. bounds: [-1, 1]
[2023-02-28 16:36:22.178] [cout] [info]   /forceset/arm_rot_l_actuator. bounds: [-1, 1]
[2023-02-28 16:36:22.178] [cout] [info]   /forceset/pro_sup_l_actuator. bounds: [-1, 1]
[2023-02-28 16:36:22.178] [cout] [info] Parameters: none
[2023-02-28 16:36:22.230] [info] ExternalForce::externalforce Data source being set to Run_500 02_newCOP3_v24.mot
[2023-02-28 16:36:22.230] [info] ExternalForce::externalforce_0 Data source being set to Run_500 02_newCOP3_v24.mot
[2023-02-28 16:36:22.302] [info] ExternalForce::externalforce Data source being set to Run_500 02_newCOP3_v24.mot
[2023-02-28 16:36:22.302] [info] ExternalForce::externalforce_0 Data source being set to Run_500 02_newCOP3_v24.mot
[2023-02-28 16:36:22.371] [info] ExternalForce::externalforce Data source being set to Run_500 02_newCOP3_v24.mot
[2023-02-28 16:36:22.371] [info] ExternalForce::externalforce_0 Data source being set to Run_500 02_newCOP3_v24.mot
[2023-02-28 16:36:22.440] [info] ExternalForce::externalforce Data source being set to Run_500 02_newCOP3_v24.mot
[2023-02-28 16:36:22.440] [info] ExternalForce::externalforce_0 Data source being set to Run_500 02_newCOP3_v24.mot
[2023-02-28 16:36:22.501] [info] ExternalForce::externalforce Data source being set to Run_500 02_newCOP3_v24.mot
[2023-02-28 16:36:22.501] [info] ExternalForce::externalforce_0 Data source being set to Run_500 02_newCOP3_v24.mot
[2023-02-28 16:36:22.564] [info] ExternalForce::externalforce Data source being set to Run_500 02_newCOP3_v24.mot
[2023-02-28 16:36:22.564] [info] ExternalForce::externalforce_0 Data source being set to Run_500 02_newCOP3_v24.mot
[2023-02-28 16:36:22.628] [info] ExternalForce::externalforce Data source being set to Run_500 02_newCOP3_v24.mot
[2023-02-28 16:36:22.628] [info] ExternalForce::externalforce_0 Data source being set to Run_500 02_newCOP3_v24.mot
[2023-02-28 16:36:22.692] [info] ExternalForce::externalforce Data source being set to Run_500 02_newCOP3_v24.mot
[2023-02-28 16:36:22.692] [info] ExternalForce::externalforce_0 Data source being set to Run_500 02_newCOP3_v24.mot
[2023-02-28 16:36:22.756] [info] ExternalForce::externalforce Data source being set to Run_500 02_newCOP3_v24.mot
[2023-02-28 16:36:22.756] [info] ExternalForce::externalforce_0 Data source being set to Run_500 02_newCOP3_v24.mot
[2023-02-28 16:36:22.819] [info] ExternalForce::externalforce Data source being set to Run_500 02_newCOP3_v24.mot
[2023-02-28 16:36:22.819] [info] ExternalForce::externalforce_0 Data source being set to Run_500 02_newCOP3_v24.mot
[2023-02-28 16:36:22.882] [info] ExternalForce::externalforce Data source being set to Run_500 02_newCOP3_v24.mot
[2023-02-28 16:36:22.882] [info] ExternalForce::externalforce_0 Data source being set to Run_500 02_newCOP3_v24.mot
[2023-02-28 16:36:22.945] [info] ExternalForce::externalforce Data source being set to Run_500 02_newCOP3_v24.mot
[2023-02-28 16:36:22.945] [info] ExternalForce::externalforce_0 Data source being set to Run_500 02_newCOP3_v24.mot
[2023-02-28 16:36:23.007] [info] ExternalForce::externalforce Data source being set to Run_500 02_newCOP3_v24.mot
[2023-02-28 16:36:23.007] [info] ExternalForce::externalforce_0 Data source being set to Run_500 02_newCOP3_v24.mot
[2023-02-28 16:36:23.074] [info] ExternalForce::externalforce Data source being set to Run_500 02_newCOP3_v24.mot
[2023-02-28 16:36:23.074] [info] ExternalForce::externalforce_0 Data source being set to Run_500 02_newCOP3_v24.mot
[2023-02-28 16:36:23.137] [info] ExternalForce::externalforce Data source being set to Run_500 02_newCOP3_v24.mot
[2023-02-28 16:36:23.138] [info] ExternalForce::externalforce_0 Data source being set to Run_500 02_newCOP3_v24.mot
[2023-02-28 16:36:23.201] [info] ExternalForce::externalforce Data source being set to Run_500 02_newCOP3_v24.mot
[2023-02-28 16:36:23.201] [info] ExternalForce::externalforce_0 Data source being set to Run_500 02_newCOP3_v24.mot
[2023-02-28 16:36:23.213] [info] Number of threads: 8
[2023-02-28 16:49:30.253] [info] Set log level to Info.
[2023-02-28 16:49:30.264] [info] ------------------------------------------------------------------------
[2023-02-28 16:49:30.264] [info] Elapsed real time: 788 second(s) (13 minute(s), 8 second(s)).
[2023-02-28 16:49:30.264] [info] Tue Feb 28 16:49:30 2023
[2023-02-28 16:49:30.264] [info] MocoCasADiSolver succeeded!
[2023-02-28 16:49:30.264] [info] ========================================================================
