[2023-02-28 16:22:01.553] [info] AbstractTool subject01_run5_cycle1 loading model ..\..\model\subject01_adjusted_scaled.osim
[2023-02-28 16:22:01.595] [info] Loaded model subject01_scaled from file ..\..\model\subject01_adjusted_scaled.osim
[2023-02-28 16:22:01.634] [info] Adding force object set from subject01_run5_RRA_Actuators.xml
[2023-02-28 16:22:01.647] [info] Running tool subject01_run5_cycle1.
[2023-02-28 16:22:01.658] [warning] ExternalLoads 'externalloads' has subcomponents with duplicate name 'externalforce'. The duplicate is being renamed to 'externalforce_0'.
[2023-02-28 16:22:01.679] [info] 	taskSet size = 29.
[2023-02-28 16:22:01.729] [info] ExternalForce::externalforce Data source being set to Run_500 02_newCOP3_v24.mot
[2023-02-28 16:22:01.729] [info] ExternalForce::externalforce_0 Data source being set to Run_500 02_newCOP3_v24.mot
[2023-02-28 16:22:01.732] [warning] A desired points file was not specified.
[2023-02-28 16:22:01.732] [info] Loading desired kinematics from file '..\..\ik\Run_5.mot'...
[2023-02-28 16:22:01.739] [info] Old version storage/motion file encountered
[2023-02-28 16:22:01.739] [info] Storage: read data file = ..\..\ik\Run_5.mot (nr=393 nc=164)
[2023-02-28 16:22:01.739] [info] .. assuming rotations in Degrees..
[2023-02-28 16:22:01.773] [info] Low-pass filtering desired kinematics with a cutoff frequency of 15.0...
[2023-02-28 16:22:01.901] [cout] [info] MODEL: subject01_scaled

numStates = 74
numCoordinates = 37
numSpeeds = 37
numActuators = 29
numBodies = 20
numConstraints = 0
numProbes = 0

ANALYSES (total: 0)

BODIES (total: 20)
body[0] = pelvis. mass: 11.4128
              moments of inertia:  ~[0.0967035,0.0967035,0.0562156]
              products of inertia: ~[0,0,0]
body[1] = femur_r. mass: 9.01374
              moments of inertia:  ~[0.170153,0.0446031,0.179429]
              products of inertia: ~[0,0,0]
body[2] = tibia_r. mass: 3.59284
              moments of inertia:  ~[0.0546712,0.0055322,0.0554305]
              products of inertia: ~[0,0,0]
body[3] = talus_r. mass: 0.0969073
              moments of inertia:  ~[0.00142711,0.00142711,0.00142711]
              products of inertia: ~[0,0,0]
body[4] = calcn_r. mass: 1.21134
              moments of inertia:  ~[0.00199795,0.00556571,0.00585113]
              products of inertia: ~[0,0,0]
body[5] = toes_r. mass: 0.209901
              moments of inertia:  ~[0.000142711,0.000285421,0.00142711]
              products of inertia: ~[0,0,0]
body[6] = femur_l. mass: 9.01374
              moments of inertia:  ~[0.170153,0.0446031,0.179429]
              products of inertia: ~[0,0,0]
body[7] = tibia_l. mass: 3.59284
              moments of inertia:  ~[0.0546712,0.0055322,0.0554305]
              products of inertia: ~[0,0,0]
body[8] = talus_l. mass: 0.0969073
              moments of inertia:  ~[0.00142711,0.00142711,0.00142711]
              products of inertia: ~[0,0,0]
body[9] = calcn_l. mass: 1.21134
              moments of inertia:  ~[0.00199795,0.00556571,0.00585113]
              products of inertia: ~[0,0,0]
body[10] = toes_l. mass: 0.209901
              moments of inertia:  ~[0.000142711,0.000285421,0.00142711]
              products of inertia: ~[0,0,0]
body[11] = torso. mass: 25.9969
              moments of inertia:  ~[1.50848,0.77291,1.46439]
              products of inertia: ~[0,0,0]
body[12] = humerus_r. mass: 1.96964
              moments of inertia:  ~[0.0141243,0.00487245,0.0158541]
              products of inertia: ~[0,0,0]
body[13] = ulna_r. mass: 0.588712
              moments of inertia:  ~[0.00354855,0.00074038,0.00384926]
              products of inertia: ~[0,0,0]
body[14] = radius_r. mass: 0.588712
              moments of inertia:  ~[0.00354855,0.00074038,0.00384926]
              products of inertia: ~[0,0,0]
body[15] = hand_r. mass: 0.443351
              moments of inertia:  ~[0.00106864,0.00065532,0.00160535]
              products of inertia: ~[0,0,0]
body[16] = humerus_l. mass: 1.96964
              moments of inertia:  ~[0.0143116,0.00493706,0.0160643]
              products of inertia: ~[0,0,0]
body[17] = ulna_l. mass: 0.588712
              moments of inertia:  ~[0.00354855,0.00074038,0.00384926]
              products of inertia: ~[0,0,0]
body[18] = radius_l. mass: 0.588712
              moments of inertia:  ~[0.00354855,0.00074038,0.00384926]
              products of inertia: ~[0,0,0]
body[19] = hand_l. mass: 0.443351
              moments of inertia:  ~[0.00106864,0.00065532,0.00160535]
              products of inertia: ~[0,0,0]

JOINTS (total: 20)
joint[0] = ground_pelvis. parent: ground_offset, child: pelvis_offset
joint[1] = hip_r. parent: pelvis_offset, child: femur_r_offset
joint[2] = knee_r. parent: femur_r_offset, child: tibia_r_offset
joint[3] = ankle_r. parent: tibia_r_offset, child: talus_r_offset
joint[4] = subtalar_r. parent: talus_r_offset, child: calcn_r_offset
joint[5] = mtp_r. parent: calcn_r_offset, child: toes_r_offset
joint[6] = hip_l. parent: pelvis_offset, child: femur_l_offset
joint[7] = knee_l. parent: femur_l_offset, child: tibia_l_offset
joint[8] = ankle_l. parent: tibia_l_offset, child: talus_l_offset
joint[9] = subtalar_l. parent: talus_l_offset, child: calcn_l_offset
joint[10] = mtp_l. parent: calcn_l_offset, child: toes_l_offset
joint[11] = back. parent: pelvis_offset, child: torso_offset
joint[12] = acromial_r. parent: torso_offset, child: humerus_r_offset
joint[13] = elbow_r. parent: humerus_r_offset, child: ulna_r_offset
joint[14] = radioulnar_r. parent: ulna_r_offset, child: radius_r_offset
joint[15] = radius_hand_r. parent: radius_r_offset, child: hand_r_offset
joint[16] = acromial_l. parent: torso_offset, child: humerus_l_offset
joint[17] = elbow_l. parent: humerus_l_offset, child: ulna_l_offset
joint[18] = radioulnar_l. parent: ulna_l_offset, child: radius_l_offset
joint[19] = radius_hand_l. parent: radius_l_offset, child: hand_l_offset

ACTUATORS (total: 29)
actuator[0] = FX
actuator[1] = FY
actuator[2] = FZ
actuator[3] = MZ
actuator[4] = MX
actuator[5] = MY
actuator[6] = hip_flexion_r
actuator[7] = hip_adduction_r
actuator[8] = hip_rotation_r
actuator[9] = knee_angle_r
actuator[10] = ankle_angle_r
actuator[11] = hip_flexion_l
actuator[12] = hip_adduction_l
actuator[13] = hip_rotation_l
actuator[14] = knee_angle_l
actuator[15] = ankle_angle_l
actuator[16] = lumbar_extension
actuator[17] = lumbar_bending
actuator[18] = lumbar_rotation
actuator[19] = arm_flex_r
actuator[20] = arm_add_r
actuator[21] = arm_rot_r
actuator[22] = elbow_flex_r
actuator[23] = pro_sup_r
actuator[24] = arm_flex_l
actuator[25] = arm_add_l
actuator[26] = arm_rot_l
actuator[27] = elbow_flex_l
actuator[28] = pro_sup_l

STATES (total: 74)
y[0] = /jointset/ground_pelvis/pelvis_tilt/value
y[1] = /jointset/ground_pelvis/pelvis_tilt/speed
y[2] = /jointset/ground_pelvis/pelvis_list/value
y[3] = /jointset/ground_pelvis/pelvis_list/speed
y[4] = /jointset/ground_pelvis/pelvis_rotation/value
y[5] = /jointset/ground_pelvis/pelvis_rotation/speed
y[6] = /jointset/ground_pelvis/pelvis_tx/value
y[7] = /jointset/ground_pelvis/pelvis_tx/speed
y[8] = /jointset/ground_pelvis/pelvis_ty/value
y[9] = /jointset/ground_pelvis/pelvis_ty/speed
y[10] = /jointset/ground_pelvis/pelvis_tz/value
y[11] = /jointset/ground_pelvis/pelvis_tz/speed
y[12] = /jointset/hip_r/hip_flexion_r/value
y[13] = /jointset/hip_r/hip_flexion_r/speed
y[14] = /jointset/hip_r/hip_adduction_r/value
y[15] = /jointset/hip_r/hip_adduction_r/speed
y[16] = /jointset/hip_r/hip_rotation_r/value
y[17] = /jointset/hip_r/hip_rotation_r/speed
y[18] = /jointset/knee_r/knee_angle_r/value
y[19] = /jointset/knee_r/knee_angle_r/speed
y[20] = /jointset/ankle_r/ankle_angle_r/value
y[21] = /jointset/ankle_r/ankle_angle_r/speed
y[22] = /jointset/subtalar_r/subtalar_angle_r/value
y[23] = /jointset/subtalar_r/subtalar_angle_r/speed
y[24] = /jointset/mtp_r/mtp_angle_r/value
y[25] = /jointset/mtp_r/mtp_angle_r/speed
y[26] = /jointset/hip_l/hip_flexion_l/value
y[27] = /jointset/hip_l/hip_flexion_l/speed
y[28] = /jointset/hip_l/hip_adduction_l/value
y[29] = /jointset/hip_l/hip_adduction_l/speed
y[30] = /jointset/hip_l/hip_rotation_l/value
y[31] = /jointset/hip_l/hip_rotation_l/speed
y[32] = /jointset/knee_l/knee_angle_l/value
y[33] = /jointset/knee_l/knee_angle_l/speed
y[34] = /jointset/ankle_l/ankle_angle_l/value
y[35] = /jointset/ankle_l/ankle_angle_l/speed
y[36] = /jointset/subtalar_l/subtalar_angle_l/value
y[37] = /jointset/subtalar_l/subtalar_angle_l/speed
y[38] = /jointset/mtp_l/mtp_angle_l/value
y[39] = /jointset/mtp_l/mtp_angle_l/speed
y[40] = /jointset/back/lumbar_extension/value
y[41] = /jointset/back/lumbar_extension/speed
y[42] = /jointset/back/lumbar_bending/value
y[43] = /jointset/back/lumbar_bending/speed
y[44] = /jointset/back/lumbar_rotation/value
y[45] = /jointset/back/lumbar_rotation/speed
y[46] = /jointset/acromial_r/arm_flex_r/value
y[47] = /jointset/acromial_r/arm_flex_r/speed
y[48] = /jointset/acromial_r/arm_add_r/value
y[49] = /jointset/acromial_r/arm_add_r/speed
y[50] = /jointset/acromial_r/arm_rot_r/value
y[51] = /jointset/acromial_r/arm_rot_r/speed
y[52] = /jointset/elbow_r/elbow_flex_r/value
y[53] = /jointset/elbow_r/elbow_flex_r/speed
y[54] = /jointset/radioulnar_r/pro_sup_r/value
y[55] = /jointset/radioulnar_r/pro_sup_r/speed
y[56] = /jointset/radius_hand_r/wrist_flex_r/value
y[57] = /jointset/radius_hand_r/wrist_flex_r/speed
y[58] = /jointset/radius_hand_r/wrist_dev_r/value
y[59] = /jointset/radius_hand_r/wrist_dev_r/speed
y[60] = /jointset/acromial_l/arm_flex_l/value
y[61] = /jointset/acromial_l/arm_flex_l/speed
y[62] = /jointset/acromial_l/arm_add_l/value
y[63] = /jointset/acromial_l/arm_add_l/speed
y[64] = /jointset/acromial_l/arm_rot_l/value
y[65] = /jointset/acromial_l/arm_rot_l/speed
y[66] = /jointset/elbow_l/elbow_flex_l/value
y[67] = /jointset/elbow_l/elbow_flex_l/speed
y[68] = /jointset/radioulnar_l/pro_sup_l/value
y[69] = /jointset/radioulnar_l/pro_sup_l/speed
y[70] = /jointset/radius_hand_l/wrist_flex_l/value
y[71] = /jointset/radius_hand_l/wrist_flex_l/speed
y[72] = /jointset/radius_hand_l/wrist_dev_l/value
y[73] = /jointset/radius_hand_l/wrist_dev_l/speed

[2023-02-28 16:22:02.173] [info] Requested COM adjustment time range 0.549 to 1.143, clamped to nearest available data times: 0.54 to 1.14.
[2023-02-28 16:22:02.173] [info] Computing average residuals between 0.54 and 1.14...
[2023-02-28 16:22:02.219] [info] ExternalForce::externalforce Data source being set to Run_500 02_newCOP3_v24.mot
[2023-02-28 16:22:02.219] [info] ExternalForce::externalforce_0 Data source being set to Run_500 02_newCOP3_v24.mot
[2023-02-28 16:22:02.264] [info] ExternalForce::externalforce Data source being set to Run_500 02_newCOP3_v24.mot
[2023-02-28 16:22:02.264] [info] ExternalForce::externalforce_0 Data source being set to Run_500 02_newCOP3_v24.mot
[2023-02-28 16:22:03.042] [info] ExternalForce::externalforce Data source being set to Run_500 02_newCOP3_v24.mot
[2023-02-28 16:22:03.042] [info] ExternalForce::externalforce_0 Data source being set to Run_500 02_newCOP3_v24.mot
[2023-02-28 16:22:03.045] [info] Computing average residuals between 0.54 and 1.14...
[2023-02-28 16:22:03.093] [info] ExternalForce::externalforce Data source being set to Run_500 02_newCOP3_v24.mot
[2023-02-28 16:22:03.093] [info] ExternalForce::externalforce_0 Data source being set to Run_500 02_newCOP3_v24.mot
[2023-02-28 16:22:03.129] [info] ExternalForce::externalforce Data source being set to Run_500 02_newCOP3_v24.mot
[2023-02-28 16:22:03.129] [info] ExternalForce::externalforce_0 Data source being set to Run_500 02_newCOP3_v24.mot
[2023-02-28 16:22:03.817] [info] Constructing function set for tracking desired kinematics...
[2023-02-28 16:22:04.265] [warning] No Actuation analysis found in analysis set, adding one...
[2023-02-28 16:22:04.266] [warning] No Kinematics analysis found in analysis set, adding one...
[2023-02-28 16:22:04.269] [info] Using the generalized coordinates specified in '..\..\ik\Run_5.mot' to set the initial configuration.
[2023-02-28 16:22:04.375] [info] Using IPOPT optimizer algorithm.
[2023-02-28 16:22:04.375] [info] Setting optimizer print level to 0.
[2023-02-28 16:22:04.375] [info] Setting optimizer convergence tolerance to 1.0e-05.
[2023-02-28 16:22:04.375] [info] Setting optimizer maximum iterations to 2000.
[2023-02-28 16:22:04.375] [info] Setting cmc controller to not use verbose printing.

[2023-02-28 16:22:04.376] [info] CMC::computeControls, t = 0.549
[2023-02-28 16:22:04.943] [info] --------------------------------------------
[2023-02-28 16:22:04.943] [info] Using CMC to track the specified kinematics:
[2023-02-28 16:22:04.943] [info] --------------------------------------------
[2023-02-28 16:22:04.943] [info]  -- Integrating from 0.549 to 1.143
[2023-02-28 16:22:04.943] [info]  -- Start time = Tue Feb 28 16:22:04 2023
[2023-02-28 16:22:04.943] [info] --------------------------------------------
[2023-02-28 16:22:04.943] [info] 
[2023-02-28 16:22:04.947] [info] CMC::computeControls, t = 0.549
[2023-02-28 16:22:04.981] [info] CMC::computeControls, t = 0.55
[2023-02-28 16:22:04.981] [warning] Coordinate.setValue:  coordinate subtalar_angle_r is locked. Unable to change its value.
[2023-02-28 16:22:04.981] [warning] Coordinate.setValue:  coordinate mtp_angle_r is locked. Unable to change its value.
[2023-02-28 16:22:04.981] [warning] Coordinate.setValue:  coordinate subtalar_angle_l is locked. Unable to change its value.
[2023-02-28 16:22:04.982] [warning] Coordinate.setValue:  coordinate mtp_angle_l is locked. Unable to change its value.
[2023-02-28 16:22:04.982] [warning] Coordinate.setValue:  coordinate wrist_flex_r is locked. Unable to change its value.
[2023-02-28 16:22:04.982] [warning] Coordinate.setValue:  coordinate wrist_dev_r is locked. Unable to change its value.
[2023-02-28 16:22:04.982] [warning] Coordinate.setValue:  coordinate wrist_flex_l is locked. Unable to change its value.
[2023-02-28 16:22:04.982] [warning] Coordinate.setValue:  coordinate wrist_dev_l is locked. Unable to change its value.
[2023-02-28 16:22:05.005] [info] CMC::computeControls, t = 0.551
[2023-02-28 16:22:05.035] [info] CMC::computeControls, t = 0.552
[2023-02-28 16:22:05.070] [info] CMC::computeControls, t = 0.553
[2023-02-28 16:22:05.095] [info] CMC::computeControls, t = 0.554
[2023-02-28 16:22:05.117] [info] CMC::computeControls, t = 0.555
[2023-02-28 16:22:05.137] [info] CMC::computeControls, t = 0.556
[2023-02-28 16:22:05.154] [info] CMC::computeControls, t = 0.557
[2023-02-28 16:22:05.170] [info] CMC::computeControls, t = 0.558
[2023-02-28 16:22:05.195] [info] CMC::computeControls, t = 0.559
[2023-02-28 16:22:05.213] [info] CMC::computeControls, t = 0.56
[2023-02-28 16:22:05.229] [info] CMC::computeControls, t = 0.561
[2023-02-28 16:22:05.248] [info] CMC::computeControls, t = 0.562
[2023-02-28 16:22:05.266] [info] CMC::computeControls, t = 0.563
[2023-02-28 16:22:05.288] [info] CMC::computeControls, t = 0.564
[2023-02-28 16:22:05.305] [info] CMC::computeControls, t = 0.565
[2023-02-28 16:22:05.325] [info] CMC::computeControls, t = 0.566
[2023-02-28 16:22:05.341] [info] CMC::computeControls, t = 0.567
[2023-02-28 16:22:05.369] [info] CMC::computeControls, t = 0.568
[2023-02-28 16:22:05.385] [info] CMC::computeControls, t = 0.569
[2023-02-28 16:22:05.413] [info] CMC::computeControls, t = 0.57
[2023-02-28 16:22:05.432] [info] CMC::computeControls, t = 0.571
[2023-02-28 16:22:05.453] [info] CMC::computeControls, t = 0.572
[2023-02-28 16:22:05.479] [info] CMC::computeControls, t = 0.573
[2023-02-28 16:22:05.518] [info] CMC::computeControls, t = 0.574
[2023-02-28 16:22:05.553] [info] CMC::computeControls, t = 0.575
[2023-02-28 16:22:05.577] [info] CMC::computeControls, t = 0.576
[2023-02-28 16:22:05.609] [info] CMC::computeControls, t = 0.577
[2023-02-28 16:22:05.637] [info] CMC::computeControls, t = 0.578
[2023-02-28 16:22:05.668] [info] CMC::computeControls, t = 0.579
[2023-02-28 16:22:05.705] [info] CMC::computeControls, t = 0.58
[2023-02-28 16:22:05.722] [info] CMC::computeControls, t = 0.581
[2023-02-28 16:22:05.748] [info] CMC::computeControls, t = 0.582
[2023-02-28 16:22:05.777] [info] CMC::computeControls, t = 0.583
[2023-02-28 16:22:05.796] [info] CMC::computeControls, t = 0.584
[2023-02-28 16:22:05.812] [info] CMC::computeControls, t = 0.585
[2023-02-28 16:22:05.834] [info] CMC::computeControls, t = 0.586
[2023-02-28 16:22:05.876] [info] CMC::computeControls, t = 0.587
[2023-02-28 16:22:05.914] [info] CMC::computeControls, t = 0.588
[2023-02-28 16:22:05.949] [info] CMC::computeControls, t = 0.589
[2023-02-28 16:22:05.988] [info] CMC::computeControls, t = 0.59
[2023-02-28 16:22:06.026] [info] CMC::computeControls, t = 0.591
[2023-02-28 16:22:06.063] [info] CMC::computeControls, t = 0.592
[2023-02-28 16:22:06.103] [info] CMC::computeControls, t = 0.593
[2023-02-28 16:22:06.127] [info] CMC::computeControls, t = 0.594
[2023-02-28 16:22:06.143] [info] CMC::computeControls, t = 0.595
[2023-02-28 16:22:06.186] [info] CMC::computeControls, t = 0.596
[2023-02-28 16:22:06.218] [info] CMC::computeControls, t = 0.597
[2023-02-28 16:22:06.243] [info] CMC::computeControls, t = 0.598
[2023-02-28 16:22:06.267] [info] CMC::computeControls, t = 0.599
[2023-02-28 16:22:06.284] [info] CMC::computeControls, t = 0.6
[2023-02-28 16:22:06.308] [info] CMC::computeControls, t = 0.601000
[2023-02-28 16:22:06.325] [info] CMC::computeControls, t = 0.602000
[2023-02-28 16:22:06.343] [info] CMC::computeControls, t = 0.603000
[2023-02-28 16:22:06.361] [info] CMC::computeControls, t = 0.604000
[2023-02-28 16:22:06.385] [info] CMC::computeControls, t = 0.605000
[2023-02-28 16:22:06.415] [info] CMC::computeControls, t = 0.606000
[2023-02-28 16:22:06.450] [info] CMC::computeControls, t = 0.607000
[2023-02-28 16:22:06.493] [info] CMC::computeControls, t = 0.608000
[2023-02-28 16:22:06.512] [info] CMC::computeControls, t = 0.609000
[2023-02-28 16:22:06.530] [info] CMC::computeControls, t = 0.61
[2023-02-28 16:22:06.554] [info] CMC::computeControls, t = 0.611
[2023-02-28 16:22:06.571] [info] CMC::computeControls, t = 0.612
[2023-02-28 16:22:06.595] [info] CMC::computeControls, t = 0.613
[2023-02-28 16:22:06.624] [info] CMC::computeControls, t = 0.614
[2023-02-28 16:22:06.643] [info] CMC::computeControls, t = 0.615
[2023-02-28 16:22:06.671] [info] CMC::computeControls, t = 0.616
[2023-02-28 16:22:06.686] [info] CMC::computeControls, t = 0.617
[2023-02-28 16:22:06.713] [info] CMC::computeControls, t = 0.618
[2023-02-28 16:22:06.728] [info] CMC::computeControls, t = 0.619
[2023-02-28 16:22:06.755] [info] CMC::computeControls, t = 0.62
[2023-02-28 16:22:06.778] [info] CMC::computeControls, t = 0.621
[2023-02-28 16:22:06.805] [info] CMC::computeControls, t = 0.622
[2023-02-28 16:22:06.826] [info] CMC::computeControls, t = 0.623
[2023-02-28 16:22:06.841] [info] CMC::computeControls, t = 0.624
[2023-02-28 16:22:06.860] [info] CMC::computeControls, t = 0.625
[2023-02-28 16:22:06.885] [info] CMC::computeControls, t = 0.626
[2023-02-28 16:22:06.918] [info] CMC::computeControls, t = 0.627
[2023-02-28 16:22:06.938] [info] CMC::computeControls, t = 0.628
[2023-02-28 16:22:06.971] [info] CMC::computeControls, t = 0.629
[2023-02-28 16:22:07.006] [info] CMC::computeControls, t = 0.63
[2023-02-28 16:22:07.036] [info] CMC::computeControls, t = 0.631
[2023-02-28 16:22:07.067] [info] CMC::computeControls, t = 0.632
[2023-02-28 16:22:07.098] [info] CMC::computeControls, t = 0.633
[2023-02-28 16:22:07.116] [info] CMC::computeControls, t = 0.634
[2023-02-28 16:22:07.142] [info] CMC::computeControls, t = 0.635
[2023-02-28 16:22:07.158] [info] CMC::computeControls, t = 0.636
[2023-02-28 16:22:07.178] [info] CMC::computeControls, t = 0.637
[2023-02-28 16:22:07.203] [info] CMC::computeControls, t = 0.638
[2023-02-28 16:22:07.221] [info] CMC::computeControls, t = 0.639
[2023-02-28 16:22:07.242] [info] CMC::computeControls, t = 0.64
[2023-02-28 16:22:07.260] [info] CMC::computeControls, t = 0.641
[2023-02-28 16:22:07.289] [info] CMC::computeControls, t = 0.642
[2023-02-28 16:22:07.316] [info] CMC::computeControls, t = 0.643
[2023-02-28 16:22:07.340] [info] CMC::computeControls, t = 0.644
[2023-02-28 16:22:07.357] [info] CMC::computeControls, t = 0.645
[2023-02-28 16:22:07.391] [info] CMC::computeControls, t = 0.646
[2023-02-28 16:22:07.411] [info] CMC::computeControls, t = 0.647
[2023-02-28 16:22:07.437] [info] CMC::computeControls, t = 0.648
[2023-02-28 16:22:07.473] [info] CMC::computeControls, t = 0.649
[2023-02-28 16:22:07.503] [info] CMC::computeControls, t = 0.65
[2023-02-28 16:22:07.518] [info] CMC::computeControls, t = 0.651
[2023-02-28 16:22:07.536] [info] CMC::computeControls, t = 0.652
[2023-02-28 16:22:07.561] [info] CMC::computeControls, t = 0.653
[2023-02-28 16:22:07.578] [info] CMC::computeControls, t = 0.654
[2023-02-28 16:22:07.595] [info] CMC::computeControls, t = 0.655
[2023-02-28 16:22:07.620] [info] CMC::computeControls, t = 0.656
[2023-02-28 16:22:07.636] [info] CMC::computeControls, t = 0.657
[2023-02-28 16:22:07.659] [info] CMC::computeControls, t = 0.658
[2023-02-28 16:22:07.682] [info] CMC::computeControls, t = 0.659
[2023-02-28 16:22:07.697] [info] CMC::computeControls, t = 0.66
[2023-02-28 16:22:07.724] [info] CMC::computeControls, t = 0.661
[2023-02-28 16:22:07.740] [info] CMC::computeControls, t = 0.662
[2023-02-28 16:22:07.765] [info] CMC::computeControls, t = 0.663
[2023-02-28 16:22:07.784] [info] CMC::computeControls, t = 0.664
[2023-02-28 16:22:07.805] [info] CMC::computeControls, t = 0.665
[2023-02-28 16:22:07.825] [info] CMC::computeControls, t = 0.666
[2023-02-28 16:22:07.845] [info] CMC::computeControls, t = 0.667
[2023-02-28 16:22:07.861] [info] CMC::computeControls, t = 0.668
[2023-02-28 16:22:07.880] [info] CMC::computeControls, t = 0.669
[2023-02-28 16:22:07.919] [info] CMC::computeControls, t = 0.67
[2023-02-28 16:22:07.935] [info] CMC::computeControls, t = 0.671
[2023-02-28 16:22:07.963] [info] CMC::computeControls, t = 0.672
[2023-02-28 16:22:07.979] [info] CMC::computeControls, t = 0.673
[2023-02-28 16:22:08.002] [info] CMC::computeControls, t = 0.674
[2023-02-28 16:22:08.029] [info] CMC::computeControls, t = 0.675
[2023-02-28 16:22:08.056] [info] CMC::computeControls, t = 0.676
[2023-02-28 16:22:08.077] [info] CMC::computeControls, t = 0.677
[2023-02-28 16:22:08.097] [info] CMC::computeControls, t = 0.678
[2023-02-28 16:22:08.128] [info] CMC::computeControls, t = 0.679
[2023-02-28 16:22:08.143] [info] CMC::computeControls, t = 0.68
[2023-02-28 16:22:08.175] [info] CMC::computeControls, t = 0.681
[2023-02-28 16:22:08.202] [info] CMC::computeControls, t = 0.682
[2023-02-28 16:22:08.237] [info] CMC::computeControls, t = 0.683
[2023-02-28 16:22:08.262] [info] CMC::computeControls, t = 0.684
[2023-02-28 16:22:08.278] [info] CMC::computeControls, t = 0.685
[2023-02-28 16:22:08.293] [info] CMC::computeControls, t = 0.686
[2023-02-28 16:22:08.321] [info] CMC::computeControls, t = 0.687
[2023-02-28 16:22:08.337] [info] CMC::computeControls, t = 0.688
[2023-02-28 16:22:08.353] [info] CMC::computeControls, t = 0.689
[2023-02-28 16:22:08.379] [info] CMC::computeControls, t = 0.69
[2023-02-28 16:22:08.396] [info] CMC::computeControls, t = 0.691
[2023-02-28 16:22:08.424] [info] CMC::computeControls, t = 0.692
[2023-02-28 16:22:08.446] [info] CMC::computeControls, t = 0.693
[2023-02-28 16:22:08.484] [info] CMC::computeControls, t = 0.694
[2023-02-28 16:22:08.508] [info] CMC::computeControls, t = 0.695
[2023-02-28 16:22:08.523] [info] CMC::computeControls, t = 0.696
[2023-02-28 16:22:08.539] [info] CMC::computeControls, t = 0.697
[2023-02-28 16:22:08.556] [info] CMC::computeControls, t = 0.698
[2023-02-28 16:22:08.584] [info] CMC::computeControls, t = 0.699
[2023-02-28 16:22:08.612] [info] CMC::computeControls, t = 0.7
[2023-02-28 16:22:08.636] [info] CMC::computeControls, t = 0.701000
[2023-02-28 16:22:08.658] [info] CMC::computeControls, t = 0.702000
[2023-02-28 16:22:08.686] [info] CMC::computeControls, t = 0.703000
[2023-02-28 16:22:08.701] [info] CMC::computeControls, t = 0.704000
[2023-02-28 16:22:08.722] [info] CMC::computeControls, t = 0.705000
[2023-02-28 16:22:08.740] [info] CMC::computeControls, t = 0.706000
[2023-02-28 16:22:08.772] [info] CMC::computeControls, t = 0.707000
[2023-02-28 16:22:08.802] [info] CMC::computeControls, t = 0.708000
[2023-02-28 16:22:08.818] [info] CMC::computeControls, t = 0.709000
[2023-02-28 16:22:08.844] [info] CMC::computeControls, t = 0.71
[2023-02-28 16:22:08.864] [info] CMC::computeControls, t = 0.711
[2023-02-28 16:22:08.888] [info] CMC::computeControls, t = 0.712
[2023-02-28 16:22:08.918] [info] CMC::computeControls, t = 0.713
[2023-02-28 16:22:08.947] [info] CMC::computeControls, t = 0.714
[2023-02-28 16:22:08.971] [info] CMC::computeControls, t = 0.715
[2023-02-28 16:22:08.990] [info] CMC::computeControls, t = 0.716
[2023-02-28 16:22:09.018] [info] CMC::computeControls, t = 0.717
[2023-02-28 16:22:09.050] [info] CMC::computeControls, t = 0.718
[2023-02-28 16:22:09.081] [info] CMC::computeControls, t = 0.719
[2023-02-28 16:22:09.118] [info] CMC::computeControls, t = 0.72
[2023-02-28 16:22:09.142] [info] CMC::computeControls, t = 0.721
[2023-02-28 16:22:09.173] [info] CMC::computeControls, t = 0.722
[2023-02-28 16:22:09.195] [info] CMC::computeControls, t = 0.723
[2023-02-28 16:22:09.219] [info] CMC::computeControls, t = 0.724
[2023-02-28 16:22:09.236] [info] CMC::computeControls, t = 0.725
[2023-02-28 16:22:09.252] [info] CMC::computeControls, t = 0.726
[2023-02-28 16:22:09.281] [info] CMC::computeControls, t = 0.727
[2023-02-28 16:22:09.311] [info] CMC::computeControls, t = 0.728
[2023-02-28 16:22:09.329] [info] CMC::computeControls, t = 0.729
[2023-02-28 16:22:09.345] [info] CMC::computeControls, t = 0.73
[2023-02-28 16:22:09.372] [info] CMC::computeControls, t = 0.731
[2023-02-28 16:22:09.388] [info] CMC::computeControls, t = 0.732
[2023-02-28 16:22:09.414] [info] CMC::computeControls, t = 0.733
[2023-02-28 16:22:09.430] [info] CMC::computeControls, t = 0.734
[2023-02-28 16:22:09.457] [info] CMC::computeControls, t = 0.735
[2023-02-28 16:22:09.473] [info] CMC::computeControls, t = 0.736
[2023-02-28 16:22:09.489] [info] CMC::computeControls, t = 0.737
[2023-02-28 16:22:09.506] [info] CMC::computeControls, t = 0.738
[2023-02-28 16:22:09.523] [info] CMC::computeControls, t = 0.739
[2023-02-28 16:22:09.539] [info] CMC::computeControls, t = 0.74
[2023-02-28 16:22:09.556] [info] CMC::computeControls, t = 0.741
[2023-02-28 16:22:09.573] [info] CMC::computeControls, t = 0.742
[2023-02-28 16:22:09.598] [info] CMC::computeControls, t = 0.743
[2023-02-28 16:22:09.614] [info] CMC::computeControls, t = 0.744
[2023-02-28 16:22:09.630] [info] CMC::computeControls, t = 0.745
[2023-02-28 16:22:09.652] [info] CMC::computeControls, t = 0.746
[2023-02-28 16:22:09.680] [info] CMC::computeControls, t = 0.747
[2023-02-28 16:22:09.696] [info] CMC::computeControls, t = 0.748
[2023-02-28 16:22:09.712] [info] CMC::computeControls, t = 0.749
[2023-02-28 16:22:09.733] [info] CMC::computeControls, t = 0.75
[2023-02-28 16:22:09.748] [info] CMC::computeControls, t = 0.751
[2023-02-28 16:22:09.764] [info] CMC::computeControls, t = 0.752
[2023-02-28 16:22:09.787] [info] CMC::computeControls, t = 0.753
[2023-02-28 16:22:09.802] [info] CMC::computeControls, t = 0.754
[2023-02-28 16:22:09.822] [info] CMC::computeControls, t = 0.755
[2023-02-28 16:22:09.858] [info] CMC::computeControls, t = 0.756
[2023-02-28 16:22:09.875] [info] CMC::computeControls, t = 0.757
[2023-02-28 16:22:09.890] [info] CMC::computeControls, t = 0.758
[2023-02-28 16:22:09.919] [info] CMC::computeControls, t = 0.759
[2023-02-28 16:22:09.945] [info] CMC::computeControls, t = 0.76
[2023-02-28 16:22:09.962] [info] CMC::computeControls, t = 0.761
[2023-02-28 16:22:09.978] [info] CMC::computeControls, t = 0.762
[2023-02-28 16:22:10.002] [info] CMC::computeControls, t = 0.763
[2023-02-28 16:22:10.020] [info] CMC::computeControls, t = 0.764
[2023-02-28 16:22:10.037] [info] CMC::computeControls, t = 0.765
[2023-02-28 16:22:10.064] [info] CMC::computeControls, t = 0.766
[2023-02-28 16:22:10.101] [info] CMC::computeControls, t = 0.767
[2023-02-28 16:22:10.122] [info] CMC::computeControls, t = 0.768
[2023-02-28 16:22:10.138] [info] CMC::computeControls, t = 0.769
[2023-02-28 16:22:10.164] [info] CMC::computeControls, t = 0.77
[2023-02-28 16:22:10.192] [info] CMC::computeControls, t = 0.771
[2023-02-28 16:22:10.218] [info] CMC::computeControls, t = 0.772
[2023-02-28 16:22:10.236] [info] CMC::computeControls, t = 0.773
[2023-02-28 16:22:10.256] [info] CMC::computeControls, t = 0.774
[2023-02-28 16:22:10.281] [info] CMC::computeControls, t = 0.775
[2023-02-28 16:22:10.307] [info] CMC::computeControls, t = 0.776
[2023-02-28 16:22:10.325] [info] CMC::computeControls, t = 0.777
[2023-02-28 16:22:10.351] [info] CMC::computeControls, t = 0.778
[2023-02-28 16:22:10.382] [info] CMC::computeControls, t = 0.779
[2023-02-28 16:22:10.409] [info] CMC::computeControls, t = 0.78
[2023-02-28 16:22:10.426] [info] CMC::computeControls, t = 0.781
[2023-02-28 16:22:10.444] [info] CMC::computeControls, t = 0.782
[2023-02-28 16:22:10.472] [info] CMC::computeControls, t = 0.783
[2023-02-28 16:22:10.490] [info] CMC::computeControls, t = 0.784
[2023-02-28 16:22:10.506] [info] CMC::computeControls, t = 0.785
[2023-02-28 16:22:10.535] [info] CMC::computeControls, t = 0.786
[2023-02-28 16:22:10.556] [info] CMC::computeControls, t = 0.787
[2023-02-28 16:22:10.584] [info] CMC::computeControls, t = 0.788
[2023-02-28 16:22:10.603] [info] CMC::computeControls, t = 0.789
[2023-02-28 16:22:10.619] [info] CMC::computeControls, t = 0.79
[2023-02-28 16:22:10.641] [info] CMC::computeControls, t = 0.791
[2023-02-28 16:22:10.662] [info] CMC::computeControls, t = 0.792
[2023-02-28 16:22:10.690] [info] CMC::computeControls, t = 0.793
[2023-02-28 16:22:10.713] [info] CMC::computeControls, t = 0.794
[2023-02-28 16:22:10.731] [info] CMC::computeControls, t = 0.795
[2023-02-28 16:22:10.747] [info] CMC::computeControls, t = 0.796
[2023-02-28 16:22:10.766] [info] CMC::computeControls, t = 0.797
[2023-02-28 16:22:10.790] [info] CMC::computeControls, t = 0.798
[2023-02-28 16:22:10.810] [info] CMC::computeControls, t = 0.799
[2023-02-28 16:22:10.826] [info] CMC::computeControls, t = 0.8
[2023-02-28 16:22:10.857] [info] CMC::computeControls, t = 0.801000
[2023-02-28 16:22:10.882] [info] CMC::computeControls, t = 0.802000
[2023-02-28 16:22:10.914] [info] CMC::computeControls, t = 0.803000
[2023-02-28 16:22:10.949] [info] CMC::computeControls, t = 0.804000
[2023-02-28 16:22:10.981] [info] CMC::computeControls, t = 0.805000
[2023-02-28 16:22:11.019] [info] CMC::computeControls, t = 0.806000
[2023-02-28 16:22:11.050] [info] CMC::computeControls, t = 0.807000
[2023-02-28 16:22:11.065] [info] CMC::computeControls, t = 0.808000
[2023-02-28 16:22:11.087] [info] CMC::computeControls, t = 0.809000
[2023-02-28 16:22:11.103] [info] CMC::computeControls, t = 0.81
[2023-02-28 16:22:11.134] [info] CMC::computeControls, t = 0.811
[2023-02-28 16:22:11.151] [info] CMC::computeControls, t = 0.812
[2023-02-28 16:22:11.167] [info] CMC::computeControls, t = 0.813
[2023-02-28 16:22:11.183] [info] CMC::computeControls, t = 0.814
[2023-02-28 16:22:11.199] [info] CMC::computeControls, t = 0.815
[2023-02-28 16:22:11.216] [info] CMC::computeControls, t = 0.816
[2023-02-28 16:22:11.240] [info] CMC::computeControls, t = 0.817
[2023-02-28 16:22:11.268] [info] CMC::computeControls, t = 0.818
[2023-02-28 16:22:11.284] [info] CMC::computeControls, t = 0.819
[2023-02-28 16:22:11.300] [info] CMC::computeControls, t = 0.82
[2023-02-28 16:22:11.326] [info] CMC::computeControls, t = 0.821
[2023-02-28 16:22:11.356] [info] CMC::computeControls, t = 0.822
[2023-02-28 16:22:11.387] [info] CMC::computeControls, t = 0.823
[2023-02-28 16:22:11.418] [info] CMC::computeControls, t = 0.824
[2023-02-28 16:22:11.441] [info] CMC::computeControls, t = 0.825
[2023-02-28 16:22:11.481] [info] CMC::computeControls, t = 0.826
[2023-02-28 16:22:11.512] [info] CMC::computeControls, t = 0.827
[2023-02-28 16:22:11.545] [info] CMC::computeControls, t = 0.828
[2023-02-28 16:22:11.569] [info] CMC::computeControls, t = 0.829
[2023-02-28 16:22:11.595] [info] CMC::computeControls, t = 0.83
[2023-02-28 16:22:11.627] [info] CMC::computeControls, t = 0.831
[2023-02-28 16:22:11.668] [info] CMC::computeControls, t = 0.832
[2023-02-28 16:22:11.703] [info] CMC::computeControls, t = 0.833
[2023-02-28 16:22:11.728] [info] CMC::computeControls, t = 0.834
[2023-02-28 16:22:11.744] [info] CMC::computeControls, t = 0.835
[2023-02-28 16:22:11.770] [info] CMC::computeControls, t = 0.836
[2023-02-28 16:22:11.788] [info] CMC::computeControls, t = 0.837
[2023-02-28 16:22:11.817] [info] CMC::computeControls, t = 0.838
[2023-02-28 16:22:11.847] [info] CMC::computeControls, t = 0.839
[2023-02-28 16:22:11.889] [info] CMC::computeControls, t = 0.84
[2023-02-28 16:22:11.919] [info] CMC::computeControls, t = 0.841
[2023-02-28 16:22:11.960] [info] CMC::computeControls, t = 0.842
[2023-02-28 16:22:11.990] [info] CMC::computeControls, t = 0.843
[2023-02-28 16:22:12.022] [info] CMC::computeControls, t = 0.844
[2023-02-28 16:22:12.040] [info] CMC::computeControls, t = 0.845
[2023-02-28 16:22:12.056] [info] CMC::computeControls, t = 0.846
[2023-02-28 16:22:12.072] [info] CMC::computeControls, t = 0.847
[2023-02-28 16:22:12.089] [info] CMC::computeControls, t = 0.848
[2023-02-28 16:22:12.115] [info] CMC::computeControls, t = 0.849
[2023-02-28 16:22:12.139] [info] CMC::computeControls, t = 0.85
[2023-02-28 16:22:12.154] [info] CMC::computeControls, t = 0.851
[2023-02-28 16:22:12.170] [info] CMC::computeControls, t = 0.852
[2023-02-28 16:22:12.197] [info] CMC::computeControls, t = 0.853
[2023-02-28 16:22:12.214] [info] CMC::computeControls, t = 0.854
[2023-02-28 16:22:12.231] [info] CMC::computeControls, t = 0.855
[2023-02-28 16:22:12.247] [info] CMC::computeControls, t = 0.856
[2023-02-28 16:22:12.264] [info] CMC::computeControls, t = 0.857
[2023-02-28 16:22:12.289] [info] CMC::computeControls, t = 0.858
[2023-02-28 16:22:12.317] [info] CMC::computeControls, t = 0.859
[2023-02-28 16:22:12.345] [info] CMC::computeControls, t = 0.86
[2023-02-28 16:22:12.368] [info] CMC::computeControls, t = 0.861
[2023-02-28 16:22:12.384] [info] CMC::computeControls, t = 0.862
[2023-02-28 16:22:12.409] [info] CMC::computeControls, t = 0.863
[2023-02-28 16:22:12.425] [info] CMC::computeControls, t = 0.864
[2023-02-28 16:22:12.445] [info] CMC::computeControls, t = 0.865
[2023-02-28 16:22:12.470] [info] CMC::computeControls, t = 0.866
[2023-02-28 16:22:12.486] [info] CMC::computeControls, t = 0.867
[2023-02-28 16:22:12.502] [info] CMC::computeControls, t = 0.868
[2023-02-28 16:22:12.518] [info] CMC::computeControls, t = 0.869
[2023-02-28 16:22:12.546] [info] CMC::computeControls, t = 0.87
[2023-02-28 16:22:12.578] [info] CMC::computeControls, t = 0.871
[2023-02-28 16:22:12.616] [info] CMC::computeControls, t = 0.872
[2023-02-28 16:22:12.649] [info] CMC::computeControls, t = 0.873
[2023-02-28 16:22:12.672] [info] CMC::computeControls, t = 0.874
[2023-02-28 16:22:12.688] [info] CMC::computeControls, t = 0.875
[2023-02-28 16:22:12.719] [info] CMC::computeControls, t = 0.876
[2023-02-28 16:22:12.753] [info] CMC::computeControls, t = 0.877
[2023-02-28 16:22:12.776] [info] CMC::computeControls, t = 0.878
[2023-02-28 16:22:12.794] [info] CMC::computeControls, t = 0.879
[2023-02-28 16:22:12.816] [info] CMC::computeControls, t = 0.88
[2023-02-28 16:22:12.841] [info] CMC::computeControls, t = 0.881
[2023-02-28 16:22:12.861] [info] CMC::computeControls, t = 0.882
[2023-02-28 16:22:12.882] [info] CMC::computeControls, t = 0.883
[2023-02-28 16:22:12.900] [info] CMC::computeControls, t = 0.884
[2023-02-28 16:22:12.923] [info] CMC::computeControls, t = 0.885
[2023-02-28 16:22:12.947] [info] CMC::computeControls, t = 0.886
[2023-02-28 16:22:12.973] [info] CMC::computeControls, t = 0.887
[2023-02-28 16:22:12.993] [info] CMC::computeControls, t = 0.888
[2023-02-28 16:22:13.009] [info] CMC::computeControls, t = 0.889
[2023-02-28 16:22:13.035] [info] CMC::computeControls, t = 0.89
[2023-02-28 16:22:13.059] [info] CMC::computeControls, t = 0.891
[2023-02-28 16:22:13.075] [info] CMC::computeControls, t = 0.892
[2023-02-28 16:22:13.102] [info] CMC::computeControls, t = 0.893
[2023-02-28 16:22:13.125] [info] CMC::computeControls, t = 0.894
[2023-02-28 16:22:13.166] [info] CMC::computeControls, t = 0.895
[2023-02-28 16:22:13.194] [info] CMC::computeControls, t = 0.896
[2023-02-28 16:22:13.214] [info] CMC::computeControls, t = 0.897
[2023-02-28 16:22:13.237] [info] CMC::computeControls, t = 0.898
[2023-02-28 16:22:13.270] [info] CMC::computeControls, t = 0.899
[2023-02-28 16:22:13.286] [info] CMC::computeControls, t = 0.9
[2023-02-28 16:22:13.310] [info] CMC::computeControls, t = 0.901000
[2023-02-28 16:22:13.326] [info] CMC::computeControls, t = 0.902000
[2023-02-28 16:22:13.352] [info] CMC::computeControls, t = 0.903000
[2023-02-28 16:22:13.375] [info] CMC::computeControls, t = 0.904000
[2023-02-28 16:22:13.391] [info] CMC::computeControls, t = 0.905000
[2023-02-28 16:22:13.422] [info] CMC::computeControls, t = 0.906000
[2023-02-28 16:22:13.455] [info] CMC::computeControls, t = 0.907000
[2023-02-28 16:22:13.474] [info] CMC::computeControls, t = 0.908000
[2023-02-28 16:22:13.492] [info] CMC::computeControls, t = 0.909000
[2023-02-28 16:22:13.510] [info] CMC::computeControls, t = 0.91
[2023-02-28 16:22:13.529] [info] CMC::computeControls, t = 0.911
[2023-02-28 16:22:13.547] [info] CMC::computeControls, t = 0.912
[2023-02-28 16:22:13.563] [info] CMC::computeControls, t = 0.913
[2023-02-28 16:22:13.580] [info] CMC::computeControls, t = 0.914
[2023-02-28 16:22:13.597] [info] CMC::computeControls, t = 0.915
[2023-02-28 16:22:13.614] [info] CMC::computeControls, t = 0.916
[2023-02-28 16:22:13.631] [info] CMC::computeControls, t = 0.917
[2023-02-28 16:22:13.648] [info] CMC::computeControls, t = 0.918
[2023-02-28 16:22:13.665] [info] CMC::computeControls, t = 0.919
[2023-02-28 16:22:13.683] [info] CMC::computeControls, t = 0.92
[2023-02-28 16:22:13.700] [info] CMC::computeControls, t = 0.921
[2023-02-28 16:22:13.717] [info] CMC::computeControls, t = 0.922
[2023-02-28 16:22:13.734] [info] CMC::computeControls, t = 0.923
[2023-02-28 16:22:13.751] [info] CMC::computeControls, t = 0.924
[2023-02-28 16:22:13.768] [info] CMC::computeControls, t = 0.925
[2023-02-28 16:22:13.786] [info] CMC::computeControls, t = 0.926
[2023-02-28 16:22:13.803] [info] CMC::computeControls, t = 0.927
[2023-02-28 16:22:13.820] [info] CMC::computeControls, t = 0.928
[2023-02-28 16:22:13.835] [info] CMC::computeControls, t = 0.929
[2023-02-28 16:22:13.851] [info] CMC::computeControls, t = 0.93
[2023-02-28 16:22:13.868] [info] CMC::computeControls, t = 0.931
[2023-02-28 16:22:13.885] [info] CMC::computeControls, t = 0.932
[2023-02-28 16:22:13.901] [info] CMC::computeControls, t = 0.933
[2023-02-28 16:22:13.918] [info] CMC::computeControls, t = 0.934
[2023-02-28 16:22:13.935] [info] CMC::computeControls, t = 0.935
[2023-02-28 16:22:13.951] [info] CMC::computeControls, t = 0.936
[2023-02-28 16:22:13.969] [info] CMC::computeControls, t = 0.937
[2023-02-28 16:22:13.986] [info] CMC::computeControls, t = 0.938
[2023-02-28 16:22:14.002] [info] CMC::computeControls, t = 0.939
[2023-02-28 16:22:14.018] [info] CMC::computeControls, t = 0.94
[2023-02-28 16:22:14.034] [info] CMC::computeControls, t = 0.941
[2023-02-28 16:22:14.051] [info] CMC::computeControls, t = 0.942
[2023-02-28 16:22:14.067] [info] CMC::computeControls, t = 0.943
[2023-02-28 16:22:14.082] [info] CMC::computeControls, t = 0.944
[2023-02-28 16:22:14.101] [info] CMC::computeControls, t = 0.945
[2023-02-28 16:22:14.118] [info] CMC::computeControls, t = 0.946
[2023-02-28 16:22:14.135] [info] CMC::computeControls, t = 0.947
[2023-02-28 16:22:14.151] [info] CMC::computeControls, t = 0.948
[2023-02-28 16:22:14.167] [info] CMC::computeControls, t = 0.949
[2023-02-28 16:22:14.182] [info] CMC::computeControls, t = 0.95
[2023-02-28 16:22:14.198] [info] CMC::computeControls, t = 0.951
[2023-02-28 16:22:14.215] [info] CMC::computeControls, t = 0.952
[2023-02-28 16:22:14.233] [info] CMC::computeControls, t = 0.953
[2023-02-28 16:22:14.249] [info] CMC::computeControls, t = 0.954
[2023-02-28 16:22:14.265] [info] CMC::computeControls, t = 0.955
[2023-02-28 16:22:14.281] [info] CMC::computeControls, t = 0.956
[2023-02-28 16:22:14.298] [info] CMC::computeControls, t = 0.957
[2023-02-28 16:22:14.314] [info] CMC::computeControls, t = 0.958
[2023-02-28 16:22:14.329] [info] CMC::computeControls, t = 0.959
[2023-02-28 16:22:14.345] [info] CMC::computeControls, t = 0.96
[2023-02-28 16:22:14.361] [info] CMC::computeControls, t = 0.961
[2023-02-28 16:22:14.379] [info] CMC::computeControls, t = 0.962
[2023-02-28 16:22:14.396] [info] CMC::computeControls, t = 0.963
[2023-02-28 16:22:14.413] [info] CMC::computeControls, t = 0.964
[2023-02-28 16:22:14.430] [info] CMC::computeControls, t = 0.965
[2023-02-28 16:22:14.446] [info] CMC::computeControls, t = 0.966
[2023-02-28 16:22:14.463] [info] CMC::computeControls, t = 0.967
[2023-02-28 16:22:14.480] [info] CMC::computeControls, t = 0.968
[2023-02-28 16:22:14.497] [info] CMC::computeControls, t = 0.969
[2023-02-28 16:22:14.514] [info] CMC::computeControls, t = 0.97
[2023-02-28 16:22:14.531] [info] CMC::computeControls, t = 0.971
[2023-02-28 16:22:14.548] [info] CMC::computeControls, t = 0.972
[2023-02-28 16:22:14.566] [info] CMC::computeControls, t = 0.973
[2023-02-28 16:22:14.583] [info] CMC::computeControls, t = 0.974
[2023-02-28 16:22:14.600] [info] CMC::computeControls, t = 0.975
[2023-02-28 16:22:14.625] [info] CMC::computeControls, t = 0.976
[2023-02-28 16:22:14.649] [info] CMC::computeControls, t = 0.977
[2023-02-28 16:22:14.665] [info] CMC::computeControls, t = 0.978
[2023-02-28 16:22:14.684] [info] CMC::computeControls, t = 0.979
[2023-02-28 16:22:14.700] [info] CMC::computeControls, t = 0.98
[2023-02-28 16:22:14.716] [info] CMC::computeControls, t = 0.981
[2023-02-28 16:22:14.733] [info] CMC::computeControls, t = 0.982
[2023-02-28 16:22:14.749] [info] CMC::computeControls, t = 0.983
[2023-02-28 16:22:14.773] [info] CMC::computeControls, t = 0.984
[2023-02-28 16:22:14.789] [info] CMC::computeControls, t = 0.985
[2023-02-28 16:22:14.805] [info] CMC::computeControls, t = 0.986
[2023-02-28 16:22:14.821] [info] CMC::computeControls, t = 0.987
[2023-02-28 16:22:14.836] [info] CMC::computeControls, t = 0.988
[2023-02-28 16:22:14.852] [info] CMC::computeControls, t = 0.989
[2023-02-28 16:22:14.872] [info] CMC::computeControls, t = 0.99
[2023-02-28 16:22:14.888] [info] CMC::computeControls, t = 0.991
[2023-02-28 16:22:14.905] [info] CMC::computeControls, t = 0.992
[2023-02-28 16:22:14.922] [info] CMC::computeControls, t = 0.993
[2023-02-28 16:22:14.939] [info] CMC::computeControls, t = 0.994
[2023-02-28 16:22:14.956] [info] CMC::computeControls, t = 0.995
[2023-02-28 16:22:14.975] [info] CMC::computeControls, t = 0.996
[2023-02-28 16:22:14.994] [info] CMC::computeControls, t = 0.997
[2023-02-28 16:22:15.013] [info] CMC::computeControls, t = 0.998
[2023-02-28 16:22:15.031] [info] CMC::computeControls, t = 0.999
[2023-02-28 16:22:15.050] [info] CMC::computeControls, t = 1.0
[2023-02-28 16:22:15.072] [info] CMC::computeControls, t = 1.00100
[2023-02-28 16:22:15.090] [info] CMC::computeControls, t = 1.00200
[2023-02-28 16:22:15.107] [info] CMC::computeControls, t = 1.00300
[2023-02-28 16:22:15.124] [info] CMC::computeControls, t = 1.00400
[2023-02-28 16:22:15.141] [info] CMC::computeControls, t = 1.00500
[2023-02-28 16:22:15.158] [info] CMC::computeControls, t = 1.00600
[2023-02-28 16:22:15.175] [info] CMC::computeControls, t = 1.00700
[2023-02-28 16:22:15.192] [info] CMC::computeControls, t = 1.00800
[2023-02-28 16:22:15.209] [info] CMC::computeControls, t = 1.00900
[2023-02-28 16:22:15.226] [info] CMC::computeControls, t = 1.01
[2023-02-28 16:22:15.241] [info] CMC::computeControls, t = 1.011
[2023-02-28 16:22:15.256] [info] CMC::computeControls, t = 1.012
[2023-02-28 16:22:15.272] [info] CMC::computeControls, t = 1.013
[2023-02-28 16:22:15.288] [info] CMC::computeControls, t = 1.014
[2023-02-28 16:22:15.304] [info] CMC::computeControls, t = 1.015
[2023-02-28 16:22:15.319] [info] CMC::computeControls, t = 1.016
[2023-02-28 16:22:15.336] [info] CMC::computeControls, t = 1.017
[2023-02-28 16:22:15.351] [info] CMC::computeControls, t = 1.018
[2023-02-28 16:22:15.367] [info] CMC::computeControls, t = 1.019
[2023-02-28 16:22:15.383] [info] CMC::computeControls, t = 1.02
[2023-02-28 16:22:15.402] [info] CMC::computeControls, t = 1.021
[2023-02-28 16:22:15.417] [info] CMC::computeControls, t = 1.022
[2023-02-28 16:22:15.433] [info] CMC::computeControls, t = 1.023
[2023-02-28 16:22:15.449] [info] CMC::computeControls, t = 1.024
[2023-02-28 16:22:15.465] [info] CMC::computeControls, t = 1.025
[2023-02-28 16:22:15.482] [info] CMC::computeControls, t = 1.026
[2023-02-28 16:22:15.499] [info] CMC::computeControls, t = 1.027
[2023-02-28 16:22:15.515] [info] CMC::computeControls, t = 1.028
[2023-02-28 16:22:15.533] [info] CMC::computeControls, t = 1.029
[2023-02-28 16:22:15.550] [info] CMC::computeControls, t = 1.03
[2023-02-28 16:22:15.567] [info] CMC::computeControls, t = 1.031
[2023-02-28 16:22:15.585] [info] CMC::computeControls, t = 1.032
[2023-02-28 16:22:15.601] [info] CMC::computeControls, t = 1.033
[2023-02-28 16:22:15.619] [info] CMC::computeControls, t = 1.034
[2023-02-28 16:22:15.637] [info] CMC::computeControls, t = 1.035
[2023-02-28 16:22:15.654] [info] CMC::computeControls, t = 1.036
[2023-02-28 16:22:15.672] [info] CMC::computeControls, t = 1.037
[2023-02-28 16:22:15.689] [info] CMC::computeControls, t = 1.038
[2023-02-28 16:22:15.706] [info] CMC::computeControls, t = 1.039
[2023-02-28 16:22:15.724] [info] CMC::computeControls, t = 1.04
[2023-02-28 16:22:15.741] [info] CMC::computeControls, t = 1.041
[2023-02-28 16:22:15.759] [info] CMC::computeControls, t = 1.042
[2023-02-28 16:22:15.777] [info] CMC::computeControls, t = 1.043
[2023-02-28 16:22:15.795] [info] CMC::computeControls, t = 1.044
[2023-02-28 16:22:15.812] [info] CMC::computeControls, t = 1.045
[2023-02-28 16:22:15.831] [info] CMC::computeControls, t = 1.046
[2023-02-28 16:22:15.850] [info] CMC::computeControls, t = 1.047
[2023-02-28 16:22:15.868] [info] CMC::computeControls, t = 1.048
[2023-02-28 16:22:15.886] [info] CMC::computeControls, t = 1.049
[2023-02-28 16:22:15.903] [info] CMC::computeControls, t = 1.05
[2023-02-28 16:22:15.921] [info] CMC::computeControls, t = 1.051
[2023-02-28 16:22:15.938] [info] CMC::computeControls, t = 1.052
[2023-02-28 16:22:15.955] [info] CMC::computeControls, t = 1.053
[2023-02-28 16:22:15.975] [info] CMC::computeControls, t = 1.054
[2023-02-28 16:22:15.992] [info] CMC::computeControls, t = 1.055
[2023-02-28 16:22:16.009] [info] CMC::computeControls, t = 1.056
[2023-02-28 16:22:16.027] [info] CMC::computeControls, t = 1.057
[2023-02-28 16:22:16.045] [info] CMC::computeControls, t = 1.058
[2023-02-28 16:22:16.063] [info] CMC::computeControls, t = 1.059
[2023-02-28 16:22:16.081] [info] CMC::computeControls, t = 1.06
[2023-02-28 16:22:16.099] [info] CMC::computeControls, t = 1.061
[2023-02-28 16:22:16.116] [info] CMC::computeControls, t = 1.062
[2023-02-28 16:22:16.134] [info] CMC::computeControls, t = 1.063
[2023-02-28 16:22:16.151] [info] CMC::computeControls, t = 1.064
[2023-02-28 16:22:16.169] [info] CMC::computeControls, t = 1.065
[2023-02-28 16:22:16.187] [info] CMC::computeControls, t = 1.066
[2023-02-28 16:22:16.205] [info] CMC::computeControls, t = 1.067
[2023-02-28 16:22:16.223] [info] CMC::computeControls, t = 1.068
[2023-02-28 16:22:16.241] [info] CMC::computeControls, t = 1.069
[2023-02-28 16:22:16.259] [info] CMC::computeControls, t = 1.07
[2023-02-28 16:22:16.277] [info] CMC::computeControls, t = 1.071
[2023-02-28 16:22:16.297] [info] CMC::computeControls, t = 1.072
[2023-02-28 16:22:16.323] [info] CMC::computeControls, t = 1.073
[2023-02-28 16:22:16.344] [info] CMC::computeControls, t = 1.074
[2023-02-28 16:22:16.368] [info] CMC::computeControls, t = 1.075
[2023-02-28 16:22:16.391] [info] CMC::computeControls, t = 1.076
[2023-02-28 16:22:16.411] [info] CMC::computeControls, t = 1.077
[2023-02-28 16:22:16.430] [info] CMC::computeControls, t = 1.078
[2023-02-28 16:22:16.448] [info] CMC::computeControls, t = 1.079
[2023-02-28 16:22:16.466] [info] CMC::computeControls, t = 1.08
[2023-02-28 16:22:16.484] [info] CMC::computeControls, t = 1.081
[2023-02-28 16:22:16.501] [info] CMC::computeControls, t = 1.082
[2023-02-28 16:22:16.519] [info] CMC::computeControls, t = 1.083
[2023-02-28 16:22:16.536] [info] CMC::computeControls, t = 1.084
[2023-02-28 16:22:16.553] [info] CMC::computeControls, t = 1.085
[2023-02-28 16:22:16.570] [info] CMC::computeControls, t = 1.086
[2023-02-28 16:22:16.588] [info] CMC::computeControls, t = 1.087
[2023-02-28 16:22:16.605] [info] CMC::computeControls, t = 1.088
[2023-02-28 16:22:16.622] [info] CMC::computeControls, t = 1.089
[2023-02-28 16:22:16.640] [info] CMC::computeControls, t = 1.09
[2023-02-28 16:22:16.657] [info] CMC::computeControls, t = 1.091
[2023-02-28 16:22:16.674] [info] CMC::computeControls, t = 1.092
[2023-02-28 16:22:16.691] [info] CMC::computeControls, t = 1.093
[2023-02-28 16:22:16.708] [info] CMC::computeControls, t = 1.094
[2023-02-28 16:22:16.725] [info] CMC::computeControls, t = 1.095
[2023-02-28 16:22:16.740] [info] CMC::computeControls, t = 1.096
[2023-02-28 16:22:16.756] [info] CMC::computeControls, t = 1.097
[2023-02-28 16:22:16.778] [info] CMC::computeControls, t = 1.098
[2023-02-28 16:22:16.795] [info] CMC::computeControls, t = 1.099
[2023-02-28 16:22:16.811] [info] CMC::computeControls, t = 1.1
[2023-02-28 16:22:16.828] [info] CMC::computeControls, t = 1.10100
[2023-02-28 16:22:16.846] [info] CMC::computeControls, t = 1.10200
[2023-02-28 16:22:16.863] [info] CMC::computeControls, t = 1.10300
[2023-02-28 16:22:16.880] [info] CMC::computeControls, t = 1.10400
[2023-02-28 16:22:16.897] [info] CMC::computeControls, t = 1.10500
[2023-02-28 16:22:16.914] [info] CMC::computeControls, t = 1.10600
[2023-02-28 16:22:16.931] [info] CMC::computeControls, t = 1.10700
[2023-02-28 16:22:16.949] [info] CMC::computeControls, t = 1.10800
[2023-02-28 16:22:16.965] [info] CMC::computeControls, t = 1.10900
[2023-02-28 16:22:16.982] [info] CMC::computeControls, t = 1.11
[2023-02-28 16:22:17.002] [info] CMC::computeControls, t = 1.111
[2023-02-28 16:22:17.020] [info] CMC::computeControls, t = 1.112
[2023-02-28 16:22:17.037] [info] CMC::computeControls, t = 1.113
[2023-02-28 16:22:17.052] [info] CMC::computeControls, t = 1.114
[2023-02-28 16:22:17.068] [info] CMC::computeControls, t = 1.115
[2023-02-28 16:22:17.084] [info] CMC::computeControls, t = 1.116
[2023-02-28 16:22:17.100] [info] CMC::computeControls, t = 1.117
[2023-02-28 16:22:17.116] [info] CMC::computeControls, t = 1.118
[2023-02-28 16:22:17.133] [info] CMC::computeControls, t = 1.119
[2023-02-28 16:22:17.148] [info] CMC::computeControls, t = 1.12
[2023-02-28 16:22:17.164] [info] CMC::computeControls, t = 1.121
[2023-02-28 16:22:17.180] [info] CMC::computeControls, t = 1.122
[2023-02-28 16:22:17.196] [info] CMC::computeControls, t = 1.123
[2023-02-28 16:22:17.212] [info] CMC::computeControls, t = 1.124
[2023-02-28 16:22:17.227] [info] CMC::computeControls, t = 1.125
[2023-02-28 16:22:17.242] [info] CMC::computeControls, t = 1.126
[2023-02-28 16:22:17.259] [info] CMC::computeControls, t = 1.127
[2023-02-28 16:22:17.274] [info] CMC::computeControls, t = 1.128
[2023-02-28 16:22:17.290] [info] CMC::computeControls, t = 1.129
[2023-02-28 16:22:17.306] [info] CMC::computeControls, t = 1.13
[2023-02-28 16:22:17.321] [info] CMC::computeControls, t = 1.131
[2023-02-28 16:22:17.337] [info] CMC::computeControls, t = 1.132
[2023-02-28 16:22:17.354] [info] CMC::computeControls, t = 1.133
[2023-02-28 16:22:17.370] [info] CMC::computeControls, t = 1.134
[2023-02-28 16:22:17.400] [info] CMC::computeControls, t = 1.135
[2023-02-28 16:22:17.418] [info] CMC::computeControls, t = 1.136
[2023-02-28 16:22:17.436] [info] CMC::computeControls, t = 1.137
[2023-02-28 16:22:17.455] [info] CMC::computeControls, t = 1.138
[2023-02-28 16:22:17.473] [info] CMC::computeControls, t = 1.139
[2023-02-28 16:22:17.491] [info] CMC::computeControls, t = 1.14
[2023-02-28 16:22:17.511] [info] CMC::computeControls, t = 1.141
[2023-02-28 16:22:17.532] [info] CMC::computeControls, t = 1.142
[2023-02-28 16:22:17.551] [info] -------------------------------------------
[2023-02-28 16:22:17.551] [info] Finished tracking the specified kinematics:
[2023-02-28 16:22:17.551] [info] -------------------------------------------
[2023-02-28 16:22:17.551] [info]  -- Start time = Tue Feb 28 16:22:04 2023
[2023-02-28 16:22:17.551] [info]  -- Finish time = Tue Feb 28 16:22:17 2023
[2023-02-28 16:22:17.551] [info]  -- Elapsed time = 13.0 seconds.
[2023-02-28 16:22:17.551] [info] -------------------------------------------
[2023-02-28 16:22:17.552] [info] 
[2023-02-28 16:22:17.552] [info] Printing results of investigation subject01_run5_cycle1 to cycle1/
[2023-02-28 16:22:17.870] [info] 

************************************************************
*      Summary of Mass Adjustments to Reduce Residuals     *
************************************************************
* Body adjusted: torso
* Mass Center (COM) adjustment: dx =-0.0491128, dz =-0.00804794
* New COM location: ~[0.0182887,0.32879,0.00804794]
************************************************************
* Recommended mass adjustments:                             
*  Total mass change: 0.69608
*  pelvis: orig mass = 11.4128, new mass = 11.5218
*  femur_r: orig mass = 9.01374, new mass = 9.09988
*  tibia_r: orig mass = 3.59284, new mass = 3.62717
*  talus_r: orig mass = 0.0969073, new mass = 0.0978334
*  calcn_r: orig mass = 1.21134, new mass = 1.22292
*  toes_r: orig mass = 0.209901, new mass = 0.211907
*  femur_l: orig mass = 9.01374, new mass = 9.09988
*  tibia_l: orig mass = 3.59284, new mass = 3.62717
*  talus_l: orig mass = 0.0969073, new mass = 0.0978334
*  calcn_l: orig mass = 1.21134, new mass = 1.22292
*  toes_l: orig mass = 0.209901, new mass = 0.211907
*  torso: orig mass = 25.9969, new mass = 26.2454
*  humerus_r: orig mass = 1.96964, new mass = 1.98846
*  ulna_r: orig mass = 0.588712, new mass = 0.594338
*  radius_r: orig mass = 0.588712, new mass = 0.594338
*  hand_r: orig mass = 0.443351, new mass = 0.447588
*  humerus_l: orig mass = 1.96964, new mass = 1.98846
*  ulna_l: orig mass = 0.588712, new mass = 0.594338
*  radius_l: orig mass = 0.588712, new mass = 0.594338
*  hand_l: orig mass = 0.443351, new mass = 0.447588
************************************************************
* Note: Edit the model to make recommended adjustments to  *
*       mass properties.                                   *
************************************************************

* Average residuals before adjusting torso COM:
*  FX=-2.31174 FY=-6.82622 FZ=0.589913
*  MX=2.05176 MY=-2.3378 MZ=-12.521
************************************************************
* Average residuals after adjusting torso COM:
*  FX=-2.81974 FY=-7.42955 FZ=2.00802
*  MX=2.67749 MY=-3.6316 MZ=-0.273235
************************************************************


[2023-02-28 16:22:17.870] [info] 
************************************************************
*                   Final Average Residuals                *
************************************************************
* After torso COM and Kinematics adjustments:
*  FX=4.47007 FY=-2.27908 FZ=-0.35397
*  MX=-3.22104 MY=-3.06453 MZ=6.47407
************************************************************


